#
# A fatal error has been detected by the Java Runtime Environment:
#
#  SIGSEGV (0xb) at pc=0x00007fff6960f81d, pid=1055, tid=0x0000000000000307
#
# JRE version: Java(TM) SE Runtime Environment (8.0_251-b08) (build 1.8.0_251-b08)
# Java VM: Java HotSpot(TM) 64-Bit Server VM (25.251-b08 mixed mode bsd-amd64 compressed oops)
# Problematic frame:
# C  [libobjc.A.dylib+0x681d]  objc_msgSend+0x1d
#
# Failed to write core dump. Core dumps have been disabled. To enable core dumping, try "ulimit -c unlimited" before starting Java again
#
# If you would like to submit a bug report, please visit:
#   http://bugreport.java.com/bugreport/crash.jsp
# The crash happened outside the Java Virtual Machine in native code.
# See problematic frame for where to report the bug.
#

---------------  T H R E A D  ---------------

Current thread (0x00007fa77f974800):  JavaThread "AWT-AppKit" daemon [_thread_in_native, id=775, stack(0x00007ffee9bcd000,0x00007ffeea3cd000)]

siginfo: si_signo: 11 (SIGSEGV), si_code: 1 (SEGV_MAPERR), si_addr: 0x0000000000000018

Registers:
RAX=0x00007fa7845635b0, RBX=0x0000000194a39450, RCX=0x0000000000000001, RDX=0x0000000000000000
RSP=0x00007ffeea3c83d8, RBP=0x00007ffeea3c8490, RSI=0x00007fff74a5d28e, RDI=0x00007fa7849fc0b0
R8 =0x00000000000000d4, R9 =0x00000000000000d5, R10=0x0000000000000000, R11=0x00007fff74a5d28e
R12=0x0000000000000000, R13=0x00000001998ab6a8, R14=0x0000000194a39440, R15=0x00007fa77f974800
RIP=0x00007fff6960f81d, EFLAGS=0x0000000000010246, ERR=0x0000000000000004
  TRAPNO=0x000000000000000e

Top of Stack: (sp=0x00007ffeea3c83d8)
0x00007ffeea3c83d8:   0000000194a37157 00007ffeea3c8430
0x00007ffeea3c83e8:   0000000000000003 00007ffeea3c8410
0x00007ffeea3c83f8:   0000000106b433ca 00000001998ab6a8
0x00007ffeea3c8408:   00000001998ab6a8 00007fa7845635b0
0x00007ffeea3c8418:   0000000194a396a0 0000000194a39710
0x00007ffeea3c8428:   00007fff88014e98 00007fff89900148
0x00007ffeea3c8438:   0000000194a39450 0000000194a39690
0x00007ffeea3c8448:   00007fa7845635b0 00007fa7849fc0b0
0x00007ffeea3c8458:   00007fa77f154720 00007fa7845635b0
0x00007ffeea3c8468:   00007fa7849fc0b0 00007ffeea3c8510
0x00007ffeea3c8478:   00007fa77f9749f8 00000001998ab6a8
0x00007ffeea3c8488:   00007ffeea3c8538 00007ffeea3c8500
0x00007ffeea3c8498:   000000011212f667 00007ffeea3c8500
0x00007ffeea3c84a8:   000000011212f3b9 00007ffeea3c84f0
0x00007ffeea3c84b8:   000000011212f382 00007ffeea3c84c0
0x00007ffeea3c84c8:   00000001998ab6a8 00007ffeea3c8538
0x00007ffeea3c84d8:   00000001998ace58 0000000000000000
0x00007ffeea3c84e8:   00000001998ab6a8 0000000000000000
0x00007ffeea3c84f8:   00007ffeea3c8520 00007ffeea3c8580
0x00007ffeea3c8508:   000000011211f2bd 00000006c0dcdc80
0x00007ffeea3c8518:   0000000112128d18 00007fa7845635b0
0x00007ffeea3c8528:   000000011212a7b9 00007fa7849fc0b0
0x00007ffeea3c8538:   000000011212a782 00007ffeea3c8540
0x00007ffeea3c8548:   00000001998ab872 00007ffeea3c85a8
0x00007ffeea3c8558:   00000001998ace58 0000000000000000
0x00007ffeea3c8568:   00000001998ab880 00007ffeea3c8520
0x00007ffeea3c8578:   00007ffeea3c8590 00007ffeea3c85f0
0x00007ffeea3c8588:   000000011211f2bd 00007fa7845635b0
0x00007ffeea3c8598:   00000006c0d89e50 00007fa7849fc0b0
0x00007ffeea3c85a8:   00000006c0d89e50 00007ffeea3c85b0
0x00007ffeea3c85b8:   000000019c90810e 00007ffeea3c8600
0x00007ffeea3c85c8:   000000019c9081c8 0000000000000000 

Instructions: (pc=0x00007fff6960f81d)
0x00007fff6960f7fd:   44 00 00 48 85 ff 2e 74 72 40 f6 c7 01 2e 75 76
0x00007fff6960f80d:   49 ba f8 ff ff ff ff 7f 00 00 4c 23 17 49 89 f3
0x00007fff6960f81d:   45 23 5a 18 49 c1 e3 04 4d 03 5a 10 49 3b 33 75
0x00007fff6960f82d:   0a 4d 8b 5b 08 4d 31 d3 41 ff e3 49 83 3b 01 76 

Register to memory mapping:

RAX=0x00007fa7845635b0 is an unknown value
RBX=0x0000000194a39450: Java_jogamp_nativewindow_macosx_OSXUtil_GetScreenRefreshRate0+0x1cf0 in /private/var/folders/wt/6v8wq9rd4kj7s31p3gp7lg880000gn/T/jogamp_0000/file_cache/jln6606285274689929897/jln4235715288815713422/libnativewindow_macosx.jnilib at 0x0000000194a32000
RCX=0x0000000000000001 is an unknown value
RDX=0x0000000000000000 is an unknown value
RSP=0x00007ffeea3c83d8 is pointing into the stack for thread: 0x00007fa77f974800
RBP=0x00007ffeea3c8490 is pointing into the stack for thread: 0x00007fa77f974800
RSI=0x00007fff74a5d28e: GCC_except_table740+0xb4243be in /usr/lib/libobjc.A.dylib at 0x00007fff69609000
RDI=0x00007fa7849fc0b0 is an unknown value
R8 =0x00000000000000d4 is an unknown value
R9 =0x00000000000000d5 is an unknown value
R10=0x0000000000000000 is an unknown value
R11=0x00007fff74a5d28e: GCC_except_table740+0xb4243be in /usr/lib/libobjc.A.dylib at 0x00007fff69609000
R12=0x0000000000000000 is an unknown value
R13={method} {0x00000001998ab6a8} 'UnsetJAWTRootSurfaceLayer0' '(JJ)V' in 'jogamp/nativewindow/jawt/macosx/MacOSXJAWTWindow'
R14=0x0000000194a39440: Java_jogamp_nativewindow_macosx_OSXUtil_GetScreenRefreshRate0+0x1ce0 in /private/var/folders/wt/6v8wq9rd4kj7s31p3gp7lg880000gn/T/jogamp_0000/file_cache/jln6606285274689929897/jln4235715288815713422/libnativewindow_macosx.jnilib at 0x0000000194a32000
R15=0x00007fa77f974800 is a thread


Stack: [0x00007ffee9bcd000,0x00007ffeea3cd000],  sp=0x00007ffeea3c83d8,  free space=8172k
Native frames: (J=compiled Java code, j=interpreted, Vv=VM code, C=native code)
C  [libobjc.A.dylib+0x681d]  objc_msgSend+0x1d
j  jogamp.nativewindow.jawt.macosx.MacOSXJAWTWindow.UnsetJAWTRootSurfaceLayer0(JJ)V+0
j  jogamp.nativewindow.jawt.macosx.MacOSXJAWTWindow.access$200(JJ)V+2
j  jogamp.nativewindow.jawt.macosx.MacOSXJAWTWindow$1.run()V+38
j  com.jogamp.common.util.RunnableTask.run()V+24
v  ~StubRoutines::call_stub
V  [libjvm.dylib+0x2f09b2]
V  [libjvm.dylib+0x327c14]
V  [libjvm.dylib+0x31a3f7]
C  [libnativewindow_macosx.jnilib+0x5326]  Java_jogamp_nativewindow_jawt_macosx_MacOSXJAWTWindow_UnsetJAWTRootSurfaceLayer0+0x2b6
C  [Foundation+0x9b0dd]  __NSThreadPerformPerform+0xcc
C  [CoreFoundation+0x83de2]  __CFRUNLOOP_IS_CALLING_OUT_TO_A_SOURCE0_PERFORM_FUNCTION__+0x11
C  [CoreFoundation+0x83d81]  __CFRunLoopDoSource0+0x67
C  [CoreFoundation+0x83bf7]  __CFRunLoopDoSources0+0x12d
C  [CoreFoundation+0x828ca]  __CFRunLoopRun+0x39f
C  [CoreFoundation+0x81ece]  CFRunLoopRunSpecific+0x1ce
C  [HIToolbox+0x2fabd]  RunCurrentEventLoopInMode+0x124
C  [HIToolbox+0x2f6f4]  ReceiveNextEventCommon+0x167
C  [HIToolbox+0x2f579]  _BlockUntilNextEventMatchingListInModeWithFilter+0x40
C  [AppKit+0x41829]  _DPSNextEvent+0x373
C  [AppKit+0x40070]  -[NSApplication(NSEvent) _nextEventMatchingEventMask:untilDate:inMode:dequeue:]+0x548
C  [libosxapp.dylib+0x2328]  -[NSApplicationAWT nextEventMatchingMask:untilDate:inMode:dequeue:]+0x7c
C  [AppKit+0x31d7e]  -[NSApplication run]+0x292
C  [libosxapp.dylib+0x1f72]  +[NSApplicationAWT runAWTLoopWithApp:]+0x9c
C  [libawt_lwawt.dylib+0x4803b]  -[AWTStarter starter:]+0x389
C  [Foundation+0x9b0dd]  __NSThreadPerformPerform+0xcc
C  [CoreFoundation+0x83de2]  __CFRUNLOOP_IS_CALLING_OUT_TO_A_SOURCE0_PERFORM_FUNCTION__+0x11
C  [CoreFoundation+0x83d81]  __CFRunLoopDoSource0+0x67
C  [CoreFoundation+0x83b9b]  __CFRunLoopDoSources0+0xd1
C  [CoreFoundation+0x828ca]  __CFRunLoopRun+0x39f
C  [CoreFoundation+0x81ece]  CFRunLoopRunSpecific+0x1ce
C  [java+0x646e]  CreateExecutionEnvironment+0x367
C  [java+0x203c]  JLI_Launch+0x7a0
C  [java+0x84cb]  main+0x65
C  [java+0x1894]  start+0x34
C  0x0000000000000007

Java frames: (J=compiled Java code, j=interpreted, Vv=VM code)
j  jogamp.nativewindow.jawt.macosx.MacOSXJAWTWindow.UnsetJAWTRootSurfaceLayer0(JJ)V+0
j  jogamp.nativewindow.jawt.macosx.MacOSXJAWTWindow.access$200(JJ)V+2
j  jogamp.nativewindow.jawt.macosx.MacOSXJAWTWindow$1.run()V+38
j  com.jogamp.common.util.RunnableTask.run()V+24
v  ~StubRoutines::call_stub

---------------  P R O C E S S  ---------------

Java Threads: ( => current thread )
  0x00007fa7801e3000 JavaThread "Thread-19" [_thread_blocked, id=61239, stack(0x000070000d857000,0x000070000d957000)]
  0x00007fa782a8d800 JavaThread "Image Fetcher 2" daemon [_thread_blocked, id=87811, stack(0x000070000df6c000,0x000070000e06c000)]
  0x00007fa77d179000 JavaThread "Image Fetcher 1" daemon [_thread_blocked, id=87299, stack(0x000070000de69000,0x000070000df69000)]
  0x00007fa7801cb800 JavaThread "Image Fetcher 0" daemon [_thread_blocked, id=62211, stack(0x000070000dd66000,0x000070000de66000)]
  0x00007fa787aa3800 JavaThread "Keep-Alive-Timer" daemon [_thread_blocked, id=61443, stack(0x000070000dc63000,0x000070000dd63000)]
  0x00007fa77fa60800 JavaThread "AWT-EventQueue-1" [_thread_blocked, id=68111, stack(0x000070000d6d1000,0x000070000d7d1000)]
  0x00007fa780230800 JavaThread "DestroyJavaVM" [_thread_blocked, id=4355, stack(0x000070000b8eb000,0x000070000b9eb000)]
  0x00007fa78280f800 JavaThread "AWT-EventQueue-0" [_thread_blocked, id=55559, stack(0x000070000d4cb000,0x000070000d5cb000)]
  0x00007fa77f9d5000 JavaThread "Java2D Disposer" daemon [_thread_blocked, id=75283, stack(0x000070000d242000,0x000070000d342000)]
  0x00007fa77e0a4000 JavaThread "Java2D Queue Flusher" daemon [_thread_blocked, id=52743, stack(0x000070000d13f000,0x000070000d23f000)]
  0x00007fa780110800 JavaThread "AWT-Shutdown" [_thread_blocked, id=37915, stack(0x000070000cd2a000,0x000070000ce2a000)]
=>0x00007fa77f974800 JavaThread "AWT-AppKit" daemon [_thread_in_native, id=775, stack(0x00007ffee9bcd000,0x00007ffeea3cd000)]
  0x00007fa77f838800 JavaThread "Service Thread" daemon [_thread_blocked, id=15875, stack(0x000070000cb24000,0x000070000cc24000)]
  0x00007fa77f825800 JavaThread "C1 CompilerThread3" daemon [_thread_blocked, id=14595, stack(0x000070000ca21000,0x000070000cb21000)]
  0x00007fa77f825000 JavaThread "C2 CompilerThread2" daemon [_thread_blocked, id=14339, stack(0x000070000c91e000,0x000070000ca1e000)]
  0x00007fa77f824000 JavaThread "C2 CompilerThread1" daemon [_thread_blocked, id=16643, stack(0x000070000c81b000,0x000070000c91b000)]
  0x00007fa77d808800 JavaThread "C2 CompilerThread0" daemon [_thread_blocked, id=13827, stack(0x000070000c718000,0x000070000c818000)]
  0x00007fa78280b800 JavaThread "Signal Dispatcher" daemon [_thread_blocked, id=16899, stack(0x000070000c615000,0x000070000c715000)]
  0x00007fa780039800 JavaThread "Finalizer" daemon [_thread_blocked, id=12547, stack(0x000070000c40c000,0x000070000c50c000)]
  0x00007fa780036800 JavaThread "Reference Handler" daemon [_thread_blocked, id=12291, stack(0x000070000c309000,0x000070000c409000)]

Other Threads:
  0x00007fa780034000 VMThread [stack: 0x000070000c206000,0x000070000c306000] [id=11779]
  0x00007fa780041800 WatcherThread [stack: 0x000070000cc27000,0x000070000cd27000] [id=15363]

VM state:not at safepoint (normal execution)

VM Mutex/Monitor currently owned by a thread: None

heap address: 0x00000006c0000000, size: 4096 MB, Compressed Oops mode: Zero based, Oop shift amount: 3
Narrow klass base: 0x0000000000000000, Narrow klass shift: 3
Compressed class space size: 1073741824 Address: 0x00000007c0000000

Heap:
 PSYoungGen      total 101376K, used 35095K [0x000000076ab00000, 0x0000000773900000, 0x00000007c0000000)
  eden space 97792K, 32% used [0x000000076ab00000,0x000000076c9e1bc0,0x0000000770a80000)
  from space 3584K, 96% used [0x0000000773580000,0x00000007738e40d0,0x0000000773900000)
  to   space 10752K, 0% used [0x0000000772400000,0x0000000772400000,0x0000000772e80000)
 ParOldGen       total 126464K, used 21231K [0x00000006c0000000, 0x00000006c7b80000, 0x000000076ab00000)
  object space 126464K, 16% used [0x00000006c0000000,0x00000006c14bbfa8,0x00000006c7b80000)
 Metaspace       used 21022K, capacity 21395K, committed 21760K, reserved 1069056K
  class space    used 2114K, capacity 2222K, committed 2304K, reserved 1048576K

Card table byte_map: [0x0000000107d7e000,0x000000010857f000] byte_map_base: 0x000000010477e000

Marking Bits: (ParMarkBitMap*) 0x0000000107300f60
 Begin Bits: [0x0000000108ad5000, 0x000000010cad5000)
 End Bits:   [0x000000010cad5000, 0x0000000110ad5000)

Polling page: 0x00000001058a8000

CodeCache: size=245760Kb used=9290Kb max_used=9297Kb free=236469Kb
 bounds [0x0000000112117000, 0x0000000112a37000, 0x0000000121117000]
 total_blobs=3392 nmethods=2477 adapters=828
 compilation: enabled

Compilation events (10 events):
Event: 4.607 Thread 0x00007fa77d808800 2476  s    4       sun.misc.URLClassPath::getNextLoader (88 bytes)
Event: 4.613 Thread 0x00007fa77d808800 nmethod 2476 0x0000000112a2ead0 code [0x0000000112a2ec40, 0x0000000112a2f3b8]
Event: 4.619 Thread 0x00007fa77f825800 2477       3       java.lang.invoke.MethodType::basicType (8 bytes)
Event: 4.619 Thread 0x00007fa77f825800 nmethod 2477 0x0000000112a2e650 code [0x0000000112a2e7c0, 0x0000000112a2e9b0]
Event: 4.620 Thread 0x00007fa77f825800 2478       3       java.util.IdentityHashMap::hash (18 bytes)
Event: 4.620 Thread 0x00007fa77f825800 nmethod 2478 0x0000000112a33890 code [0x0000000112a33a00, 0x0000000112a33b88]
Event: 4.620 Thread 0x00007fa77f825800 2479       3       java.util.IdentityHashMap::maskNull (12 bytes)
Event: 4.621 Thread 0x00007fa77f825800 nmethod 2479 0x0000000112a33510 code [0x0000000112a33680, 0x0000000112a33810]
Event: 4.621 Thread 0x00007fa77f825800 2481       3       java.lang.invoke.LambdaForm::uncustomize (58 bytes)
Event: 4.621 Thread 0x00007fa77f825800 nmethod 2481 0x0000000112a32d10 code [0x0000000112a32e80, 0x0000000112a33130]

GC Heap History (10 events):
Event: 2.261 GC heap before
{Heap before GC invocations=1 (full 0):
 PSYoungGen      total 76288K, used 65536K [0x000000076ab00000, 0x0000000770000000, 0x00000007c0000000)
  eden space 65536K, 100% used [0x000000076ab00000,0x000000076eb00000,0x000000076eb00000)
  from space 10752K, 0% used [0x000000076f580000,0x000000076f580000,0x0000000770000000)
  to   space 10752K, 0% used [0x000000076eb00000,0x000000076eb00000,0x000000076f580000)
 ParOldGen       total 175104K, used 0K [0x00000006c0000000, 0x00000006cab00000, 0x000000076ab00000)
  object space 175104K, 0% used [0x00000006c0000000,0x00000006c0000000,0x00000006cab00000)
 Metaspace       used 18991K, capacity 19331K, committed 19584K, reserved 1067008K
  class space    used 1950K, capacity 2052K, committed 2176K, reserved 1048576K
Event: 2.269 GC heap after
Heap after GC invocations=1 (full 0):
 PSYoungGen      total 76288K, used 10737K [0x000000076ab00000, 0x0000000770000000, 0x00000007c0000000)
  eden space 65536K, 0% used [0x000000076ab00000,0x000000076ab00000,0x000000076eb00000)
  from space 10752K, 99% used [0x000000076eb00000,0x000000076f57c4a0,0x000000076f580000)
  to   space 10752K, 0% used [0x000000076f580000,0x000000076f580000,0x0000000770000000)
 ParOldGen       total 175104K, used 1869K [0x00000006c0000000, 0x00000006cab00000, 0x000000076ab00000)
  object space 175104K, 1% used [0x00000006c0000000,0x00000006c01d3418,0x00000006cab00000)
 Metaspace       used 18991K, capacity 19331K, committed 19584K, reserved 1067008K
  class space    used 1950K, capacity 2052K, committed 2176K, reserved 1048576K
}
Event: 2.816 GC heap before
{Heap before GC invocations=2 (full 0):
 PSYoungGen      total 76288K, used 76273K [0x000000076ab00000, 0x0000000770000000, 0x00000007c0000000)
  eden space 65536K, 100% used [0x000000076ab00000,0x000000076eb00000,0x000000076eb00000)
  from space 10752K, 99% used [0x000000076eb00000,0x000000076f57c4a0,0x000000076f580000)
  to   space 10752K, 0% used [0x000000076f580000,0x000000076f580000,0x0000000770000000)
 ParOldGen       total 175104K, used 1869K [0x00000006c0000000, 0x00000006cab00000, 0x000000076ab00000)
  object space 175104K, 1% used [0x00000006c0000000,0x00000006c01d3418,0x00000006cab00000)
 Metaspace       used 19242K, capacity 19619K, committed 19840K, reserved 1067008K
  class space    used 1968K, capacity 2084K, committed 2176K, reserved 1048576K
Event: 2.824 GC heap after
Heap after GC invocations=2 (full 0):
 PSYoungGen      total 76288K, used 10734K [0x000000076ab00000, 0x0000000770000000, 0x00000007c0000000)
  eden space 65536K, 0% used [0x000000076ab00000,0x000000076ab00000,0x000000076eb00000)
  from space 10752K, 99% used [0x000000076f580000,0x000000076fffba18,0x0000000770000000)
  to   space 10752K, 0% used [0x000000076eb00000,0x000000076eb00000,0x000000076f580000)
 ParOldGen       total 175104K, used 2925K [0x00000006c0000000, 0x00000006cab00000, 0x000000076ab00000)
  object space 175104K, 1% used [0x00000006c0000000,0x00000006c02db428,0x00000006cab00000)
 Metaspace       used 19242K, capacity 19619K, committed 19840K, reserved 1067008K
  class space    used 1968K, capacity 2084K, committed 2176K, reserved 1048576K
}
Event: 3.101 GC heap before
{Heap before GC invocations=3 (full 0):
 PSYoungGen      total 76288K, used 51212K [0x000000076ab00000, 0x0000000770000000, 0x00000007c0000000)
  eden space 65536K, 61% used [0x000000076ab00000,0x000000076d287650,0x000000076eb00000)
  from space 10752K, 99% used [0x000000076f580000,0x000000076fffba18,0x0000000770000000)
  to   space 10752K, 0% used [0x000000076eb00000,0x000000076eb00000,0x000000076f580000)
 ParOldGen       total 175104K, used 2925K [0x00000006c0000000, 0x00000006cab00000, 0x000000076ab00000)
  object space 175104K, 1% used [0x00000006c0000000,0x00000006c02db428,0x00000006cab00000)
 Metaspace       used 20635K, capacity 20959K, committed 21248K, reserved 1069056K
  class space    used 2088K, capacity 2186K, committed 2304K, reserved 1048576K
Event: 3.108 GC heap after
Heap after GC invocations=3 (full 0):
 PSYoungGen      total 76288K, used 10744K [0x000000076ab00000, 0x0000000774000000, 0x00000007c0000000)
  eden space 65536K, 0% used [0x000000076ab00000,0x000000076ab00000,0x000000076eb00000)
  from space 10752K, 99% used [0x000000076eb00000,0x000000076f57e318,0x000000076f580000)
  to   space 10752K, 0% used [0x0000000773580000,0x0000000773580000,0x0000000774000000)
 ParOldGen       total 175104K, used 12510K [0x00000006c0000000, 0x00000006cab00000, 0x000000076ab00000)
  object space 175104K, 7% used [0x00000006c0000000,0x00000006c0c37848,0x00000006cab00000)
 Metaspace       used 20635K, capacity 20959K, committed 21248K, reserved 1069056K
  class space    used 2088K, capacity 2186K, committed 2304K, reserved 1048576K
}
Event: 3.108 GC heap before
{Heap before GC invocations=4 (full 1):
 PSYoungGen      total 76288K, used 10744K [0x000000076ab00000, 0x0000000774000000, 0x00000007c0000000)
  eden space 65536K, 0% used [0x000000076ab00000,0x000000076ab00000,0x000000076eb00000)
  from space 10752K, 99% used [0x000000076eb00000,0x000000076f57e318,0x000000076f580000)
  to   space 10752K, 0% used [0x0000000773580000,0x0000000773580000,0x0000000774000000)
 ParOldGen       total 175104K, used 12510K [0x00000006c0000000, 0x00000006cab00000, 0x000000076ab00000)
  object space 175104K, 7% used [0x00000006c0000000,0x00000006c0c37848,0x00000006cab00000)
 Metaspace       used 20635K, capacity 20959K, committed 21248K, reserved 1069056K
  class space    used 2088K, capacity 2186K, committed 2304K, reserved 1048576K
Event: 3.143 GC heap after
Heap after GC invocations=4 (full 1):
 PSYoungGen      total 76288K, used 0K [0x000000076ab00000, 0x0000000774000000, 0x00000007c0000000)
  eden space 65536K, 0% used [0x000000076ab00000,0x000000076ab00000,0x000000076eb00000)
  from space 10752K, 0% used [0x000000076eb00000,0x000000076eb00000,0x000000076f580000)
  to   space 10752K, 0% used [0x0000000773580000,0x0000000773580000,0x0000000774000000)
 ParOldGen       total 126464K, used 21223K [0x00000006c0000000, 0x00000006c7b80000, 0x000000076ab00000)
  object space 126464K, 16% used [0x00000006c0000000,0x00000006c14b9fa8,0x00000006c7b80000)
 Metaspace       used 20635K, capacity 20959K, committed 21248K, reserved 1069056K
  class space    used 2088K, capacity 2186K, committed 2304K, reserved 1048576K
}
Event: 3.871 GC heap before
{Heap before GC invocations=5 (full 1):
 PSYoungGen      total 76288K, used 65536K [0x000000076ab00000, 0x0000000774000000, 0x00000007c0000000)
  eden space 65536K, 100% used [0x000000076ab00000,0x000000076eb00000,0x000000076eb00000)
  from space 10752K, 0% used [0x000000076eb00000,0x000000076eb00000,0x000000076f580000)
  to   space 10752K, 0% used [0x0000000773580000,0x0000000773580000,0x0000000774000000)
 ParOldGen       total 126464K, used 21223K [0x00000006c0000000, 0x00000006c7b80000, 0x000000076ab00000)
  object space 126464K, 16% used [0x00000006c0000000,0x00000006c14b9fa8,0x00000006c7b80000)
 Metaspace       used 20913K, capacity 21231K, committed 21504K, reserved 1069056K
  class space    used 2101K, capacity 2188K, committed 2304K, reserved 1048576K
Event: 3.872 GC heap after
Heap after GC invocations=5 (full 1):
 PSYoungGen      total 101376K, used 3472K [0x000000076ab00000, 0x0000000773900000, 0x00000007c0000000)
  eden space 97792K, 0% used [0x000000076ab00000,0x000000076ab00000,0x0000000770a80000)
  from space 3584K, 96% used [0x0000000773580000,0x00000007738e40d0,0x0000000773900000)
  to   space 10752K, 0% used [0x0000000772400000,0x0000000772400000,0x0000000772e80000)
 ParOldGen       total 126464K, used 21231K [0x00000006c0000000, 0x00000006c7b80000, 0x000000076ab00000)
  object space 126464K, 16% used [0x00000006c0000000,0x00000006c14bbfa8,0x00000006c7b80000)
 Metaspace       used 20913K, capacity 21231K, committed 21504K, reserved 1069056K
  class space    used 2101K, capacity 2188K, committed 2304K, reserved 1048576K
}

Deoptimization events (10 events):
Event: 3.180 Thread 0x00007fa77fa60800 Uncommon trap: reason=bimorphic action=maybe_recompile pc=0x00000001128e9e90 method=de.fhpotsdam.unfolding.marker.AbstractMarker.getScreenPosition(Lde/fhpotsdam/unfolding/UnfoldingMap;)Lde/fhpotsdam/unfolding/utils/ScreenPosition; @ 5
Event: 3.238 Thread 0x00007fa77fa60800 Uncommon trap: reason=unstable_if action=reinterpret pc=0x0000000112870364 method=processing.core.PGraphics.colorCalc(FFFF)V @ 565
Event: 3.238 Thread 0x00007fa77fa60800 Uncommon trap: reason=unstable_if action=reinterpret pc=0x00000001128b02a0 method=de.fhpotsdam.unfolding.mapdisplay.Java2DMapDisplay.getInnerTransformedPosition(FFZ)[F @ 1
Event: 3.293 Thread 0x00007fa77fa60800 Uncommon trap: reason=unstable_if action=reinterpret pc=0x0000000112906c20 method=processing.core.PGraphics.style(Lprocessing/core/PStyle;)V @ 220
Event: 3.293 Thread 0x00007fa77fa60800 Uncommon trap: reason=unstable_if action=reinterpret pc=0x000000011283d098 method=processing.opengl.PGraphicsOpenGL$Tessellator.tessellateEdges3D()V @ 4
Event: 3.293 Thread 0x00007fa77fa60800 Uncommon trap: reason=unstable_if action=reinterpret pc=0x00000001128587cc method=processing.opengl.PGraphicsOpenGL$Tessellator.addLineSegment3D(III[SZ)I @ 20
Event: 3.293 Thread 0x00007fa77fa60800 Uncommon trap: reason=unstable_if action=reinterpret pc=0x000000011290f4c0 method=processing.opengl.PGraphicsOpenGL$Tessellator.noCapsJoins()Z @ 23
Event: 4.538 Thread 0x00007fa77fa60800 Uncommon trap: reason=unstable_if action=reinterpret pc=0x00000001129547e8 method=com.jogamp.common.util.VersionNumber.compareTo(Lcom/jogamp/common/util/VersionNumber;)I @ 21
Event: 4.603 Thread 0x00007fa77f9c1000 Uncommon trap: reason=unstable_if action=reinterpret pc=0x00000001127f3c30 method=java.util.HashMap.putVal(ILjava/lang/Object;Ljava/lang/Object;ZZ)Ljava/lang/Object; @ 81
Event: 4.604 Thread 0x00007fa77f9c1000 Uncommon trap: reason=unstable_if action=reinterpret pc=0x00000001126de654 method=java.util.HashMap.putVal(ILjava/lang/Object;Ljava/lang/Object;ZZ)Ljava/lang/Object; @ 81

Classes redefined (0 events):
No events

Internal exceptions (10 events):
Event: 0.101 Thread 0x00007fa77d009000 Exception <a 'java/lang/NoSuchFieldError': method resolution failed> (0x000000076adb8228) thrown at [/jenkins/workspace/8-2-build-macosx-x86_64/jdk8u251/737/hotspot/src/share/vm/prims/methodHandles.cpp, line 1167]
Event: 0.233 Thread 0x00007fa77d009000 Exception <a 'java/io/FileNotFoundException'> (0x000000076ae33830) thrown at [/jenkins/workspace/8-2-build-macosx-x86_64/jdk8u251/737/hotspot/src/share/vm/prims/jni.cpp, line 710]
Event: 0.233 Thread 0x00007fa77d009000 Exception <a 'java/io/FileNotFoundException'> (0x000000076ae343b8) thrown at [/jenkins/workspace/8-2-build-macosx-x86_64/jdk8u251/737/hotspot/src/share/vm/prims/jni.cpp, line 710]
Event: 0.296 Thread 0x00007fa77d009000 Exception <a 'java/io/FileNotFoundException'> (0x000000076aeb6db0) thrown at [/jenkins/workspace/8-2-build-macosx-x86_64/jdk8u251/737/hotspot/src/share/vm/prims/jni.cpp, line 710]
Event: 1.194 Thread 0x00007fa77e0ec800 Exception <a 'java/lang/UnsatisfiedLinkError': com.jogamp.common.util.JarUtil.fixNativeLibAttribs(Ljava/lang/String;)Z> (0x000000076c8c1b80) thrown at [/jenkins/workspace/8-2-build-macosx-x86_64/jdk8u251/737/hotspot/src/share/vm/prims/nativeLookup.cpp, li
Event: 2.090 Thread 0x00007fa77fa60800 Exception <a 'java/io/FileNotFoundException'> (0x000000076d974b60) thrown at [/jenkins/workspace/8-2-build-macosx-x86_64/jdk8u251/737/hotspot/src/share/vm/prims/jni.cpp, line 710]
Event: 2.090 Thread 0x00007fa77fa60800 Exception <a 'java/io/FileNotFoundException'> (0x000000076d97aa48) thrown at [/jenkins/workspace/8-2-build-macosx-x86_64/jdk8u251/737/hotspot/src/share/vm/prims/jni.cpp, line 710]
Event: 2.090 Thread 0x00007fa77fa60800 Implicit null exception at 0x00000001122f5576 to 0x00000001122f5939
Event: 2.271 Thread 0x00007fa780039800 Exception <a 'java/lang/NullPointerException'> (0x000000076adc1098) thrown at [/jenkins/workspace/8-2-build-macosx-x86_64/jdk8u251/737/hotspot/src/share/vm/interpreter/linkResolver.cpp, line 1185]
Event: 2.921 Thread 0x00007fa77fa60800 Implicit null exception at 0x00000001124e4286 to 0x00000001124e44cd

Events (10 events):
Event: 4.617 loading class jogamp/nativewindow/jawt/macosx/MacOSXJAWTWindow$1 done
Event: 4.618 loading class java/awt/LightweightDispatcher$2
Event: 4.618 loading class java/awt/LightweightDispatcher$2 done
Event: 4.618 loading class java/awt/event/AWTEventListenerProxy
Event: 4.618 loading class java/awt/event/AWTEventListenerProxy done
Event: 4.618 loading class java/awt/Toolkit$ToolkitEventMulticaster
Event: 4.618 loading class java/awt/Toolkit$ToolkitEventMulticaster done
Event: 4.619 Thread 0x00007fa77f9c1000 Thread exited: 0x00007fa77f9c1000
Event: 4.619 loading class java/awt/Window$1DisposeAction
Event: 4.619 loading class java/awt/Window$1DisposeAction done


Dynamic libraries:
0x00007fff2f8a5000 	/System/Library/Frameworks/Cocoa.framework/Versions/A/Cocoa
0x00007fff3d08d000 	/System/Library/Frameworks/Security.framework/Versions/A/Security
0x00007fff2e80c000 	/System/Library/Frameworks/ApplicationServices.framework/Versions/A/ApplicationServices
0x00007fff69ce5000 	/usr/lib/libz.1.dylib
0x00007fff677a9000 	/usr/lib/libSystem.B.dylib
0x00007fff69609000 	/usr/lib/libobjc.A.dylib
0x00007fff30745000 	/System/Library/Frameworks/CoreFoundation.framework/Versions/A/CoreFoundation
0x00007fff32dff000 	/System/Library/Frameworks/Foundation.framework/Versions/C/Foundation
0x00007fff2d9fc000 	/System/Library/Frameworks/AppKit.framework/Versions/C/AppKit
0x00007fff30229000 	/System/Library/Frameworks/CoreData.framework/Versions/A/CoreData
0x00007fff617c4000 	/System/Library/PrivateFrameworks/UIFoundation.framework/Versions/A/UIFoundation
0x00007fff5c868000 	/System/Library/PrivateFrameworks/RemoteViewServices.framework/Versions/A/RemoteViewServices
0x00007fff64319000 	/System/Library/PrivateFrameworks/XCTTargetBootstrap.framework/Versions/A/XCTTargetBootstrap
0x00007fff30614000 	/System/Library/Frameworks/CoreDisplay.framework/Versions/A/CoreDisplay
0x00007fff35cba000 	/System/Library/Frameworks/Metal.framework/Versions/A/Metal
0x00007fff4a874000 	/System/Library/PrivateFrameworks/DesktopServicesPriv.framework/Versions/A/DesktopServicesPriv
0x00007fff688e4000 	/usr/lib/liblangid.dylib
0x00007fff49b0c000 	/System/Library/PrivateFrameworks/CoreSVG.framework/Versions/A/CoreSVG
0x00007fff5f9c1000 	/System/Library/PrivateFrameworks/SkyLight.framework/Versions/A/SkyLight
0x00007fff30bc6000 	/System/Library/Frameworks/CoreGraphics.framework/Versions/A/CoreGraphics
0x00007fff2c3d0000 	/System/Library/Frameworks/Accelerate.framework/Versions/A/Accelerate
0x00007fff69bd6000 	/usr/lib/libxml2.2.dylib
0x00007fff55801000 	/System/Library/PrivateFrameworks/IconServices.framework/Versions/A/IconServices
0x00007fff335de000 	/System/Library/Frameworks/IOSurface.framework/Versions/A/IOSurface
0x00007fff672d3000 	/usr/lib/libDiagnosticMessagesClient.dylib
0x00007fff4a6ce000 	/System/Library/PrivateFrameworks/DFRFoundation.framework/Versions/A/DFRFoundation
0x00007fff68673000 	/usr/lib/libicucore.A.dylib
0x00007fff2eb3e000 	/System/Library/Frameworks/AudioToolbox.framework/Versions/A/AudioToolbox
0x00007fff2ec21000 	/System/Library/Frameworks/AudioUnit.framework/Versions/A/AudioUnit
0x00007fff679ab000 	/usr/lib/libauto.dylib
0x00007fff4a770000 	/System/Library/PrivateFrameworks/DataDetectorsCore.framework/Versions/A/DataDetectorsCore
0x00007fff2f3c6000 	/System/Library/Frameworks/Carbon.framework/Versions/A/Frameworks/HIToolbox.framework/Versions/A/HIToolbox
0x00007fff3c28a000 	/System/Library/Frameworks/QuartzCore.framework/Versions/A/QuartzCore
0x00007fff2f705000 	/System/Library/Frameworks/Carbon.framework/Versions/A/Frameworks/SpeechRecognition.framework/Versions/A/SpeechRecognition
0x00007fff4a1e5000 	/System/Library/PrivateFrameworks/CoreUI.framework/Versions/A/CoreUI
0x00007fff2fc94000 	/System/Library/Frameworks/CoreAudio.framework/Versions/A/CoreAudio
0x00007fff32ac0000 	/System/Library/Frameworks/DiskArbitration.framework/Versions/A/DiskArbitration
0x00007fff5784f000 	/System/Library/PrivateFrameworks/MultitouchSupport.framework/Versions/A/MultitouchSupport
0x00007fff6853a000 	/usr/lib/libenergytrace.dylib
0x00007fff33538000 	/System/Library/Frameworks/IOKit.framework/Versions/A/IOKit
0x00007fff31b2c000 	/System/Library/Frameworks/CoreServices.framework/Versions/A/CoreServices
0x00007fff599fe000 	/System/Library/PrivateFrameworks/PerformanceAnalysis.framework/Versions/A/PerformanceAnalysis
0x00007fff3b2bd000 	/System/Library/Frameworks/OpenGL.framework/Versions/A/OpenGL
0x00007fff2f8b3000 	/System/Library/Frameworks/ColorSync.framework/Versions/A/ColorSync
0x00007fff31248000 	/System/Library/Frameworks/CoreImage.framework/Versions/A/CoreImage
0x00007fff3259f000 	/System/Library/Frameworks/CoreText.framework/Versions/A/CoreText
0x00007fff3366e000 	/System/Library/Frameworks/ImageIO.framework/Versions/A/ImageIO
0x00007fff67a8f000 	/usr/lib/libc++.1.dylib
0x00007fff67b0b000 	/usr/lib/libcompression.dylib
0x00007fff67617000 	/usr/lib/libMobileGestalt.dylib
0x00007fff61539000 	/System/Library/PrivateFrameworks/TextureIO.framework/Versions/A/TextureIO
0x00007fff6790e000 	/usr/lib/libate.dylib
0x00007fff55a0a000 	/System/Library/PrivateFrameworks/InternationalSupport.framework/Versions/A/InternationalSupport
0x00007fff6a5a5000 	/usr/lib/system/libcache.dylib
0x00007fff6a5ab000 	/usr/lib/system/libcommonCrypto.dylib
0x00007fff6a5b7000 	/usr/lib/system/libcompiler_rt.dylib
0x00007fff6a5bf000 	/usr/lib/system/libcopyfile.dylib
0x00007fff6a5c9000 	/usr/lib/system/libcorecrypto.dylib
0x00007fff6a768000 	/usr/lib/system/libdispatch.dylib
0x00007fff6a7a9000 	/usr/lib/system/libdyld.dylib
0x00007fff6a7e0000 	/usr/lib/system/libkeymgr.dylib
0x00007fff6a7ee000 	/usr/lib/system/liblaunch.dylib
0x00007fff6a7ef000 	/usr/lib/system/libmacho.dylib
0x00007fff6a7f5000 	/usr/lib/system/libquarantine.dylib
0x00007fff6a7f8000 	/usr/lib/system/libremovefile.dylib
0x00007fff6a7fa000 	/usr/lib/system/libsystem_asl.dylib
0x00007fff6a812000 	/usr/lib/system/libsystem_blocks.dylib
0x00007fff6a813000 	/usr/lib/system/libsystem_c.dylib
0x00007fff6a89b000 	/usr/lib/system/libsystem_configuration.dylib
0x00007fff6a89f000 	/usr/lib/system/libsystem_coreservices.dylib
0x00007fff6a8a3000 	/usr/lib/system/libsystem_darwin.dylib
0x00007fff6a8ac000 	/usr/lib/system/libsystem_dnssd.dylib
0x00007fff6a8b4000 	/usr/lib/system/libsystem_featureflags.dylib
0x00007fff6a8b6000 	/usr/lib/system/libsystem_info.dylib
0x00007fff6a931000 	/usr/lib/system/libsystem_m.dylib
0x00007fff6a979000 	/usr/lib/system/libsystem_malloc.dylib
0x00007fff6a9a1000 	/usr/lib/system/libsystem_networkextension.dylib
0x00007fff6a9af000 	/usr/lib/system/libsystem_notify.dylib
0x00007fff6a9cd000 	/usr/lib/system/libsystem_sandbox.dylib
0x00007fff6a9d2000 	/usr/lib/system/libsystem_secinit.dylib
0x00007fff6a904000 	/usr/lib/system/libsystem_kernel.dylib
0x00007fff6a9b9000 	/usr/lib/system/libsystem_platform.dylib
0x00007fff6a9c2000 	/usr/lib/system/libsystem_pthread.dylib
0x00007fff6a9d5000 	/usr/lib/system/libsystem_symptoms.dylib
0x00007fff6a9dd000 	/usr/lib/system/libsystem_trace.dylib
0x00007fff6a9f5000 	/usr/lib/system/libunwind.dylib
0x00007fff6a9fb000 	/usr/lib/system/libxpc.dylib
0x00007fff67ae2000 	/usr/lib/libc++abi.dylib
0x00007fff688e6000 	/usr/lib/liblzma.5.dylib
0x00007fff68561000 	/usr/lib/libfakelink.dylib
0x00007fff6789b000 	/usr/lib/libarchive.2.dylib
0x00007fff3e13e000 	/System/Library/Frameworks/SystemConfiguration.framework/Versions/A/SystemConfiguration
0x00007fff67206000 	/usr/lib/libCRFSuite.dylib
0x00007fff2efb7000 	/System/Library/Frameworks/CFNetwork.framework/Versions/A/CFNetwork
0x00007fff67a71000 	/usr/lib/libbsm.0.dylib
0x00007fff6a7e1000 	/usr/lib/system/libkxld.dylib
0x00007fff4405a000 	/System/Library/PrivateFrameworks/AppleFSCompression.framework/Versions/A/AppleFSCompression
0x00007fff67dfc000 	/usr/lib/libcoretls.dylib
0x00007fff67e13000 	/usr/lib/libcoretls_cfhelpers.dylib
0x00007fff6964f000 	/usr/lib/libpam.2.dylib
0x00007fff69784000 	/usr/lib/libsqlite3.dylib
0x00007fff69bc3000 	/usr/lib/libxar.1.dylib
0x00007fff67a82000 	/usr/lib/libbz2.1.0.dylib
0x00007fff68582000 	/usr/lib/libiconv.2.dylib
0x00007fff67af8000 	/usr/lib/libcharset.1.dylib
0x00007fff690ec000 	/usr/lib/libnetwork.dylib
0x00007fff69656000 	/usr/lib/libpcap.A.dylib
0x00007fff67850000 	/usr/lib/libapple_nghttp2.dylib
0x00007fff31ee3000 	/System/Library/Frameworks/CoreServices.framework/Versions/A/Frameworks/FSEvents.framework/Versions/A/FSEvents
0x00007fff31bb3000 	/System/Library/Frameworks/CoreServices.framework/Versions/A/Frameworks/CarbonCore.framework/Versions/A/CarbonCore
0x00007fff32127000 	/System/Library/Frameworks/CoreServices.framework/Versions/A/Frameworks/Metadata.framework/Versions/A/Metadata
0x00007fff321c0000 	/System/Library/Frameworks/CoreServices.framework/Versions/A/Frameworks/OSServices.framework/Versions/A/OSServices
0x00007fff321ee000 	/System/Library/Frameworks/CoreServices.framework/Versions/A/Frameworks/SearchKit.framework/Versions/A/SearchKit
0x00007fff31b2d000 	/System/Library/Frameworks/CoreServices.framework/Versions/A/Frameworks/AE.framework/Versions/A/AE
0x00007fff31eec000 	/System/Library/Frameworks/CoreServices.framework/Versions/A/Frameworks/LaunchServices.framework/Versions/A/LaunchServices
0x00007fff31e95000 	/System/Library/Frameworks/CoreServices.framework/Versions/A/Frameworks/DictionaryServices.framework/Versions/A/DictionaryServices
0x00007fff32256000 	/System/Library/Frameworks/CoreServices.framework/Versions/A/Frameworks/SharedFileList.framework/Versions/A/SharedFileList
0x00007fff370dd000 	/System/Library/Frameworks/NetFS.framework/Versions/A/NetFS
0x00007fff57d7f000 	/System/Library/PrivateFrameworks/NetAuth.framework/Versions/A/NetAuth
0x00007fff646e6000 	/System/Library/PrivateFrameworks/login.framework/Versions/A/Frameworks/loginsupport.framework/Versions/A/loginsupport
0x00007fff61004000 	/System/Library/PrivateFrameworks/TCC.framework/Versions/A/TCC
0x00007fff48c7f000 	/System/Library/PrivateFrameworks/CoreNLP.framework/Versions/A/CoreNLP
0x00007fff5727c000 	/System/Library/PrivateFrameworks/MetadataUtilities.framework/Versions/A/MetadataUtilities
0x00007fff689be000 	/usr/lib/libmecabra.dylib
0x00007fff68916000 	/usr/lib/libmecab.dylib
0x00007fff68572000 	/usr/lib/libgermantok.dylib
0x00007fff67837000 	/usr/lib/libThaiTokenizer.dylib
0x00007fff6723d000 	/usr/lib/libChineseTokenizer.dylib
0x00007fff2c3e8000 	/System/Library/Frameworks/Accelerate.framework/Versions/A/Frameworks/vImage.framework/Versions/A/vImage
0x00007fff2d852000 	/System/Library/Frameworks/Accelerate.framework/Versions/A/Frameworks/vecLib.framework/Versions/A/vecLib
0x00007fff2d78f000 	/System/Library/Frameworks/Accelerate.framework/Versions/A/Frameworks/vecLib.framework/Versions/A/libvMisc.dylib
0x00007fff2d5b7000 	/System/Library/Frameworks/Accelerate.framework/Versions/A/Frameworks/vecLib.framework/Versions/A/libvDSP.dylib
0x00007fff2ca3f000 	/System/Library/Frameworks/Accelerate.framework/Versions/A/Frameworks/vecLib.framework/Versions/A/libBLAS.dylib
0x00007fff2d17b000 	/System/Library/Frameworks/Accelerate.framework/Versions/A/Frameworks/vecLib.framework/Versions/A/libLAPACK.dylib
0x00007fff2d517000 	/System/Library/Frameworks/Accelerate.framework/Versions/A/Frameworks/vecLib.framework/Versions/A/libLinearAlgebra.dylib
0x00007fff2d5a4000 	/System/Library/Frameworks/Accelerate.framework/Versions/A/Frameworks/vecLib.framework/Versions/A/libSparseBLAS.dylib
0x00007fff2d52d000 	/System/Library/Frameworks/Accelerate.framework/Versions/A/Frameworks/vecLib.framework/Versions/A/libQuadrature.dylib
0x00007fff2cca7000 	/System/Library/Frameworks/Accelerate.framework/Versions/A/Frameworks/vecLib.framework/Versions/A/libBNNS.dylib
0x00007fff2d533000 	/System/Library/Frameworks/Accelerate.framework/Versions/A/Frameworks/vecLib.framework/Versions/A/libSparse.dylib
0x00007fff55df2000 	/System/Library/PrivateFrameworks/LanguageModeling.framework/Versions/A/LanguageModeling
0x00007fff4862f000 	/System/Library/PrivateFrameworks/CoreEmoji.framework/Versions/A/CoreEmoji
0x00007fff55f10000 	/System/Library/PrivateFrameworks/LinguisticData.framework/Versions/A/LinguisticData
0x00007fff55ec1000 	/System/Library/PrivateFrameworks/Lexicon.framework/Versions/A/Lexicon
0x00007fff67af9000 	/usr/lib/libcmph.dylib
0x00007fff39ccb000 	/System/Library/Frameworks/OpenDirectory.framework/Versions/A/Frameworks/CFOpenDirectory.framework/Versions/A/CFOpenDirectory
0x00007fff39ce8000 	/System/Library/Frameworks/OpenDirectory.framework/Versions/A/OpenDirectory
0x00007fff4210d000 	/System/Library/PrivateFrameworks/APFS.framework/Versions/A/APFS
0x00007fff3d3d7000 	/System/Library/Frameworks/SecurityFoundation.framework/Versions/A/SecurityFoundation
0x00007fff69bbf000 	/usr/lib/libutil.dylib
0x00007fff49b64000 	/System/Library/PrivateFrameworks/CoreServicesStore.framework/Versions/A/CoreServicesStore
0x00007fff3d48e000 	/System/Library/Frameworks/ServiceManagement.framework/Versions/A/ServiceManagement
0x00007fff45829000 	/System/Library/PrivateFrameworks/BackgroundTaskManagement.framework/Versions/A/BackgroundTaskManagement
0x00007fff69cbc000 	/usr/lib/libxslt.1.dylib
0x00007fff446cd000 	/System/Library/PrivateFrameworks/AppleSystemInfo.framework/Versions/A/AppleSystemInfo
0x00007fff33889000 	/System/Library/Frameworks/ImageIO.framework/Versions/A/Resources/libJPEG.dylib
0x00007fff33b45000 	/System/Library/Frameworks/ImageIO.framework/Versions/A/Resources/libTIFF.dylib
0x00007fff33b28000 	/System/Library/Frameworks/ImageIO.framework/Versions/A/Resources/libPng.dylib
0x00007fff337cb000 	/System/Library/Frameworks/ImageIO.framework/Versions/A/Resources/libGIF.dylib
0x00007fff337cf000 	/System/Library/Frameworks/ImageIO.framework/Versions/A/Resources/libJP2.dylib
0x00007fff33b43000 	/System/Library/Frameworks/ImageIO.framework/Versions/A/Resources/libRadiance.dylib
0x00007fff6853b000 	/usr/lib/libexpat.1.dylib
0x00007fff441b5000 	/System/Library/PrivateFrameworks/AppleJPEG.framework/Versions/A/AppleJPEG
0x00007fff4ce63000 	/System/Library/PrivateFrameworks/FontServices.framework/libFontParser.dylib
0x00007fff636eb000 	/System/Library/PrivateFrameworks/WatchdogClient.framework/Versions/A/WatchdogClient
0x00007fff5544d000 	/System/Library/PrivateFrameworks/IOAccelerator.framework/Versions/A/IOAccelerator
0x00007fff36055000 	/System/Library/Frameworks/MetalPerformanceShaders.framework/Versions/A/MetalPerformanceShaders
0x00007fff51be4000 	/System/Library/PrivateFrameworks/GPUWrangler.framework/Versions/A/GPUWrangler
0x00007fff55462000 	/System/Library/PrivateFrameworks/IOPresentment.framework/Versions/A/IOPresentment
0x00007fff4a6e1000 	/System/Library/PrivateFrameworks/DSExternalDisplay.framework/Versions/A/DSExternalDisplay
0x00007fff3a65c000 	/System/Library/Frameworks/OpenGL.framework/Versions/A/Libraries/libCoreFSCache.dylib
0x00007fff35da1000 	/System/Library/Frameworks/MetalPerformanceShaders.framework/Frameworks/MPSCore.framework/Versions/A/MPSCore
0x00007fff35ddf000 	/System/Library/Frameworks/MetalPerformanceShaders.framework/Frameworks/MPSImage.framework/Versions/A/MPSImage
0x00007fff35ea6000 	/System/Library/Frameworks/MetalPerformanceShaders.framework/Frameworks/MPSNeuralNetwork.framework/Versions/A/MPSNeuralNetwork
0x00007fff35e6a000 	/System/Library/Frameworks/MetalPerformanceShaders.framework/Frameworks/MPSMatrix.framework/Versions/A/MPSMatrix
0x00007fff36005000 	/System/Library/Frameworks/MetalPerformanceShaders.framework/Frameworks/MPSRayIntersector.framework/Versions/A/MPSRayIntersector
0x00007fff35e90000 	/System/Library/Frameworks/MetalPerformanceShaders.framework/Frameworks/MPSNDArray.framework/Versions/A/MPSNDArray
0x00007fff572c9000 	/System/Library/PrivateFrameworks/MetalTools.framework/Versions/A/MetalTools
0x00007fff432e2000 	/System/Library/PrivateFrameworks/AggregateDictionary.framework/Versions/A/AggregateDictionary
0x00007fff48079000 	/System/Library/PrivateFrameworks/CoreAnalytics.framework/Versions/A/CoreAnalytics
0x00007fff445ec000 	/System/Library/PrivateFrameworks/AppleSauce.framework/Versions/A/AppleSauce
0x00007fff674f9000 	/usr/lib/libIOReport.dylib
0x00007fff32757000 	/System/Library/Frameworks/CoreVideo.framework/Versions/A/CoreVideo
0x00007fff5305e000 	/System/Library/PrivateFrameworks/GraphVisualizer.framework/Versions/A/GraphVisualizer
0x00007fff4c3aa000 	/System/Library/PrivateFrameworks/FaceCore.framework/Versions/A/FaceCore
0x00007fff39c72000 	/System/Library/Frameworks/OpenCL.framework/Versions/A/OpenCL
0x00007fff6731b000 	/usr/lib/libFosl_dynamic.dylib
0x00007fff5879f000 	/System/Library/PrivateFrameworks/OTSVG.framework/Versions/A/OTSVG
0x00007fff2e911000 	/System/Library/Frameworks/ApplicationServices.framework/Versions/A/Frameworks/ATS.framework/Versions/A/Resources/libFontRegistry.dylib
0x00007fff4d035000 	/System/Library/PrivateFrameworks/FontServices.framework/libhvf.dylib
0x00007fff3a667000 	/System/Library/Frameworks/OpenGL.framework/Versions/A/Libraries/libGFXShared.dylib
0x00007fff3a845000 	/System/Library/Frameworks/OpenGL.framework/Versions/A/Libraries/libGLU.dylib
0x00007fff3a670000 	/System/Library/Frameworks/OpenGL.framework/Versions/A/Libraries/libGL.dylib
0x00007fff3a67b000 	/System/Library/Frameworks/OpenGL.framework/Versions/A/Libraries/libGLImage.dylib
0x00007fff3a659000 	/System/Library/Frameworks/OpenGL.framework/Versions/A/Libraries/libCVMSPluginSupport.dylib
0x00007fff3a662000 	/System/Library/Frameworks/OpenGL.framework/Versions/A/Libraries/libCoreVMClient.dylib
0x00007fff68f8d000 	/usr/lib/libncurses.5.4.dylib
0x00007fff2e80d000 	/System/Library/Frameworks/ApplicationServices.framework/Versions/A/Frameworks/ATS.framework/Versions/A/ATS
0x00007fff2e9da000 	/System/Library/Frameworks/ApplicationServices.framework/Versions/A/Frameworks/ColorSyncLegacy.framework/Versions/A/ColorSyncLegacy
0x00007fff2ea78000 	/System/Library/Frameworks/ApplicationServices.framework/Versions/A/Frameworks/HIServices.framework/Versions/A/HIServices
0x00007fff2ead0000 	/System/Library/Frameworks/ApplicationServices.framework/Versions/A/Frameworks/LangAnalysis.framework/Versions/A/LangAnalysis
0x00007fff2eadf000 	/System/Library/Frameworks/ApplicationServices.framework/Versions/A/Frameworks/PrintCore.framework/Versions/A/PrintCore
0x00007fff2eb25000 	/System/Library/Frameworks/ApplicationServices.framework/Versions/A/Frameworks/QD.framework/Versions/A/QD
0x00007fff2eb30000 	/System/Library/Frameworks/ApplicationServices.framework/Versions/A/Frameworks/SpeechSynthesis.framework/Versions/A/SpeechSynthesis
0x00007fff2e9aa000 	/System/Library/Frameworks/ApplicationServices.framework/Versions/A/Frameworks/ATSUI.framework/Versions/A/ATSUI
0x00007fff683d1000 	/usr/lib/libcups.2.dylib
0x00007fff350f0000 	/System/Library/Frameworks/Kerberos.framework/Versions/A/Kerberos
0x00007fff33231000 	/System/Library/Frameworks/GSS.framework/Versions/A/GSS
0x00007fff69710000 	/usr/lib/libresolv.9.dylib
0x00007fff5320b000 	/System/Library/PrivateFrameworks/Heimdal.framework/Versions/A/Heimdal
0x00007fff35103000 	/System/Library/Frameworks/Kerberos.framework/Versions/A/Libraries/libHeimdalProxy.dylib
0x00007fff68578000 	/usr/lib/libheimdal-asn1.dylib
0x00007fff47514000 	/System/Library/PrivateFrameworks/CommonAuth.framework/Versions/A/CommonAuth
0x00007fff4476a000 	/System/Library/PrivateFrameworks/AssertionServices.framework/Versions/A/AssertionServices
0x00007fff4530c000 	/System/Library/PrivateFrameworks/AudioToolboxCore.framework/Versions/A/AudioToolboxCore
0x00007fff64396000 	/System/Library/PrivateFrameworks/caulk.framework/Versions/A/caulk
0x00007fff458d5000 	/System/Library/PrivateFrameworks/BaseBoard.framework/Versions/A/BaseBoard
0x00007fff5c9f6000 	/System/Library/PrivateFrameworks/RunningBoardServices.framework/Versions/A/RunningBoardServices
0x00007fff59a0a000 	/System/Library/PrivateFrameworks/PersistentConnection.framework/Versions/A/PersistentConnection
0x00007fff5c3f0000 	/System/Library/PrivateFrameworks/ProtocolBuffer.framework/Versions/A/ProtocolBuffer
0x00007fff47538000 	/System/Library/PrivateFrameworks/CommonUtilities.framework/Versions/A/CommonUtilities
0x00007fff45a63000 	/System/Library/PrivateFrameworks/Bom.framework/Versions/A/Bom
0x00007fff671cc000 	/usr/lib/libAudioToolboxUtility.dylib
0x00007fff45833000 	/System/Library/PrivateFrameworks/Backup.framework/Versions/A/Backup
0x00007fff4a602000 	/System/Library/PrivateFrameworks/CrashReporterSupport.framework/Versions/A/CrashReporterSupport
0x00007fff5e487000 	/System/Library/PrivateFrameworks/Sharing.framework/Versions/A/Sharing
0x00007fff43d78000 	/System/Library/PrivateFrameworks/Apple80211.framework/Versions/A/Apple80211
0x00007fff45550000 	/System/Library/PrivateFrameworks/AuthKit.framework/Versions/A/AuthKit
0x00007fff4a312000 	/System/Library/PrivateFrameworks/CoreUtils.framework/Versions/A/CoreUtils
0x00007fff3279c000 	/System/Library/Frameworks/CoreWLAN.framework/Versions/A/CoreWLAN
0x00007fff333be000 	/System/Library/Frameworks/IOBluetooth.framework/Versions/A/IOBluetooth
0x00007fff575ce000 	/System/Library/PrivateFrameworks/MobileKeyBag.framework/Versions/A/MobileKeyBag
0x00007fff49117000 	/System/Library/PrivateFrameworks/CorePhoneNumbers.framework/Versions/A/CorePhoneNumbers
0x00007fff44168000 	/System/Library/PrivateFrameworks/AppleIDAuthSupport.framework/Versions/A/AppleIDAuthSupport
0x00007fff370ea000 	/System/Library/Frameworks/Network.framework/Versions/A/Network
0x00007fff55c9e000 	/System/Library/PrivateFrameworks/KeychainCircle.framework/Versions/A/KeychainCircle
0x00007fff301f0000 	/System/Library/Frameworks/CoreBluetooth.framework/Versions/A/CoreBluetooth
0x00007fff60504000 	/System/Library/PrivateFrameworks/SpeechRecognitionCore.framework/Versions/A/SpeechRecognitionCore
0x0000000106a00000 	/Library/Java/JavaVirtualMachines/jdk1.8.0_251.jdk/Contents/Home/jre/lib/server/libjvm.dylib
0x00007fff69a92000 	/usr/lib/libstdc++.6.dylib
0x0000000105864000 	/Library/Java/JavaVirtualMachines/jdk1.8.0_251.jdk/Contents/Home/jre/lib/libverify.dylib
0x0000000105872000 	/Library/Java/JavaVirtualMachines/jdk1.8.0_251.jdk/Contents/Home/jre/lib/libjava.dylib
0x00000001058f2000 	/Library/Java/JavaVirtualMachines/jdk1.8.0_251.jdk/Contents/Home/jre/lib/libzip.dylib
0x0000000111cbc000 	/Library/Java/JavaVirtualMachines/jdk1.8.0_251.jdk/Contents/Home/jre/lib/libawt.dylib
0x0000000111d65000 	/Library/Java/JavaVirtualMachines/jdk1.8.0_251.jdk/Contents/Home/jre/lib/libmlib_image.dylib
0x00007fff350da000 	/System/Library/Frameworks/JavaVM.framework/Versions/A/Frameworks/JavaNativeFoundation.framework/Versions/A/JavaNativeFoundation
0x00007fff350e3000 	/System/Library/Frameworks/JavaVM.framework/Versions/A/Frameworks/JavaRuntimeSupport.framework/Versions/A/JavaRuntimeSupport
0x00007fff350eb000 	/System/Library/Frameworks/JavaVM.framework/Versions/A/JavaVM
0x00007fff55ab5000 	/System/Library/PrivateFrameworks/JavaLaunching.framework/Versions/A/JavaLaunching
0x00007fff2f3c1000 	/System/Library/Frameworks/Carbon.framework/Versions/A/Carbon
0x00007fff4a0b7000 	/System/Library/PrivateFrameworks/CoreSymbolication.framework/Versions/A/CoreSymbolication
0x00007fff2f3c2000 	/System/Library/Frameworks/Carbon.framework/Versions/A/Frameworks/CommonPanels.framework/Versions/A/CommonPanels
0x00007fff2f6bb000 	/System/Library/Frameworks/Carbon.framework/Versions/A/Frameworks/Help.framework/Versions/A/Help
0x00007fff2f6bf000 	/System/Library/Frameworks/Carbon.framework/Versions/A/Frameworks/ImageCapture.framework/Versions/A/ImageCapture
0x00007fff2f6c6000 	/System/Library/Frameworks/Carbon.framework/Versions/A/Frameworks/OpenScripting.framework/Versions/A/OpenScripting
0x00007fff2f6c5000 	/System/Library/Frameworks/Carbon.framework/Versions/A/Frameworks/Ink.framework/Versions/A/Ink
0x00007fff2f701000 	/System/Library/Frameworks/Carbon.framework/Versions/A/Frameworks/Print.framework/Versions/A/Print
0x00007fff2f702000 	/System/Library/Frameworks/Carbon.framework/Versions/A/Frameworks/SecurityHI.framework/Versions/A/SecurityHI
0x00007fff4a836000 	/System/Library/PrivateFrameworks/DebugSymbols.framework/Versions/A/DebugSymbols
0x0000000111e31000 	/Library/Java/JavaVirtualMachines/jdk1.8.0_251.jdk/Contents/Home/jre/lib/libawt_lwawt.dylib
0x000000010595d000 	/Library/Java/JavaVirtualMachines/jdk1.8.0_251.jdk/Contents/Home/jre/lib/libosxapp.dylib
0x00007fff32c9a000 	/System/Library/Frameworks/ExceptionHandling.framework/Versions/A/ExceptionHandling
0x00007fff49b30000 	/System/Library/PrivateFrameworks/CoreServicesInternal.framework/Versions/A/CoreServicesInternal
0x00007fff32cb9000 	/System/Library/Frameworks/FileProvider.framework/Versions/A/FileProvider
0x00007fff2d853000 	/System/Library/Frameworks/Accounts.framework/Versions/A/Accounts
0x00007fff51f09000 	/System/Library/PrivateFrameworks/GenerationalStorage.framework/Versions/A/GenerationalStorage
0x00007fff60d44000 	/System/Library/PrivateFrameworks/SymptomDiagnosticReporter.framework/Versions/A/SymptomDiagnosticReporter
0x00007fff4387d000 	/System/Library/PrivateFrameworks/AppContainer.framework/Versions/A/AppContainer
0x00007fff6972a000 	/usr/lib/libsandbox.1.dylib
0x00007fff6268f000 	/System/Library/PrivateFrameworks/UserManagement.framework/Versions/A/UserManagement
0x00007fff4661e000 	/System/Library/PrivateFrameworks/ChunkingLibrary.framework/Versions/A/ChunkingLibrary
0x00007fff438ef000 	/System/Library/PrivateFrameworks/AppSandbox.framework/Versions/A/AppSandbox
0x00007fff5e311000 	/System/Library/PrivateFrameworks/SecCodeWrapper.framework/Versions/A/SecCodeWrapper
0x00007fff675e1000 	/usr/lib/libMatch.1.dylib
0x00007fff23837000 	/System/Library/CoreServices/RawCamera.bundle/Contents/MacOS/RawCamera
0x00007fff573f8000 	/System/Library/PrivateFrameworks/MobileAsset.framework/Versions/A/MobileAsset
0x00007fff60bec000 	/System/Library/PrivateFrameworks/StreamingZip.framework/Versions/A/StreamingZip
0x00007fff3556b000 	/System/Library/Frameworks/MediaToolbox.framework/Versions/A/MediaToolbox
0x00007fff48029000 	/System/Library/PrivateFrameworks/CoreAVCHD.framework/Versions/A/CoreAVCHD
0x00007fff35495000 	/System/Library/Frameworks/MediaAccessibility.framework/Versions/A/MediaAccessibility
0x00007fff567ad000 	/System/Library/PrivateFrameworks/Mangrove.framework/Versions/A/Mangrove
0x00007fff31964000 	/System/Library/Frameworks/CoreMedia.framework/Versions/A/CoreMedia
0x00007fff56a19000 	/System/Library/PrivateFrameworks/MediaExperience.framework/Versions/A/MediaExperience
0x00007fff3e42b000 	/System/Library/Frameworks/VideoToolbox.framework/Versions/A/VideoToolbox
0x00007fff47c53000 	/System/Library/PrivateFrameworks/CoreAUC.framework/Versions/A/CoreAUC
0x00007fff69782000 	/usr/lib/libspindump.dylib
0x00007fff44cbb000 	/System/Library/PrivateFrameworks/AudioResourceArbitration.framework/Versions/A/AudioResourceArbitration
0x00007fff446d1000 	/System/Library/PrivateFrameworks/AppleVA.framework/Versions/A/AppleVA
0x00007fff2c3d1000 	/System/Library/Frameworks/Accelerate.framework/Versions/A/Frameworks/vImage.framework/Versions/A/Libraries/libCGInterfaces.dylib
0x0000000123d9e000 	/usr/lib/libobjc-trampolines.dylib
0x00007fff4cf9c000 	/System/Library/PrivateFrameworks/FontServices.framework/libTrueTypeScaler.dylib
0x00007fff29149000 	/System/Library/Extensions/AppleIntelKBLGraphicsMTLDriver.bundle/Contents/MacOS/AppleIntelKBLGraphicsMTLDriver
0x00007fff50526000 	/System/Library/PrivateFrameworks/GPUCompiler.framework/Versions/3902/Libraries/libmetal_timestamp.dylib
0x00007fff4c7d4000 	/System/Library/PrivateFrameworks/FamilyControls.framework/Versions/A/FamilyControls
0x00007fff47508000 	/System/Library/PrivateFrameworks/CommerceKit.framework/Versions/A/Frameworks/CommerceCore.framework/Versions/A/CommerceCore
0x00007fff60dbe000 	/System/Library/PrivateFrameworks/SystemAdministration.framework/Versions/A/SystemAdministration
0x00007fff4ad62000 	/System/Library/PrivateFrameworks/DiskManagement.framework/Versions/A/DiskManagement
0x00007fff329e5000 	/System/Library/Frameworks/DirectoryService.framework/Versions/A/DirectoryService
0x00007fff4ac99000 	/System/Library/PrivateFrameworks/DiskImages.framework/Versions/A/DiskImages
0x00007fff55fb9000 	/System/Library/PrivateFrameworks/LoginUIKit.framework/Versions/A/Frameworks/LoginUICore.framework/Versions/A/LoginUICore
0x00007fff67248000 	/usr/lib/libCoreStorage.dylib
0x00007fff683be000 	/usr/lib/libcsfde.dylib
0x00007fff6963d000 	/usr/lib/libodfde.dylib
0x00007fff56aa4000 	/System/Library/PrivateFrameworks/MediaKit.framework/Versions/A/MediaKit
0x00007fff329f1000 	/System/Library/Frameworks/DiscRecording.framework/Versions/A/DiscRecording
0x00007fff4af18000 	/System/Library/PrivateFrameworks/EFILogin.framework/Versions/A/EFILogin
0x00007fff5c395000 	/System/Library/PrivateFrameworks/ProtectedCloudStorage.framework/Versions/A/ProtectedCloudStorage
0x00007fff68432000 	/usr/lib/libcurl.4.dylib
0x00007fff682b7000 	/usr/lib/libcrypto.44.dylib
0x00007fff69a62000 	/usr/lib/libssl.46.dylib
0x00007fff35104000 	/System/Library/Frameworks/LDAP.framework/Versions/A/LDAP
0x00007fff6178b000 	/System/Library/PrivateFrameworks/TrustEvaluationAgent.framework/Versions/A/TrustEvaluationAgent
0x00007fff6976f000 	/usr/lib/libsasl2.2.dylib
0x00007fff483a3000 	/System/Library/PrivateFrameworks/CoreDaemon.framework/Versions/B/CoreDaemon
0x00007fff445e7000 	/System/Library/PrivateFrameworks/AppleSRP.framework/Versions/A/AppleSRP
0x00007fff6345b000 	/System/Library/PrivateFrameworks/ViewBridge.framework/Versions/A/ViewBridge
0x00007fff646e9000 	/System/Library/PrivateFrameworks/login.framework/Versions/A/login
0x00007fff3b2cd000 	/System/Library/Frameworks/OpenGL.framework/Versions/A/Resources/GLEngine.bundle/GLEngine
0x00007fff3a6b0000 	/System/Library/Frameworks/OpenGL.framework/Versions/A/Libraries/libGLProgrammability.dylib
0x00007fff28141000 	/System/Library/Extensions/AppleIntelKBLGraphicsGLDriver.bundle/Contents/MacOS/AppleIntelKBLGraphicsGLDriver
0x00007fff51bd8000 	/System/Library/PrivateFrameworks/GPUSupport.framework/Versions/A/Libraries/libGPUSupportMercury.dylib
0x00007fff3b447000 	/System/Library/Frameworks/OpenGL.framework/Versions/A/Resources/GLRendererFloat.bundle/GLRendererFloat
0x00007fff39c69000 	/System/Library/Frameworks/OpenCL.framework/Versions/A/Libraries/libcldcpuengine.dylib
0x00000001256b6000 	/Library/Java/JavaVirtualMachines/jdk1.8.0_251.jdk/Contents/Home/jre/lib/libfontmanager.dylib
0x00007fff5308a000 	/System/Library/PrivateFrameworks/HDRProcessing.framework/Versions/A/HDRProcessing
0x000000012672e000 	/Library/Java/JavaVirtualMachines/jdk1.8.0_251.jdk/Contents/Home/jre/lib/libosxui.dylib
0x0000000126b0c000 	/Library/Java/JavaVirtualMachines/jdk1.8.0_251.jdk/Contents/Home/jre/lib/libnet.dylib
0x0000000126a64000 	/Library/Java/JavaVirtualMachines/jdk1.8.0_251.jdk/Contents/Home/jre/lib/libnio.dylib
0x00000001267ce000 	/private/var/folders/wt/6v8wq9rd4kj7s31p3gp7lg880000gn/T/jogamp_0000/file_cache/jln6606285274689929897/jln4235715288815713422/libgluegen-rt.jnilib
0x00000001267d2000 	/private/var/folders/wt/6v8wq9rd4kj7s31p3gp7lg880000gn/T/jogamp_0000/file_cache/jln6606285274689929897/jln4235715288815713422/libnativewindow_awt.jnilib
0x0000000126ab4000 	/Library/Java/JavaVirtualMachines/jdk1.8.0_251.jdk/Contents/Home/jre/lib/libjawt.dylib
0x0000000194a32000 	/private/var/folders/wt/6v8wq9rd4kj7s31p3gp7lg880000gn/T/jogamp_0000/file_cache/jln6606285274689929897/jln4235715288815713422/libnativewindow_macosx.jnilib
0x0000000194c7f000 	/private/var/folders/wt/6v8wq9rd4kj7s31p3gp7lg880000gn/T/jogamp_0000/file_cache/jln6606285274689929897/jln4235715288815713422/libjogl_desktop.jnilib
0x000000019e525000 	/Library/Java/JavaVirtualMachines/jdk1.8.0_251.jdk/Contents/Home/jre/lib/libt2k.dylib

VM Arguments:
jvm_args: -Djava.security.policy=java.policy.applet -Dfile.encoding=UTF-8 
java_command: sun.applet.AppletViewer module6.EarthquakeCityMap1593731517194.html
java_class_path (initial): /Users/jingjie_ma/Desktop/UCSDUnfoldingMaps/build:/Users/jingjie_ma/Desktop/UCSDUnfoldingMaps/lib/core.jar:/Users/jingjie_ma/Desktop/UCSDUnfoldingMaps/lib/gluegen-rt.jar:/Users/jingjie_ma/Desktop/UCSDUnfoldingMaps/lib/jogl-all.jar:/Users/jingjie_ma/Desktop/UCSDUnfoldingMaps/lib/log4j-1.2.15.jar:/Users/jingjie_ma/Desktop/UCSDUnfoldingMaps/lib/sqlite-jdbc-3.7.2.jar:/Users/jingjie_ma/Desktop/UCSDUnfoldingMaps/lib/json4processing.jar:/Users/jingjie_ma/Desktop/UCSDUnfoldingMaps/lib/libTUIO.jar:/Users/jingjie_ma/Desktop/UCSDUnfoldingMaps/lib/unfolding.0.9.7-uscd.jar
Launcher Type: SUN_STANDARD

Environment Variables:
PATH=/usr/bin:/bin:/usr/sbin:/sbin
SHELL=/bin/bash

Signal Handlers:
SIGSEGV: [libjvm.dylib+0x5bc2ff], sa_mask[0]=11111111011111110111111111111111, sa_flags=SA_ONSTACK|SA_RESTART|SA_SIGINFO
SIGBUS: [libjvm.dylib+0x5bc2ff], sa_mask[0]=11111111011111110111111111111111, sa_flags=SA_RESTART|SA_SIGINFO
SIGFPE: [libjvm.dylib+0x48d41c], sa_mask[0]=11111111011111110111111111111111, sa_flags=SA_RESTART|SA_SIGINFO
SIGPIPE: [libjvm.dylib+0x48d41c], sa_mask[0]=11111111011111110111111111111111, sa_flags=SA_RESTART|SA_SIGINFO
SIGXFSZ: [libjvm.dylib+0x48d41c], sa_mask[0]=11111111011111110111111111111111, sa_flags=SA_RESTART|SA_SIGINFO
SIGILL: [libjvm.dylib+0x48d41c], sa_mask[0]=11111111011111110111111111111111, sa_flags=SA_RESTART|SA_SIGINFO
SIGUSR1: SIG_DFL, sa_mask[0]=00000000000000000000000000000000, sa_flags=none
SIGUSR2: [libjvm.dylib+0x48cf3a], sa_mask[0]=00100000000000000000000000000000, sa_flags=SA_RESTART|SA_SIGINFO
SIGHUP: [libjvm.dylib+0x48b4c5], sa_mask[0]=11111111011111110111111111111111, sa_flags=SA_RESTART|SA_SIGINFO
SIGINT: [libjvm.dylib+0x48b4c5], sa_mask[0]=11111111011111110111111111111111, sa_flags=SA_RESTART|SA_SIGINFO
SIGTERM: [libjvm.dylib+0x48b4c5], sa_mask[0]=11111111011111110111111111111111, sa_flags=SA_RESTART|SA_SIGINFO
SIGQUIT: [libjvm.dylib+0x48b4c5], sa_mask[0]=11111111011111110111111111111111, sa_flags=SA_RESTART|SA_SIGINFO


---------------  S Y S T E M  ---------------

OS:Bsduname:Darwin 19.5.0 Darwin Kernel Version 19.5.0: Tue May 26 20:41:44 PDT 2020; root:xnu-6153.121.2~2/RELEASE_X86_64 x86_64
rlimit: STACK 8192k, CORE 0k, NPROC 2784, NOFILE 10240, AS infinity
load average:2.78 2.25 2.02

CPU:total 8 (initial active 8) (4 cores per cpu, 2 threads per core) family 6 model 142 stepping 10, cmov, cx8, fxsr, mmx, sse, sse2, sse3, ssse3, sse4.1, sse4.2, popcnt, avx, avx2, aes, clmul, erms, 3dnowpref, lzcnt, ht, tsc, tscinvbit, bmi1, bmi2, adx

Memory: 4k page, physical 16777216k(3725836k free)

/proc/meminfo:


vm_info: Java HotSpot(TM) 64-Bit Server VM (25.251-b08) for bsd-amd64 JRE (1.8.0_251-b08), built on Mar 12 2020 02:36:37 by "java_re" with gcc 4.2.1 (Based on Apple Inc. build 5658) (LLVM build 2336.11.00)

time: Thu Jul  2 19:12:01 2020
timezone: EDT
elapsed time: 4 seconds (0d 0h 0m 4s)

