#
# A fatal error has been detected by the Java Runtime Environment:
#
#  SIGSEGV (0xb) at pc=0x00007fff6960f829, pid=1041, tid=0x0000000000000307
#
# JRE version: Java(TM) SE Runtime Environment (8.0_251-b08) (build 1.8.0_251-b08)
# Java VM: Java HotSpot(TM) 64-Bit Server VM (25.251-b08 mixed mode bsd-amd64 compressed oops)
# Problematic frame:
# C  [libobjc.A.dylib+0x6829]  objc_msgSend+0x29
#
# Failed to write core dump. Core dumps have been disabled. To enable core dumping, try "ulimit -c unlimited" before starting Java again
#
# If you would like to submit a bug report, please visit:
#   http://bugreport.java.com/bugreport/crash.jsp
# The crash happened outside the Java Virtual Machine in native code.
# See problematic frame for where to report the bug.
#

---------------  T H R E A D  ---------------

Current thread (0x00007fd9470ce800):  JavaThread "AWT-AppKit" daemon [_thread_in_native, id=775, stack(0x00007ffeeeefe000,0x00007ffeef6fe000)]

siginfo: si_signo: 11 (SIGSEGV), si_code: 1 (SEGV_MAPERR), si_addr: 0x0000012800000490

Registers:
RAX=0x00007fd94b1219d0, RBX=0x000000018f705450, RCX=0x0000000000000001, RDX=0x0000000000000000
RSP=0x00007ffeef6f93d8, RBP=0x00007ffeef6f9490, RSI=0x00007fff74a5d28e, RDI=0x00007fd94b1222e0
R8 =0x0000000000000000, R9 =0x0000000000000031, R10=0x0000000103411810, R11=0x0000012800000490
R12=0x0000000000000000, R13=0x0000000193bcd6d0, R14=0x000000018f705440, R15=0x00007fd9470ce800
RIP=0x00007fff6960f829, EFLAGS=0x0000000000010206, ERR=0x0000000000000004
  TRAPNO=0x000000000000000e

Top of Stack: (sp=0x00007ffeef6f93d8)
0x00007ffeef6f93d8:   000000018f703157 00007ffeef6f9430
0x00007ffeef6f93e8:   0000000000000003 00007ffeef6f9410
0x00007ffeef6f93f8:   0000000101b433ca 0000000193bcd6d0
0x00007ffeef6f9408:   0000000193bcd6d0 00007fd94b1219d0
0x00007ffeef6f9418:   000000018f7056a0 000000018f705710
0x00007ffeef6f9428:   00007fff88014e98 00007fff89900148
0x00007ffeef6f9438:   000000018f705450 000000018f705690
0x00007ffeef6f9448:   00007fd94b1219d0 00007fd94b1222e0
0x00007ffeef6f9458:   00007fd9461744f0 00007fd94b1219d0
0x00007ffeef6f9468:   00007fd94b1222e0 00007ffeef6f9510
0x00007ffeef6f9478:   00007fd9470ce9f8 0000000193bcd6d0
0x00007ffeef6f9488:   00007ffeef6f9538 00007ffeef6f9500
0x00007ffeef6f9498:   00000001029d6667 00007ffeef6f9500
0x00007ffeef6f94a8:   00000001029d63b9 00007ffeef6f94f0
0x00007ffeef6f94b8:   00000001029d6382 00007ffeef6f94c0
0x00007ffeef6f94c8:   0000000193bcd6d0 00007ffeef6f9538
0x00007ffeef6f94d8:   0000000193bcee80 0000000000000000
0x00007ffeef6f94e8:   0000000193bcd6d0 0000000000000000
0x00007ffeef6f94f8:   00007ffeef6f9520 00007ffeef6f9580
0x00007ffeef6f9508:   00000001029c62bd 00000006c10f3340
0x00007ffeef6f9518:   00000001029cfd18 00007fd94b1219d0
0x00007ffeef6f9528:   00000001029d17b9 00007fd94b1222e0
0x00007ffeef6f9538:   00000001029d1782 00007ffeef6f9540
0x00007ffeef6f9548:   0000000193bcd89a 00007ffeef6f95a8
0x00007ffeef6f9558:   0000000193bcee80 0000000000000000
0x00007ffeef6f9568:   0000000193bcd8a8 00007ffeef6f9520
0x00007ffeef6f9578:   00007ffeef6f9590 00007ffeef6f95f0
0x00007ffeef6f9588:   00000001029c62bd 00007fd94b1219d0
0x00007ffeef6f9598:   00000006c0dcd6f8 00007fd94b1222e0
0x00007ffeef6f95a8:   00000006c0dcd6f8 00007ffeef6f95b0
0x00007ffeef6f95b8:   00000001978ac966 00007ffeef6f9600
0x00007ffeef6f95c8:   00000001978aca20 0000000000000000 

Instructions: (pc=0x00007fff6960f829)
0x00007fff6960f809:   01 2e 75 76 49 ba f8 ff ff ff ff 7f 00 00 4c 23
0x00007fff6960f819:   17 49 89 f3 45 23 5a 18 49 c1 e3 04 4d 03 5a 10
0x00007fff6960f829:   49 3b 33 75 0a 4d 8b 5b 08 4d 31 d3 41 ff e3 49
0x00007fff6960f839:   83 3b 01 76 13 49 83 c3 10 49 3b 33 75 f1 4d 8b 

Register to memory mapping:

RAX=0x00007fd94b1219d0 is an unknown value
RBX=0x000000018f705450: Java_jogamp_nativewindow_macosx_OSXUtil_GetScreenRefreshRate0+0x1cf0 in /private/var/folders/wt/6v8wq9rd4kj7s31p3gp7lg880000gn/T/jogamp_0000/file_cache/jln3850574644511898368/jln6759872039332617798/libnativewindow_macosx.jnilib at 0x000000018f6fe000
RCX=0x0000000000000001 is an unknown value
RDX=0x0000000000000000 is an unknown value
RSP=0x00007ffeef6f93d8 is pointing into the stack for thread: 0x00007fd9470ce800
RBP=0x00007ffeef6f9490 is pointing into the stack for thread: 0x00007fd9470ce800
RSI=0x00007fff74a5d28e: GCC_except_table740+0xb4243be in /usr/lib/libobjc.A.dylib at 0x00007fff69609000
RDI=0x00007fd94b1222e0 is an unknown value
R8 =0x0000000000000000 is an unknown value
R9 =0x0000000000000031 is an unknown value
R10=0x0000000103411810 is at entry_point+-368 in (nmethod*)0x0000000103411810
R11=0x0000012800000490 is an unknown value
R12=0x0000000000000000 is an unknown value
R13={method} {0x0000000193bcd6d0} 'UnsetJAWTRootSurfaceLayer0' '(JJ)V' in 'jogamp/nativewindow/jawt/macosx/MacOSXJAWTWindow'
R14=0x000000018f705440: Java_jogamp_nativewindow_macosx_OSXUtil_GetScreenRefreshRate0+0x1ce0 in /private/var/folders/wt/6v8wq9rd4kj7s31p3gp7lg880000gn/T/jogamp_0000/file_cache/jln3850574644511898368/jln6759872039332617798/libnativewindow_macosx.jnilib at 0x000000018f6fe000
R15=0x00007fd9470ce800 is a thread


Stack: [0x00007ffeeeefe000,0x00007ffeef6fe000],  sp=0x00007ffeef6f93d8,  free space=8172k
Native frames: (J=compiled Java code, j=interpreted, Vv=VM code, C=native code)
C  [libobjc.A.dylib+0x6829]  objc_msgSend+0x29
j  jogamp.nativewindow.jawt.macosx.MacOSXJAWTWindow.UnsetJAWTRootSurfaceLayer0(JJ)V+0
j  jogamp.nativewindow.jawt.macosx.MacOSXJAWTWindow.access$200(JJ)V+2
j  jogamp.nativewindow.jawt.macosx.MacOSXJAWTWindow$1.run()V+38
j  com.jogamp.common.util.RunnableTask.run()V+24
v  ~StubRoutines::call_stub
V  [libjvm.dylib+0x2f09b2]  JavaCalls::call_helper(JavaValue*, methodHandle*, JavaCallArguments*, Thread*)+0x6ae
V  [libjvm.dylib+0x327c14]  jni_invoke_nonstatic(JNIEnv_*, JavaValue*, _jobject*, JNICallType, _jmethodID*, JNI_ArgumentPusher*, Thread*)+0x2ec
V  [libjvm.dylib+0x31a3f7]  jni_CallVoidMethod+0x16b
C  [libnativewindow_macosx.jnilib+0x5326]  Java_jogamp_nativewindow_jawt_macosx_MacOSXJAWTWindow_UnsetJAWTRootSurfaceLayer0+0x2b6
C  [Foundation+0x9b0dd]  __NSThreadPerformPerform+0xcc
C  [CoreFoundation+0x83de2]  __CFRUNLOOP_IS_CALLING_OUT_TO_A_SOURCE0_PERFORM_FUNCTION__+0x11
C  [CoreFoundation+0x83d81]  __CFRunLoopDoSource0+0x67
C  [CoreFoundation+0x83bf7]  __CFRunLoopDoSources0+0x12d
C  [CoreFoundation+0x828ca]  __CFRunLoopRun+0x39f
C  [CoreFoundation+0x81ece]  CFRunLoopRunSpecific+0x1ce
C  [HIToolbox+0x2fabd]  RunCurrentEventLoopInMode+0x124
C  [HIToolbox+0x2f6f4]  ReceiveNextEventCommon+0x167
C  [HIToolbox+0x2f579]  _BlockUntilNextEventMatchingListInModeWithFilter+0x40
C  [AppKit+0x41829]  _DPSNextEvent+0x373
C  [AppKit+0x40070]  -[NSApplication(NSEvent) _nextEventMatchingEventMask:untilDate:inMode:dequeue:]+0x548
C  [libosxapp.dylib+0x2328]  -[NSApplicationAWT nextEventMatchingMask:untilDate:inMode:dequeue:]+0x7c
C  [AppKit+0x31d7e]  -[NSApplication run]+0x292
C  [libosxapp.dylib+0x1f72]  +[NSApplicationAWT runAWTLoopWithApp:]+0x9c
C  [libawt_lwawt.dylib+0x4803b]  -[AWTStarter starter:]+0x389
C  [Foundation+0x9b0dd]  __NSThreadPerformPerform+0xcc
C  [CoreFoundation+0x83de2]  __CFRUNLOOP_IS_CALLING_OUT_TO_A_SOURCE0_PERFORM_FUNCTION__+0x11
C  [CoreFoundation+0x83d81]  __CFRunLoopDoSource0+0x67
C  [CoreFoundation+0x83b9b]  __CFRunLoopDoSources0+0xd1
C  [CoreFoundation+0x828ca]  __CFRunLoopRun+0x39f
C  [CoreFoundation+0x81ece]  CFRunLoopRunSpecific+0x1ce
C  [java+0x646e]  CreateExecutionEnvironment+0x367
C  [java+0x203c]  JLI_Launch+0x7a0
C  [java+0x84cb]  main+0x65
C  [java+0x1894]  start+0x34
C  0x0000000000000007

Java frames: (J=compiled Java code, j=interpreted, Vv=VM code)
j  jogamp.nativewindow.jawt.macosx.MacOSXJAWTWindow.UnsetJAWTRootSurfaceLayer0(JJ)V+0
j  jogamp.nativewindow.jawt.macosx.MacOSXJAWTWindow.access$200(JJ)V+2
j  jogamp.nativewindow.jawt.macosx.MacOSXJAWTWindow$1.run()V+38
j  com.jogamp.common.util.RunnableTask.run()V+24
v  ~StubRoutines::call_stub

---------------  P R O C E S S  ---------------

Java Threads: ( => current thread )
  0x00007fd94e0bf000 JavaThread "Thread-19" [_thread_blocked, id=61275, stack(0x0000700008072000,0x0000700008172000)]
  0x00007fd947167000 JavaThread "AWT-EventQueue-1" [_thread_blocked, id=66075, stack(0x0000700008916000,0x0000700008a16000)]
  0x00007fd942388800 JavaThread "DestroyJavaVM" [_thread_blocked, id=3587, stack(0x0000700006b30000,0x0000700006c30000)]
  0x00007fd94225a000 JavaThread "AWT-EventQueue-0" [_thread_blocked, id=52231, stack(0x0000700008710000,0x0000700008810000)]
  0x00007fd942993000 JavaThread "Java2D Disposer" daemon [_thread_blocked, id=74515, stack(0x0000700008487000,0x0000700008587000)]
  0x00007fd9421df800 JavaThread "Java2D Queue Flusher" daemon [_thread_blocked, id=50703, stack(0x0000700008384000,0x0000700008484000)]
  0x00007fd9470c8000 JavaThread "AWT-Shutdown" [_thread_blocked, id=38427, stack(0x0000700007f6f000,0x000070000806f000)]
=>0x00007fd9470ce800 JavaThread "AWT-AppKit" daemon [_thread_in_native, id=775, stack(0x00007ffeeeefe000,0x00007ffeef6fe000)]
  0x00007fd946832800 JavaThread "Service Thread" daemon [_thread_blocked, id=15107, stack(0x0000700007d69000,0x0000700007e69000)]
  0x00007fd94680d800 JavaThread "C1 CompilerThread3" daemon [_thread_blocked, id=16131, stack(0x0000700007c66000,0x0000700007d66000)]
  0x00007fd94681a000 JavaThread "C2 CompilerThread2" daemon [_thread_blocked, id=14339, stack(0x0000700007b63000,0x0000700007c63000)]
  0x00007fd94180e000 JavaThread "C2 CompilerThread1" daemon [_thread_blocked, id=16387, stack(0x0000700007a60000,0x0000700007b60000)]
  0x00007fd94701b000 JavaThread "C2 CompilerThread0" daemon [_thread_blocked, id=16643, stack(0x000070000795d000,0x0000700007a5d000)]
  0x00007fd94180d000 JavaThread "Signal Dispatcher" daemon [_thread_blocked, id=16899, stack(0x000070000785a000,0x000070000795a000)]
  0x00007fd94205d000 JavaThread "Finalizer" daemon [_thread_blocked, id=19459, stack(0x0000700007651000,0x0000700007751000)]
  0x00007fd94205a800 JavaThread "Reference Handler" daemon [_thread_blocked, id=19971, stack(0x000070000754e000,0x000070000764e000)]

Other Threads:
  0x00007fd942054000 VMThread [stack: 0x000070000744b000,0x000070000754b000] [id=12035]
  0x00007fd94205e800 WatcherThread [stack: 0x0000700007e6c000,0x0000700007f6c000] [id=15619]

VM state:not at safepoint (normal execution)

VM Mutex/Monitor currently owned by a thread: None

heap address: 0x00000006c0000000, size: 4096 MB, Compressed Oops mode: Zero based, Oop shift amount: 3
Narrow klass base: 0x0000000000000000, Narrow klass shift: 3
Compressed class space size: 1073741824 Address: 0x00000007c0000000

Heap:
 PSYoungGen      total 84480K, used 47611K [0x000000076ab00000, 0x0000000771800000, 0x00000007c0000000)
  eden space 61440K, 76% used [0x000000076ab00000,0x000000076d926ef8,0x000000076e700000)
  from space 23040K, 1% used [0x0000000770180000,0x00000007701d8000,0x0000000771800000)
  to   space 25088K, 0% used [0x000000076e700000,0x000000076e700000,0x000000076ff80000)
 ParOldGen       total 137728K, used 24468K [0x00000006c0000000, 0x00000006c8680000, 0x000000076ab00000)
  object space 137728K, 17% used [0x00000006c0000000,0x00000006c17e52d0,0x00000006c8680000)
 Metaspace       used 21402K, capacity 21795K, committed 22016K, reserved 1069056K
  class space    used 2139K, capacity 2254K, committed 2304K, reserved 1048576K

Card table byte_map: [0x0000000111d7e000,0x000000011257f000] byte_map_base: 0x000000010e77e000

Marking Bits: (ParMarkBitMap*) 0x0000000102300f60
 Begin Bits: [0x0000000112ad5000, 0x0000000116ad5000)
 End Bits:   [0x0000000116ad5000, 0x000000011aad5000)

Polling page: 0x0000000100577000

CodeCache: size=245760Kb used=10533Kb max_used=10533Kb free=235226Kb
 bounds [0x00000001029be000, 0x000000010341e000, 0x00000001119be000]
 total_blobs=3834 nmethods=2919 adapters=828
 compilation: enabled

Compilation events (10 events):
Event: 1628.094 Thread 0x00007fd94680d800 2919  s    3       sun.font.CStrike$GlyphInfoCache::get (84 bytes)
Event: 1628.094 Thread 0x00007fd94680d800 nmethod 2919 0x000000010340f4d0 code [0x000000010340f6c0, 0x00000001034101b8]
Event: 1628.094 Thread 0x00007fd94680d800 2920       3       java.lang.invoke.MethodType::basicType (8 bytes)
Event: 1628.094 Thread 0x00007fd94680d800 nmethod 2920 0x0000000103410550 code [0x00000001034106c0, 0x00000001034108b0]
Event: 1628.096 Thread 0x00007fd94680d800 2921       3       java.util.concurrent.locks.AbstractQueuedSynchronizer::releaseShared (16 bytes)
Event: 1628.096 Thread 0x00007fd94680d800 nmethod 2921 0x0000000103410cd0 code [0x0000000103410e60, 0x00000001034110f8]
Event: 1628.096 Thread 0x00007fd94680d800 2923       3       java.util.concurrent.locks.AbstractQueuedSynchronizer::isOnSyncQueue (33 bytes)
Event: 1628.097 Thread 0x00007fd94680d800 nmethod 2923 0x0000000103411190 code [0x0000000103411320, 0x00000001034116b0]
Event: 1628.097 Thread 0x00007fd94680d800 2924       3       java.lang.invoke.LambdaForm::uncustomize (58 bytes)
Event: 1628.097 Thread 0x00007fd94680d800 nmethod 2924 0x0000000103411810 code [0x0000000103411980, 0x0000000103411c30]

GC Heap History (10 events):
Event: 4.798 GC heap before
{Heap before GC invocations=5 (full 1):
 PSYoungGen      total 76288K, used 65536K [0x000000076ab00000, 0x0000000770000000, 0x00000007c0000000)
  eden space 65536K, 100% used [0x000000076ab00000,0x000000076eb00000,0x000000076eb00000)
  from space 10752K, 0% used [0x000000076eb00000,0x000000076eb00000,0x000000076f580000)
  to   space 10752K, 0% used [0x000000076f580000,0x000000076f580000,0x0000000770000000)
 ParOldGen       total 137728K, used 24444K [0x00000006c0000000, 0x00000006c8680000, 0x000000076ab00000)
  object space 137728K, 17% used [0x00000006c0000000,0x00000006c17df2d0,0x00000006c8680000)
 Metaspace       used 20950K, capacity 21305K, committed 21504K, reserved 1069056K
  class space    used 2103K, capacity 2219K, committed 2304K, reserved 1048576K
Event: 4.799 GC heap after
Heap after GC invocations=5 (full 1):
 PSYoungGen      total 76288K, used 256K [0x000000076ab00000, 0x0000000771b00000, 0x00000007c0000000)
  eden space 65536K, 0% used [0x000000076ab00000,0x000000076ab00000,0x000000076eb00000)
  from space 10752K, 2% used [0x000000076f580000,0x000000076f5c0000,0x0000000770000000)
  to   space 10752K, 0% used [0x000000076eb00000,0x000000076eb00000,0x000000076f580000)
 ParOldGen       total 137728K, used 24452K [0x00000006c0000000, 0x00000006c8680000, 0x000000076ab00000)
  object space 137728K, 17% used [0x00000006c0000000,0x00000006c17e12d0,0x00000006c8680000)
 Metaspace       used 20950K, capacity 21305K, committed 21504K, reserved 1069056K
  class space    used 2103K, capacity 2219K, committed 2304K, reserved 1048576K
}
Event: 1420.606 GC heap before
{Heap before GC invocations=6 (full 1):
 PSYoungGen      total 76288K, used 65792K [0x000000076ab00000, 0x0000000771b00000, 0x00000007c0000000)
  eden space 65536K, 100% used [0x000000076ab00000,0x000000076eb00000,0x000000076eb00000)
  from space 10752K, 2% used [0x000000076f580000,0x000000076f5c0000,0x0000000770000000)
  to   space 10752K, 0% used [0x000000076eb00000,0x000000076eb00000,0x000000076f580000)
 ParOldGen       total 137728K, used 24452K [0x00000006c0000000, 0x00000006c8680000, 0x000000076ab00000)
  object space 137728K, 17% used [0x00000006c0000000,0x00000006c17e12d0,0x00000006c8680000)
 Metaspace       used 21021K, capacity 21375K, committed 21760K, reserved 1069056K
  class space    used 2105K, capacity 2220K, committed 2304K, reserved 1048576K
Event: 1420.607 GC heap after
Heap after GC invocations=6 (full 1):
 PSYoungGen      total 75264K, used 224K [0x000000076ab00000, 0x0000000772000000, 0x00000007c0000000)
  eden space 64512K, 0% used [0x000000076ab00000,0x000000076ab00000,0x000000076ea00000)
  from space 10752K, 2% used [0x000000076eb00000,0x000000076eb38000,0x000000076f580000)
  to   space 27648K, 0% used [0x0000000770500000,0x0000000770500000,0x0000000772000000)
 ParOldGen       total 137728K, used 24460K [0x00000006c0000000, 0x00000006c8680000, 0x000000076ab00000)
  object space 137728K, 17% used [0x00000006c0000000,0x00000006c17e32d0,0x00000006c8680000)
 Metaspace       used 21021K, capacity 21375K, committed 21760K, reserved 1069056K
  class space    used 2105K, capacity 2220K, committed 2304K, reserved 1048576K
}
Event: 1421.439 GC heap before
{Heap before GC invocations=7 (full 1):
 PSYoungGen      total 75264K, used 64736K [0x000000076ab00000, 0x0000000772000000, 0x00000007c0000000)
  eden space 64512K, 100% used [0x000000076ab00000,0x000000076ea00000,0x000000076ea00000)
  from space 10752K, 2% used [0x000000076eb00000,0x000000076eb38000,0x000000076f580000)
  to   space 27648K, 0% used [0x0000000770500000,0x0000000770500000,0x0000000772000000)
 ParOldGen       total 137728K, used 24460K [0x00000006c0000000, 0x00000006c8680000, 0x000000076ab00000)
  object space 137728K, 17% used [0x00000006c0000000,0x00000006c17e32d0,0x00000006c8680000)
 Metaspace       used 21268K, capacity 21663K, committed 22016K, reserved 1069056K
  class space    used 2126K, capacity 2252K, committed 2304K, reserved 1048576K
Event: 1421.440 GC heap after
Heap after GC invocations=7 (full 1):
 PSYoungGen      total 89088K, used 530K [0x000000076ab00000, 0x0000000771e00000, 0x00000007c0000000)
  eden space 63488K, 0% used [0x000000076ab00000,0x000000076ab00000,0x000000076e900000)
  from space 25600K, 2% used [0x0000000770500000,0x0000000770584908,0x0000000771e00000)
  to   space 27136K, 0% used [0x000000076e900000,0x000000076e900000,0x0000000770380000)
 ParOldGen       total 137728K, used 24468K [0x00000006c0000000, 0x00000006c8680000, 0x000000076ab00000)
  object space 137728K, 17% used [0x00000006c0000000,0x00000006c17e52d0,0x00000006c8680000)
 Metaspace       used 21268K, capacity 21663K, committed 22016K, reserved 1069056K
  class space    used 2126K, capacity 2252K, committed 2304K, reserved 1048576K
}
Event: 1422.347 GC heap before
{Heap before GC invocations=8 (full 1):
 PSYoungGen      total 89088K, used 64018K [0x000000076ab00000, 0x0000000771e00000, 0x00000007c0000000)
  eden space 63488K, 100% used [0x000000076ab00000,0x000000076e900000,0x000000076e900000)
  from space 25600K, 2% used [0x0000000770500000,0x0000000770584908,0x0000000771e00000)
  to   space 27136K, 0% used [0x000000076e900000,0x000000076e900000,0x0000000770380000)
 ParOldGen       total 137728K, used 24468K [0x00000006c0000000, 0x00000006c8680000, 0x000000076ab00000)
  object space 137728K, 17% used [0x00000006c0000000,0x00000006c17e52d0,0x00000006c8680000)
 Metaspace       used 21303K, capacity 21663K, committed 22016K, reserved 1069056K
  class space    used 2126K, capacity 2252K, committed 2304K, reserved 1048576K
Event: 1422.348 GC heap after
Heap after GC invocations=8 (full 1):
 PSYoungGen      total 62976K, used 352K [0x000000076ab00000, 0x0000000771b00000, 0x00000007c0000000)
  eden space 62464K, 0% used [0x000000076ab00000,0x000000076ab00000,0x000000076e800000)
  from space 512K, 68% used [0x000000076e900000,0x000000076e958000,0x000000076e980000)
  to   space 26112K, 0% used [0x0000000770180000,0x0000000770180000,0x0000000771b00000)
 ParOldGen       total 137728K, used 24468K [0x00000006c0000000, 0x00000006c8680000, 0x000000076ab00000)
  object space 137728K, 17% used [0x00000006c0000000,0x00000006c17e52d0,0x00000006c8680000)
 Metaspace       used 21303K, capacity 21663K, committed 22016K, reserved 1069056K
  class space    used 2126K, capacity 2252K, committed 2304K, reserved 1048576K
}
Event: 1627.467 GC heap before
{Heap before GC invocations=9 (full 1):
 PSYoungGen      total 62976K, used 62816K [0x000000076ab00000, 0x0000000771b00000, 0x00000007c0000000)
  eden space 62464K, 100% used [0x000000076ab00000,0x000000076e800000,0x000000076e800000)
  from space 512K, 68% used [0x000000076e900000,0x000000076e958000,0x000000076e980000)
  to   space 26112K, 0% used [0x0000000770180000,0x0000000770180000,0x0000000771b00000)
 ParOldGen       total 137728K, used 24468K [0x00000006c0000000, 0x00000006c8680000, 0x000000076ab00000)
  object space 137728K, 17% used [0x00000006c0000000,0x00000006c17e52d0,0x00000006c8680000)
 Metaspace       used 21320K, capacity 21663K, committed 22016K, reserved 1069056K
  class space    used 2126K, capacity 2252K, committed 2304K, reserved 1048576K
Event: 1627.469 GC heap after
Heap after GC invocations=9 (full 1):
 PSYoungGen      total 84480K, used 352K [0x000000076ab00000, 0x0000000771800000, 0x00000007c0000000)
  eden space 61440K, 0% used [0x000000076ab00000,0x000000076ab00000,0x000000076e700000)
  from space 23040K, 1% used [0x0000000770180000,0x00000007701d8000,0x0000000771800000)
  to   space 25088K, 0% used [0x000000076e700000,0x000000076e700000,0x000000076ff80000)
 ParOldGen       total 137728K, used 24468K [0x00000006c0000000, 0x00000006c8680000, 0x000000076ab00000)
  object space 137728K, 17% used [0x00000006c0000000,0x00000006c17e52d0,0x00000006c8680000)
 Metaspace       used 21320K, capacity 21663K, committed 22016K, reserved 1069056K
  class space    used 2126K, capacity 2252K, committed 2304K, reserved 1048576K
}

Deoptimization events (10 events):
Event: 1420.652 Thread 0x00007fd947167000 Uncommon trap: reason=unstable_if action=reinterpret pc=0x00000001031ae744 method=module6.CommonMarker.draw(Lprocessing/core/PGraphics;FF)V @ 18
Event: 1420.654 Thread 0x00007fd947167000 Uncommon trap: reason=unstable_if action=reinterpret pc=0x00000001031ab198 method=processing.opengl.PGraphicsOpenGL$InGeometry.addVertex(FFFIFFFFFIFIIIFIZ)I @ 211
Event: 1420.654 Thread 0x00007fd947167000 Uncommon trap: reason=unstable_if action=reinterpret pc=0x000000010321bf7c method=processing.opengl.PGraphicsOpenGL.tessellate(I)V @ 389
Event: 1420.715 Thread 0x00007fd947167000 Uncommon trap: reason=unstable_if action=reinterpret pc=0x00000001032af010 method=de.fhpotsdam.unfolding.marker.SimplePointMarker.isInside(FFFF)Z @ 31
Event: 1420.832 Thread 0x00007fd946a0a800 Uncommon trap: reason=unstable_if action=reinterpret pc=0x0000000103308658 method=java.util.concurrent.locks.ReentrantLock$Sync.nonfairTryAcquire(I)Z @ 19
Event: 1420.887 Thread 0x00007fd947167000 Uncommon trap: reason=class_check action=maybe_recompile pc=0x000000010334ded8 method=module6.CommonMarker.draw(Lprocessing/core/PGraphics;FF)V @ 25
Event: 1420.933 Thread 0x00007fd947167000 Uncommon trap: reason=class_check action=maybe_recompile pc=0x000000010334ded8 method=module6.CommonMarker.draw(Lprocessing/core/PGraphics;FF)V @ 25
Event: 1628.077 Thread 0x00007fd9429a3000 Uncommon trap: reason=unstable_if action=reinterpret pc=0x00000001030b5e70 method=java.util.HashMap.putVal(ILjava/lang/Object;Ljava/lang/Object;ZZ)Ljava/lang/Object; @ 81
Event: 1628.077 Thread 0x00007fd9429a3000 Uncommon trap: reason=unstable_if action=reinterpret pc=0x0000000102f8f714 method=java.util.HashMap.putVal(ILjava/lang/Object;Ljava/lang/Object;ZZ)Ljava/lang/Object; @ 81
Event: 1628.094 Thread 0x00007fd94e0bf000 Uncommon trap: reason=predicate action=maybe_recompile pc=0x000000010339dfe0 method=java.util.Vector.indexOf(Ljava/lang/Object;I)I @ 44

Classes redefined (0 events):
No events

Internal exceptions (10 events):
Event: 0.231 Thread 0x00007fd943809000 Exception <a 'java/io/FileNotFoundException'> (0x000000076ae33830) thrown at [/jenkins/workspace/8-2-build-macosx-x86_64/jdk8u251/737/hotspot/src/share/vm/prims/jni.cpp, line 710]
Event: 0.231 Thread 0x00007fd943809000 Exception <a 'java/io/FileNotFoundException'> (0x000000076ae343b8) thrown at [/jenkins/workspace/8-2-build-macosx-x86_64/jdk8u251/737/hotspot/src/share/vm/prims/jni.cpp, line 710]
Event: 0.293 Thread 0x00007fd943809000 Exception <a 'java/io/FileNotFoundException'> (0x000000076aeb6db0) thrown at [/jenkins/workspace/8-2-build-macosx-x86_64/jdk8u251/737/hotspot/src/share/vm/prims/jni.cpp, line 710]
Event: 1.211 Thread 0x00007fd946a0a800 Exception <a 'java/lang/UnsatisfiedLinkError': com.jogamp.common.util.JarUtil.fixNativeLibAttribs(Ljava/lang/String;)Z> (0x000000076c8bd3d8) thrown at [/jenkins/workspace/8-2-build-macosx-x86_64/jdk8u251/737/hotspot/src/share/vm/prims/nativeLookup.cpp, li
Event: 2.159 Thread 0x00007fd947167000 Exception <a 'java/io/FileNotFoundException'> (0x000000076d934570) thrown at [/jenkins/workspace/8-2-build-macosx-x86_64/jdk8u251/737/hotspot/src/share/vm/prims/jni.cpp, line 710]
Event: 2.159 Thread 0x00007fd947167000 Exception <a 'java/io/FileNotFoundException'> (0x000000076d93a458) thrown at [/jenkins/workspace/8-2-build-macosx-x86_64/jdk8u251/737/hotspot/src/share/vm/prims/jni.cpp, line 710]
Event: 2.159 Thread 0x00007fd947167000 Implicit null exception at 0x0000000102ba3a76 to 0x0000000102ba3e39
Event: 2.340 Thread 0x00007fd94205d000 Exception <a 'java/lang/NullPointerException'> (0x000000076ad1e1c8) thrown at [/jenkins/workspace/8-2-build-macosx-x86_64/jdk8u251/737/hotspot/src/share/vm/interpreter/linkResolver.cpp, line 1185]
Event: 2.967 Thread 0x00007fd947167000 Implicit null exception at 0x0000000102d90b46 to 0x0000000102d90d8d
Event: 1420.102 Thread 0x00007fd947167000 Implicit null exception at 0x0000000103020aa5 to 0x0000000103020bf9

Events (10 events):
Event: 1628.093 loading class java/awt/event/AWTEventListenerProxy
Event: 1628.093 loading class java/awt/event/AWTEventListenerProxy done
Event: 1628.093 loading class java/awt/Toolkit$ToolkitEventMulticaster
Event: 1628.093 loading class java/awt/Toolkit$ToolkitEventMulticaster done
Event: 1628.093 Thread 0x00007fd9429a3000 Thread exited: 0x00007fd9429a3000
Event: 1628.094 Thread 0x00007fd94e0bf000 Uncommon trap: trap_request=0xffffff86 fr.pc=0x000000010339dfe0
Event: 1628.094 Thread 0x00007fd94e0bf000 DEOPT PACKING pc=0x000000010339dfe0 sp=0x00007000081718b0
Event: 1628.094 Thread 0x00007fd94e0bf000 DEOPT UNPACKING pc=0x0000000102a0373a sp=0x0000700008171860 mode 2
Event: 1628.094 loading class java/awt/Window$1DisposeAction
Event: 1628.094 loading class java/awt/Window$1DisposeAction done


Dynamic libraries:
0x00007fff2f8a5000 	/System/Library/Frameworks/Cocoa.framework/Versions/A/Cocoa
0x00007fff3d08d000 	/System/Library/Frameworks/Security.framework/Versions/A/Security
0x00007fff2e80c000 	/System/Library/Frameworks/ApplicationServices.framework/Versions/A/ApplicationServices
0x00007fff69ce5000 	/usr/lib/libz.1.dylib
0x00007fff677a9000 	/usr/lib/libSystem.B.dylib
0x00007fff69609000 	/usr/lib/libobjc.A.dylib
0x00007fff30745000 	/System/Library/Frameworks/CoreFoundation.framework/Versions/A/CoreFoundation
0x00007fff32dff000 	/System/Library/Frameworks/Foundation.framework/Versions/C/Foundation
0x00007fff2d9fc000 	/System/Library/Frameworks/AppKit.framework/Versions/C/AppKit
0x00007fff30229000 	/System/Library/Frameworks/CoreData.framework/Versions/A/CoreData
0x00007fff617c4000 	/System/Library/PrivateFrameworks/UIFoundation.framework/Versions/A/UIFoundation
0x00007fff5c868000 	/System/Library/PrivateFrameworks/RemoteViewServices.framework/Versions/A/RemoteViewServices
0x00007fff64319000 	/System/Library/PrivateFrameworks/XCTTargetBootstrap.framework/Versions/A/XCTTargetBootstrap
0x00007fff30614000 	/System/Library/Frameworks/CoreDisplay.framework/Versions/A/CoreDisplay
0x00007fff35cba000 	/System/Library/Frameworks/Metal.framework/Versions/A/Metal
0x00007fff4a874000 	/System/Library/PrivateFrameworks/DesktopServicesPriv.framework/Versions/A/DesktopServicesPriv
0x00007fff688e4000 	/usr/lib/liblangid.dylib
0x00007fff49b0c000 	/System/Library/PrivateFrameworks/CoreSVG.framework/Versions/A/CoreSVG
0x00007fff5f9c1000 	/System/Library/PrivateFrameworks/SkyLight.framework/Versions/A/SkyLight
0x00007fff30bc6000 	/System/Library/Frameworks/CoreGraphics.framework/Versions/A/CoreGraphics
0x00007fff2c3d0000 	/System/Library/Frameworks/Accelerate.framework/Versions/A/Accelerate
0x00007fff69bd6000 	/usr/lib/libxml2.2.dylib
0x00007fff55801000 	/System/Library/PrivateFrameworks/IconServices.framework/Versions/A/IconServices
0x00007fff335de000 	/System/Library/Frameworks/IOSurface.framework/Versions/A/IOSurface
0x00007fff672d3000 	/usr/lib/libDiagnosticMessagesClient.dylib
0x00007fff4a6ce000 	/System/Library/PrivateFrameworks/DFRFoundation.framework/Versions/A/DFRFoundation
0x00007fff68673000 	/usr/lib/libicucore.A.dylib
0x00007fff2eb3e000 	/System/Library/Frameworks/AudioToolbox.framework/Versions/A/AudioToolbox
0x00007fff2ec21000 	/System/Library/Frameworks/AudioUnit.framework/Versions/A/AudioUnit
0x00007fff679ab000 	/usr/lib/libauto.dylib
0x00007fff4a770000 	/System/Library/PrivateFrameworks/DataDetectorsCore.framework/Versions/A/DataDetectorsCore
0x00007fff2f3c6000 	/System/Library/Frameworks/Carbon.framework/Versions/A/Frameworks/HIToolbox.framework/Versions/A/HIToolbox
0x00007fff3c28a000 	/System/Library/Frameworks/QuartzCore.framework/Versions/A/QuartzCore
0x00007fff2f705000 	/System/Library/Frameworks/Carbon.framework/Versions/A/Frameworks/SpeechRecognition.framework/Versions/A/SpeechRecognition
0x00007fff4a1e5000 	/System/Library/PrivateFrameworks/CoreUI.framework/Versions/A/CoreUI
0x00007fff2fc94000 	/System/Library/Frameworks/CoreAudio.framework/Versions/A/CoreAudio
0x00007fff32ac0000 	/System/Library/Frameworks/DiskArbitration.framework/Versions/A/DiskArbitration
0x00007fff5784f000 	/System/Library/PrivateFrameworks/MultitouchSupport.framework/Versions/A/MultitouchSupport
0x00007fff6853a000 	/usr/lib/libenergytrace.dylib
0x00007fff33538000 	/System/Library/Frameworks/IOKit.framework/Versions/A/IOKit
0x00007fff31b2c000 	/System/Library/Frameworks/CoreServices.framework/Versions/A/CoreServices
0x00007fff599fe000 	/System/Library/PrivateFrameworks/PerformanceAnalysis.framework/Versions/A/PerformanceAnalysis
0x00007fff3b2bd000 	/System/Library/Frameworks/OpenGL.framework/Versions/A/OpenGL
0x00007fff2f8b3000 	/System/Library/Frameworks/ColorSync.framework/Versions/A/ColorSync
0x00007fff31248000 	/System/Library/Frameworks/CoreImage.framework/Versions/A/CoreImage
0x00007fff3259f000 	/System/Library/Frameworks/CoreText.framework/Versions/A/CoreText
0x00007fff3366e000 	/System/Library/Frameworks/ImageIO.framework/Versions/A/ImageIO
0x00007fff67a8f000 	/usr/lib/libc++.1.dylib
0x00007fff67b0b000 	/usr/lib/libcompression.dylib
0x00007fff67617000 	/usr/lib/libMobileGestalt.dylib
0x00007fff61539000 	/System/Library/PrivateFrameworks/TextureIO.framework/Versions/A/TextureIO
0x00007fff6790e000 	/usr/lib/libate.dylib
0x00007fff55a0a000 	/System/Library/PrivateFrameworks/InternationalSupport.framework/Versions/A/InternationalSupport
0x00007fff6a5a5000 	/usr/lib/system/libcache.dylib
0x00007fff6a5ab000 	/usr/lib/system/libcommonCrypto.dylib
0x00007fff6a5b7000 	/usr/lib/system/libcompiler_rt.dylib
0x00007fff6a5bf000 	/usr/lib/system/libcopyfile.dylib
0x00007fff6a5c9000 	/usr/lib/system/libcorecrypto.dylib
0x00007fff6a768000 	/usr/lib/system/libdispatch.dylib
0x00007fff6a7a9000 	/usr/lib/system/libdyld.dylib
0x00007fff6a7e0000 	/usr/lib/system/libkeymgr.dylib
0x00007fff6a7ee000 	/usr/lib/system/liblaunch.dylib
0x00007fff6a7ef000 	/usr/lib/system/libmacho.dylib
0x00007fff6a7f5000 	/usr/lib/system/libquarantine.dylib
0x00007fff6a7f8000 	/usr/lib/system/libremovefile.dylib
0x00007fff6a7fa000 	/usr/lib/system/libsystem_asl.dylib
0x00007fff6a812000 	/usr/lib/system/libsystem_blocks.dylib
0x00007fff6a813000 	/usr/lib/system/libsystem_c.dylib
0x00007fff6a89b000 	/usr/lib/system/libsystem_configuration.dylib
0x00007fff6a89f000 	/usr/lib/system/libsystem_coreservices.dylib
0x00007fff6a8a3000 	/usr/lib/system/libsystem_darwin.dylib
0x00007fff6a8ac000 	/usr/lib/system/libsystem_dnssd.dylib
0x00007fff6a8b4000 	/usr/lib/system/libsystem_featureflags.dylib
0x00007fff6a8b6000 	/usr/lib/system/libsystem_info.dylib
0x00007fff6a931000 	/usr/lib/system/libsystem_m.dylib
0x00007fff6a979000 	/usr/lib/system/libsystem_malloc.dylib
0x00007fff6a9a1000 	/usr/lib/system/libsystem_networkextension.dylib
0x00007fff6a9af000 	/usr/lib/system/libsystem_notify.dylib
0x00007fff6a9cd000 	/usr/lib/system/libsystem_sandbox.dylib
0x00007fff6a9d2000 	/usr/lib/system/libsystem_secinit.dylib
0x00007fff6a904000 	/usr/lib/system/libsystem_kernel.dylib
0x00007fff6a9b9000 	/usr/lib/system/libsystem_platform.dylib
0x00007fff6a9c2000 	/usr/lib/system/libsystem_pthread.dylib
0x00007fff6a9d5000 	/usr/lib/system/libsystem_symptoms.dylib
0x00007fff6a9dd000 	/usr/lib/system/libsystem_trace.dylib
0x00007fff6a9f5000 	/usr/lib/system/libunwind.dylib
0x00007fff6a9fb000 	/usr/lib/system/libxpc.dylib
0x00007fff67ae2000 	/usr/lib/libc++abi.dylib
0x00007fff688e6000 	/usr/lib/liblzma.5.dylib
0x00007fff68561000 	/usr/lib/libfakelink.dylib
0x00007fff6789b000 	/usr/lib/libarchive.2.dylib
0x00007fff3e13e000 	/System/Library/Frameworks/SystemConfiguration.framework/Versions/A/SystemConfiguration
0x00007fff67206000 	/usr/lib/libCRFSuite.dylib
0x00007fff2efb7000 	/System/Library/Frameworks/CFNetwork.framework/Versions/A/CFNetwork
0x00007fff67a71000 	/usr/lib/libbsm.0.dylib
0x00007fff6a7e1000 	/usr/lib/system/libkxld.dylib
0x00007fff4405a000 	/System/Library/PrivateFrameworks/AppleFSCompression.framework/Versions/A/AppleFSCompression
0x00007fff67dfc000 	/usr/lib/libcoretls.dylib
0x00007fff67e13000 	/usr/lib/libcoretls_cfhelpers.dylib
0x00007fff6964f000 	/usr/lib/libpam.2.dylib
0x00007fff69784000 	/usr/lib/libsqlite3.dylib
0x00007fff69bc3000 	/usr/lib/libxar.1.dylib
0x00007fff67a82000 	/usr/lib/libbz2.1.0.dylib
0x00007fff68582000 	/usr/lib/libiconv.2.dylib
0x00007fff67af8000 	/usr/lib/libcharset.1.dylib
0x00007fff690ec000 	/usr/lib/libnetwork.dylib
0x00007fff69656000 	/usr/lib/libpcap.A.dylib
0x00007fff67850000 	/usr/lib/libapple_nghttp2.dylib
0x00007fff31ee3000 	/System/Library/Frameworks/CoreServices.framework/Versions/A/Frameworks/FSEvents.framework/Versions/A/FSEvents
0x00007fff31bb3000 	/System/Library/Frameworks/CoreServices.framework/Versions/A/Frameworks/CarbonCore.framework/Versions/A/CarbonCore
0x00007fff32127000 	/System/Library/Frameworks/CoreServices.framework/Versions/A/Frameworks/Metadata.framework/Versions/A/Metadata
0x00007fff321c0000 	/System/Library/Frameworks/CoreServices.framework/Versions/A/Frameworks/OSServices.framework/Versions/A/OSServices
0x00007fff321ee000 	/System/Library/Frameworks/CoreServices.framework/Versions/A/Frameworks/SearchKit.framework/Versions/A/SearchKit
0x00007fff31b2d000 	/System/Library/Frameworks/CoreServices.framework/Versions/A/Frameworks/AE.framework/Versions/A/AE
0x00007fff31eec000 	/System/Library/Frameworks/CoreServices.framework/Versions/A/Frameworks/LaunchServices.framework/Versions/A/LaunchServices
0x00007fff31e95000 	/System/Library/Frameworks/CoreServices.framework/Versions/A/Frameworks/DictionaryServices.framework/Versions/A/DictionaryServices
0x00007fff32256000 	/System/Library/Frameworks/CoreServices.framework/Versions/A/Frameworks/SharedFileList.framework/Versions/A/SharedFileList
0x00007fff370dd000 	/System/Library/Frameworks/NetFS.framework/Versions/A/NetFS
0x00007fff57d7f000 	/System/Library/PrivateFrameworks/NetAuth.framework/Versions/A/NetAuth
0x00007fff646e6000 	/System/Library/PrivateFrameworks/login.framework/Versions/A/Frameworks/loginsupport.framework/Versions/A/loginsupport
0x00007fff61004000 	/System/Library/PrivateFrameworks/TCC.framework/Versions/A/TCC
0x00007fff48c7f000 	/System/Library/PrivateFrameworks/CoreNLP.framework/Versions/A/CoreNLP
0x00007fff5727c000 	/System/Library/PrivateFrameworks/MetadataUtilities.framework/Versions/A/MetadataUtilities
0x00007fff689be000 	/usr/lib/libmecabra.dylib
0x00007fff68916000 	/usr/lib/libmecab.dylib
0x00007fff68572000 	/usr/lib/libgermantok.dylib
0x00007fff67837000 	/usr/lib/libThaiTokenizer.dylib
0x00007fff6723d000 	/usr/lib/libChineseTokenizer.dylib
0x00007fff2c3e8000 	/System/Library/Frameworks/Accelerate.framework/Versions/A/Frameworks/vImage.framework/Versions/A/vImage
0x00007fff2d852000 	/System/Library/Frameworks/Accelerate.framework/Versions/A/Frameworks/vecLib.framework/Versions/A/vecLib
0x00007fff2d78f000 	/System/Library/Frameworks/Accelerate.framework/Versions/A/Frameworks/vecLib.framework/Versions/A/libvMisc.dylib
0x00007fff2d5b7000 	/System/Library/Frameworks/Accelerate.framework/Versions/A/Frameworks/vecLib.framework/Versions/A/libvDSP.dylib
0x00007fff2ca3f000 	/System/Library/Frameworks/Accelerate.framework/Versions/A/Frameworks/vecLib.framework/Versions/A/libBLAS.dylib
0x00007fff2d17b000 	/System/Library/Frameworks/Accelerate.framework/Versions/A/Frameworks/vecLib.framework/Versions/A/libLAPACK.dylib
0x00007fff2d517000 	/System/Library/Frameworks/Accelerate.framework/Versions/A/Frameworks/vecLib.framework/Versions/A/libLinearAlgebra.dylib
0x00007fff2d5a4000 	/System/Library/Frameworks/Accelerate.framework/Versions/A/Frameworks/vecLib.framework/Versions/A/libSparseBLAS.dylib
0x00007fff2d52d000 	/System/Library/Frameworks/Accelerate.framework/Versions/A/Frameworks/vecLib.framework/Versions/A/libQuadrature.dylib
0x00007fff2cca7000 	/System/Library/Frameworks/Accelerate.framework/Versions/A/Frameworks/vecLib.framework/Versions/A/libBNNS.dylib
0x00007fff2d533000 	/System/Library/Frameworks/Accelerate.framework/Versions/A/Frameworks/vecLib.framework/Versions/A/libSparse.dylib
0x00007fff55df2000 	/System/Library/PrivateFrameworks/LanguageModeling.framework/Versions/A/LanguageModeling
0x00007fff4862f000 	/System/Library/PrivateFrameworks/CoreEmoji.framework/Versions/A/CoreEmoji
0x00007fff55f10000 	/System/Library/PrivateFrameworks/LinguisticData.framework/Versions/A/LinguisticData
0x00007fff55ec1000 	/System/Library/PrivateFrameworks/Lexicon.framework/Versions/A/Lexicon
0x00007fff67af9000 	/usr/lib/libcmph.dylib
0x00007fff39ccb000 	/System/Library/Frameworks/OpenDirectory.framework/Versions/A/Frameworks/CFOpenDirectory.framework/Versions/A/CFOpenDirectory
0x00007fff39ce8000 	/System/Library/Frameworks/OpenDirectory.framework/Versions/A/OpenDirectory
0x00007fff4210d000 	/System/Library/PrivateFrameworks/APFS.framework/Versions/A/APFS
0x00007fff3d3d7000 	/System/Library/Frameworks/SecurityFoundation.framework/Versions/A/SecurityFoundation
0x00007fff69bbf000 	/usr/lib/libutil.dylib
0x00007fff49b64000 	/System/Library/PrivateFrameworks/CoreServicesStore.framework/Versions/A/CoreServicesStore
0x00007fff3d48e000 	/System/Library/Frameworks/ServiceManagement.framework/Versions/A/ServiceManagement
0x00007fff45829000 	/System/Library/PrivateFrameworks/BackgroundTaskManagement.framework/Versions/A/BackgroundTaskManagement
0x00007fff69cbc000 	/usr/lib/libxslt.1.dylib
0x00007fff446cd000 	/System/Library/PrivateFrameworks/AppleSystemInfo.framework/Versions/A/AppleSystemInfo
0x00007fff33889000 	/System/Library/Frameworks/ImageIO.framework/Versions/A/Resources/libJPEG.dylib
0x00007fff33b45000 	/System/Library/Frameworks/ImageIO.framework/Versions/A/Resources/libTIFF.dylib
0x00007fff33b28000 	/System/Library/Frameworks/ImageIO.framework/Versions/A/Resources/libPng.dylib
0x00007fff337cb000 	/System/Library/Frameworks/ImageIO.framework/Versions/A/Resources/libGIF.dylib
0x00007fff337cf000 	/System/Library/Frameworks/ImageIO.framework/Versions/A/Resources/libJP2.dylib
0x00007fff33b43000 	/System/Library/Frameworks/ImageIO.framework/Versions/A/Resources/libRadiance.dylib
0x00007fff6853b000 	/usr/lib/libexpat.1.dylib
0x00007fff441b5000 	/System/Library/PrivateFrameworks/AppleJPEG.framework/Versions/A/AppleJPEG
0x00007fff4ce63000 	/System/Library/PrivateFrameworks/FontServices.framework/libFontParser.dylib
0x00007fff636eb000 	/System/Library/PrivateFrameworks/WatchdogClient.framework/Versions/A/WatchdogClient
0x00007fff5544d000 	/System/Library/PrivateFrameworks/IOAccelerator.framework/Versions/A/IOAccelerator
0x00007fff36055000 	/System/Library/Frameworks/MetalPerformanceShaders.framework/Versions/A/MetalPerformanceShaders
0x00007fff51be4000 	/System/Library/PrivateFrameworks/GPUWrangler.framework/Versions/A/GPUWrangler
0x00007fff55462000 	/System/Library/PrivateFrameworks/IOPresentment.framework/Versions/A/IOPresentment
0x00007fff4a6e1000 	/System/Library/PrivateFrameworks/DSExternalDisplay.framework/Versions/A/DSExternalDisplay
0x00007fff3a65c000 	/System/Library/Frameworks/OpenGL.framework/Versions/A/Libraries/libCoreFSCache.dylib
0x00007fff35da1000 	/System/Library/Frameworks/MetalPerformanceShaders.framework/Frameworks/MPSCore.framework/Versions/A/MPSCore
0x00007fff35ddf000 	/System/Library/Frameworks/MetalPerformanceShaders.framework/Frameworks/MPSImage.framework/Versions/A/MPSImage
0x00007fff35ea6000 	/System/Library/Frameworks/MetalPerformanceShaders.framework/Frameworks/MPSNeuralNetwork.framework/Versions/A/MPSNeuralNetwork
0x00007fff35e6a000 	/System/Library/Frameworks/MetalPerformanceShaders.framework/Frameworks/MPSMatrix.framework/Versions/A/MPSMatrix
0x00007fff36005000 	/System/Library/Frameworks/MetalPerformanceShaders.framework/Frameworks/MPSRayIntersector.framework/Versions/A/MPSRayIntersector
0x00007fff35e90000 	/System/Library/Frameworks/MetalPerformanceShaders.framework/Frameworks/MPSNDArray.framework/Versions/A/MPSNDArray
0x00007fff572c9000 	/System/Library/PrivateFrameworks/MetalTools.framework/Versions/A/MetalTools
0x00007fff432e2000 	/System/Library/PrivateFrameworks/AggregateDictionary.framework/Versions/A/AggregateDictionary
0x00007fff48079000 	/System/Library/PrivateFrameworks/CoreAnalytics.framework/Versions/A/CoreAnalytics
0x00007fff445ec000 	/System/Library/PrivateFrameworks/AppleSauce.framework/Versions/A/AppleSauce
0x00007fff674f9000 	/usr/lib/libIOReport.dylib
0x00007fff32757000 	/System/Library/Frameworks/CoreVideo.framework/Versions/A/CoreVideo
0x00007fff5305e000 	/System/Library/PrivateFrameworks/GraphVisualizer.framework/Versions/A/GraphVisualizer
0x00007fff4c3aa000 	/System/Library/PrivateFrameworks/FaceCore.framework/Versions/A/FaceCore
0x00007fff39c72000 	/System/Library/Frameworks/OpenCL.framework/Versions/A/OpenCL
0x00007fff6731b000 	/usr/lib/libFosl_dynamic.dylib
0x00007fff5879f000 	/System/Library/PrivateFrameworks/OTSVG.framework/Versions/A/OTSVG
0x00007fff2e911000 	/System/Library/Frameworks/ApplicationServices.framework/Versions/A/Frameworks/ATS.framework/Versions/A/Resources/libFontRegistry.dylib
0x00007fff4d035000 	/System/Library/PrivateFrameworks/FontServices.framework/libhvf.dylib
0x00007fff3a667000 	/System/Library/Frameworks/OpenGL.framework/Versions/A/Libraries/libGFXShared.dylib
0x00007fff3a845000 	/System/Library/Frameworks/OpenGL.framework/Versions/A/Libraries/libGLU.dylib
0x00007fff3a670000 	/System/Library/Frameworks/OpenGL.framework/Versions/A/Libraries/libGL.dylib
0x00007fff3a67b000 	/System/Library/Frameworks/OpenGL.framework/Versions/A/Libraries/libGLImage.dylib
0x00007fff3a659000 	/System/Library/Frameworks/OpenGL.framework/Versions/A/Libraries/libCVMSPluginSupport.dylib
0x00007fff3a662000 	/System/Library/Frameworks/OpenGL.framework/Versions/A/Libraries/libCoreVMClient.dylib
0x00007fff68f8d000 	/usr/lib/libncurses.5.4.dylib
0x00007fff2e80d000 	/System/Library/Frameworks/ApplicationServices.framework/Versions/A/Frameworks/ATS.framework/Versions/A/ATS
0x00007fff2e9da000 	/System/Library/Frameworks/ApplicationServices.framework/Versions/A/Frameworks/ColorSyncLegacy.framework/Versions/A/ColorSyncLegacy
0x00007fff2ea78000 	/System/Library/Frameworks/ApplicationServices.framework/Versions/A/Frameworks/HIServices.framework/Versions/A/HIServices
0x00007fff2ead0000 	/System/Library/Frameworks/ApplicationServices.framework/Versions/A/Frameworks/LangAnalysis.framework/Versions/A/LangAnalysis
0x00007fff2eadf000 	/System/Library/Frameworks/ApplicationServices.framework/Versions/A/Frameworks/PrintCore.framework/Versions/A/PrintCore
0x00007fff2eb25000 	/System/Library/Frameworks/ApplicationServices.framework/Versions/A/Frameworks/QD.framework/Versions/A/QD
0x00007fff2eb30000 	/System/Library/Frameworks/ApplicationServices.framework/Versions/A/Frameworks/SpeechSynthesis.framework/Versions/A/SpeechSynthesis
0x00007fff2e9aa000 	/System/Library/Frameworks/ApplicationServices.framework/Versions/A/Frameworks/ATSUI.framework/Versions/A/ATSUI
0x00007fff683d1000 	/usr/lib/libcups.2.dylib
0x00007fff350f0000 	/System/Library/Frameworks/Kerberos.framework/Versions/A/Kerberos
0x00007fff33231000 	/System/Library/Frameworks/GSS.framework/Versions/A/GSS
0x00007fff69710000 	/usr/lib/libresolv.9.dylib
0x00007fff5320b000 	/System/Library/PrivateFrameworks/Heimdal.framework/Versions/A/Heimdal
0x00007fff35103000 	/System/Library/Frameworks/Kerberos.framework/Versions/A/Libraries/libHeimdalProxy.dylib
0x00007fff68578000 	/usr/lib/libheimdal-asn1.dylib
0x00007fff47514000 	/System/Library/PrivateFrameworks/CommonAuth.framework/Versions/A/CommonAuth
0x00007fff4476a000 	/System/Library/PrivateFrameworks/AssertionServices.framework/Versions/A/AssertionServices
0x00007fff4530c000 	/System/Library/PrivateFrameworks/AudioToolboxCore.framework/Versions/A/AudioToolboxCore
0x00007fff64396000 	/System/Library/PrivateFrameworks/caulk.framework/Versions/A/caulk
0x00007fff458d5000 	/System/Library/PrivateFrameworks/BaseBoard.framework/Versions/A/BaseBoard
0x00007fff5c9f6000 	/System/Library/PrivateFrameworks/RunningBoardServices.framework/Versions/A/RunningBoardServices
0x00007fff59a0a000 	/System/Library/PrivateFrameworks/PersistentConnection.framework/Versions/A/PersistentConnection
0x00007fff5c3f0000 	/System/Library/PrivateFrameworks/ProtocolBuffer.framework/Versions/A/ProtocolBuffer
0x00007fff47538000 	/System/Library/PrivateFrameworks/CommonUtilities.framework/Versions/A/CommonUtilities
0x00007fff45a63000 	/System/Library/PrivateFrameworks/Bom.framework/Versions/A/Bom
0x00007fff671cc000 	/usr/lib/libAudioToolboxUtility.dylib
0x00007fff45833000 	/System/Library/PrivateFrameworks/Backup.framework/Versions/A/Backup
0x00007fff4a602000 	/System/Library/PrivateFrameworks/CrashReporterSupport.framework/Versions/A/CrashReporterSupport
0x00007fff5e487000 	/System/Library/PrivateFrameworks/Sharing.framework/Versions/A/Sharing
0x00007fff43d78000 	/System/Library/PrivateFrameworks/Apple80211.framework/Versions/A/Apple80211
0x00007fff45550000 	/System/Library/PrivateFrameworks/AuthKit.framework/Versions/A/AuthKit
0x00007fff4a312000 	/System/Library/PrivateFrameworks/CoreUtils.framework/Versions/A/CoreUtils
0x00007fff3279c000 	/System/Library/Frameworks/CoreWLAN.framework/Versions/A/CoreWLAN
0x00007fff333be000 	/System/Library/Frameworks/IOBluetooth.framework/Versions/A/IOBluetooth
0x00007fff575ce000 	/System/Library/PrivateFrameworks/MobileKeyBag.framework/Versions/A/MobileKeyBag
0x00007fff49117000 	/System/Library/PrivateFrameworks/CorePhoneNumbers.framework/Versions/A/CorePhoneNumbers
0x00007fff44168000 	/System/Library/PrivateFrameworks/AppleIDAuthSupport.framework/Versions/A/AppleIDAuthSupport
0x00007fff370ea000 	/System/Library/Frameworks/Network.framework/Versions/A/Network
0x00007fff55c9e000 	/System/Library/PrivateFrameworks/KeychainCircle.framework/Versions/A/KeychainCircle
0x00007fff301f0000 	/System/Library/Frameworks/CoreBluetooth.framework/Versions/A/CoreBluetooth
0x00007fff60504000 	/System/Library/PrivateFrameworks/SpeechRecognitionCore.framework/Versions/A/SpeechRecognitionCore
0x0000000101a00000 	/Library/Java/JavaVirtualMachines/jdk1.8.0_251.jdk/Contents/Home/jre/lib/server/libjvm.dylib
0x00007fff69a92000 	/usr/lib/libstdc++.6.dylib
0x0000000100533000 	/Library/Java/JavaVirtualMachines/jdk1.8.0_251.jdk/Contents/Home/jre/lib/libverify.dylib
0x0000000100541000 	/Library/Java/JavaVirtualMachines/jdk1.8.0_251.jdk/Contents/Home/jre/lib/libjava.dylib
0x00000001005c1000 	/Library/Java/JavaVirtualMachines/jdk1.8.0_251.jdk/Contents/Home/jre/lib/libzip.dylib
0x000000010062c000 	/Library/Java/JavaVirtualMachines/jdk1.8.0_251.jdk/Contents/Home/jre/lib/libawt.dylib
0x00000001006d5000 	/Library/Java/JavaVirtualMachines/jdk1.8.0_251.jdk/Contents/Home/jre/lib/libmlib_image.dylib
0x00007fff350da000 	/System/Library/Frameworks/JavaVM.framework/Versions/A/Frameworks/JavaNativeFoundation.framework/Versions/A/JavaNativeFoundation
0x00007fff350e3000 	/System/Library/Frameworks/JavaVM.framework/Versions/A/Frameworks/JavaRuntimeSupport.framework/Versions/A/JavaRuntimeSupport
0x00007fff350eb000 	/System/Library/Frameworks/JavaVM.framework/Versions/A/JavaVM
0x00007fff55ab5000 	/System/Library/PrivateFrameworks/JavaLaunching.framework/Versions/A/JavaLaunching
0x00007fff2f3c1000 	/System/Library/Frameworks/Carbon.framework/Versions/A/Carbon
0x00007fff4a0b7000 	/System/Library/PrivateFrameworks/CoreSymbolication.framework/Versions/A/CoreSymbolication
0x00007fff2f3c2000 	/System/Library/Frameworks/Carbon.framework/Versions/A/Frameworks/CommonPanels.framework/Versions/A/CommonPanels
0x00007fff2f6bb000 	/System/Library/Frameworks/Carbon.framework/Versions/A/Frameworks/Help.framework/Versions/A/Help
0x00007fff2f6bf000 	/System/Library/Frameworks/Carbon.framework/Versions/A/Frameworks/ImageCapture.framework/Versions/A/ImageCapture
0x00007fff2f6c6000 	/System/Library/Frameworks/Carbon.framework/Versions/A/Frameworks/OpenScripting.framework/Versions/A/OpenScripting
0x00007fff2f6c5000 	/System/Library/Frameworks/Carbon.framework/Versions/A/Frameworks/Ink.framework/Versions/A/Ink
0x00007fff2f701000 	/System/Library/Frameworks/Carbon.framework/Versions/A/Frameworks/Print.framework/Versions/A/Print
0x00007fff2f702000 	/System/Library/Frameworks/Carbon.framework/Versions/A/Frameworks/SecurityHI.framework/Versions/A/SecurityHI
0x00007fff4a836000 	/System/Library/PrivateFrameworks/DebugSymbols.framework/Versions/A/DebugSymbols
0x00000001008d1000 	/Library/Java/JavaVirtualMachines/jdk1.8.0_251.jdk/Contents/Home/jre/lib/libawt_lwawt.dylib
0x00000001007a1000 	/Library/Java/JavaVirtualMachines/jdk1.8.0_251.jdk/Contents/Home/jre/lib/libosxapp.dylib
0x00007fff32c9a000 	/System/Library/Frameworks/ExceptionHandling.framework/Versions/A/ExceptionHandling
0x00007fff49b30000 	/System/Library/PrivateFrameworks/CoreServicesInternal.framework/Versions/A/CoreServicesInternal
0x00007fff32cb9000 	/System/Library/Frameworks/FileProvider.framework/Versions/A/FileProvider
0x00007fff2d853000 	/System/Library/Frameworks/Accounts.framework/Versions/A/Accounts
0x00007fff51f09000 	/System/Library/PrivateFrameworks/GenerationalStorage.framework/Versions/A/GenerationalStorage
0x00007fff60d44000 	/System/Library/PrivateFrameworks/SymptomDiagnosticReporter.framework/Versions/A/SymptomDiagnosticReporter
0x00007fff4387d000 	/System/Library/PrivateFrameworks/AppContainer.framework/Versions/A/AppContainer
0x00007fff6972a000 	/usr/lib/libsandbox.1.dylib
0x00007fff6268f000 	/System/Library/PrivateFrameworks/UserManagement.framework/Versions/A/UserManagement
0x00007fff4661e000 	/System/Library/PrivateFrameworks/ChunkingLibrary.framework/Versions/A/ChunkingLibrary
0x00007fff438ef000 	/System/Library/PrivateFrameworks/AppSandbox.framework/Versions/A/AppSandbox
0x00007fff5e311000 	/System/Library/PrivateFrameworks/SecCodeWrapper.framework/Versions/A/SecCodeWrapper
0x00007fff675e1000 	/usr/lib/libMatch.1.dylib
0x00007fff23837000 	/System/Library/CoreServices/RawCamera.bundle/Contents/MacOS/RawCamera
0x00007fff573f8000 	/System/Library/PrivateFrameworks/MobileAsset.framework/Versions/A/MobileAsset
0x00007fff60bec000 	/System/Library/PrivateFrameworks/StreamingZip.framework/Versions/A/StreamingZip
0x00007fff3556b000 	/System/Library/Frameworks/MediaToolbox.framework/Versions/A/MediaToolbox
0x00007fff48029000 	/System/Library/PrivateFrameworks/CoreAVCHD.framework/Versions/A/CoreAVCHD
0x00007fff35495000 	/System/Library/Frameworks/MediaAccessibility.framework/Versions/A/MediaAccessibility
0x00007fff567ad000 	/System/Library/PrivateFrameworks/Mangrove.framework/Versions/A/Mangrove
0x00007fff31964000 	/System/Library/Frameworks/CoreMedia.framework/Versions/A/CoreMedia
0x00007fff56a19000 	/System/Library/PrivateFrameworks/MediaExperience.framework/Versions/A/MediaExperience
0x00007fff3e42b000 	/System/Library/Frameworks/VideoToolbox.framework/Versions/A/VideoToolbox
0x00007fff47c53000 	/System/Library/PrivateFrameworks/CoreAUC.framework/Versions/A/CoreAUC
0x00007fff69782000 	/usr/lib/libspindump.dylib
0x00007fff44cbb000 	/System/Library/PrivateFrameworks/AudioResourceArbitration.framework/Versions/A/AudioResourceArbitration
0x00007fff446d1000 	/System/Library/PrivateFrameworks/AppleVA.framework/Versions/A/AppleVA
0x00007fff2c3d1000 	/System/Library/Frameworks/Accelerate.framework/Versions/A/Frameworks/vImage.framework/Versions/A/Libraries/libCGInterfaces.dylib
0x000000011ea69000 	/usr/lib/libobjc-trampolines.dylib
0x00007fff4cf9c000 	/System/Library/PrivateFrameworks/FontServices.framework/libTrueTypeScaler.dylib
0x00007fff29149000 	/System/Library/Extensions/AppleIntelKBLGraphicsMTLDriver.bundle/Contents/MacOS/AppleIntelKBLGraphicsMTLDriver
0x00007fff50526000 	/System/Library/PrivateFrameworks/GPUCompiler.framework/Versions/3902/Libraries/libmetal_timestamp.dylib
0x00007fff4c7d4000 	/System/Library/PrivateFrameworks/FamilyControls.framework/Versions/A/FamilyControls
0x00007fff47508000 	/System/Library/PrivateFrameworks/CommerceKit.framework/Versions/A/Frameworks/CommerceCore.framework/Versions/A/CommerceCore
0x00007fff60dbe000 	/System/Library/PrivateFrameworks/SystemAdministration.framework/Versions/A/SystemAdministration
0x00007fff4ad62000 	/System/Library/PrivateFrameworks/DiskManagement.framework/Versions/A/DiskManagement
0x00007fff329e5000 	/System/Library/Frameworks/DirectoryService.framework/Versions/A/DirectoryService
0x00007fff4ac99000 	/System/Library/PrivateFrameworks/DiskImages.framework/Versions/A/DiskImages
0x00007fff55fb9000 	/System/Library/PrivateFrameworks/LoginUIKit.framework/Versions/A/Frameworks/LoginUICore.framework/Versions/A/LoginUICore
0x00007fff67248000 	/usr/lib/libCoreStorage.dylib
0x00007fff683be000 	/usr/lib/libcsfde.dylib
0x00007fff6963d000 	/usr/lib/libodfde.dylib
0x00007fff56aa4000 	/System/Library/PrivateFrameworks/MediaKit.framework/Versions/A/MediaKit
0x00007fff329f1000 	/System/Library/Frameworks/DiscRecording.framework/Versions/A/DiscRecording
0x00007fff4af18000 	/System/Library/PrivateFrameworks/EFILogin.framework/Versions/A/EFILogin
0x00007fff5c395000 	/System/Library/PrivateFrameworks/ProtectedCloudStorage.framework/Versions/A/ProtectedCloudStorage
0x00007fff68432000 	/usr/lib/libcurl.4.dylib
0x00007fff682b7000 	/usr/lib/libcrypto.44.dylib
0x00007fff69a62000 	/usr/lib/libssl.46.dylib
0x00007fff35104000 	/System/Library/Frameworks/LDAP.framework/Versions/A/LDAP
0x00007fff6178b000 	/System/Library/PrivateFrameworks/TrustEvaluationAgent.framework/Versions/A/TrustEvaluationAgent
0x00007fff6976f000 	/usr/lib/libsasl2.2.dylib
0x00007fff483a3000 	/System/Library/PrivateFrameworks/CoreDaemon.framework/Versions/B/CoreDaemon
0x00007fff445e7000 	/System/Library/PrivateFrameworks/AppleSRP.framework/Versions/A/AppleSRP
0x00007fff6345b000 	/System/Library/PrivateFrameworks/ViewBridge.framework/Versions/A/ViewBridge
0x00007fff646e9000 	/System/Library/PrivateFrameworks/login.framework/Versions/A/login
0x00007fff3b2cd000 	/System/Library/Frameworks/OpenGL.framework/Versions/A/Resources/GLEngine.bundle/GLEngine
0x00007fff3a6b0000 	/System/Library/Frameworks/OpenGL.framework/Versions/A/Libraries/libGLProgrammability.dylib
0x00007fff28141000 	/System/Library/Extensions/AppleIntelKBLGraphicsGLDriver.bundle/Contents/MacOS/AppleIntelKBLGraphicsGLDriver
0x00007fff51bd8000 	/System/Library/PrivateFrameworks/GPUSupport.framework/Versions/A/Libraries/libGPUSupportMercury.dylib
0x00007fff3b447000 	/System/Library/Frameworks/OpenGL.framework/Versions/A/Resources/GLRendererFloat.bundle/GLRendererFloat
0x00007fff39c69000 	/System/Library/Frameworks/OpenCL.framework/Versions/A/Libraries/libcldcpuengine.dylib
0x000000012037f000 	/Library/Java/JavaVirtualMachines/jdk1.8.0_251.jdk/Contents/Home/jre/lib/libfontmanager.dylib
0x00007fff5308a000 	/System/Library/PrivateFrameworks/HDRProcessing.framework/Versions/A/HDRProcessing
0x00000001213f7000 	/Library/Java/JavaVirtualMachines/jdk1.8.0_251.jdk/Contents/Home/jre/lib/libosxui.dylib
0x00000001217d5000 	/Library/Java/JavaVirtualMachines/jdk1.8.0_251.jdk/Contents/Home/jre/lib/libnet.dylib
0x000000012172d000 	/Library/Java/JavaVirtualMachines/jdk1.8.0_251.jdk/Contents/Home/jre/lib/libnio.dylib
0x0000000121499000 	/private/var/folders/wt/6v8wq9rd4kj7s31p3gp7lg880000gn/T/jogamp_0000/file_cache/jln3850574644511898368/jln6759872039332617798/libgluegen-rt.jnilib
0x000000012177d000 	/private/var/folders/wt/6v8wq9rd4kj7s31p3gp7lg880000gn/T/jogamp_0000/file_cache/jln3850574644511898368/jln6759872039332617798/libnativewindow_awt.jnilib
0x000000018f6fb000 	/Library/Java/JavaVirtualMachines/jdk1.8.0_251.jdk/Contents/Home/jre/lib/libjawt.dylib
0x000000018f6fe000 	/private/var/folders/wt/6v8wq9rd4kj7s31p3gp7lg880000gn/T/jogamp_0000/file_cache/jln3850574644511898368/jln6759872039332617798/libnativewindow_macosx.jnilib
0x000000018f948000 	/private/var/folders/wt/6v8wq9rd4kj7s31p3gp7lg880000gn/T/jogamp_0000/file_cache/jln3850574644511898368/jln6759872039332617798/libjogl_desktop.jnilib
0x00000001991cb000 	/Library/Java/JavaVirtualMachines/jdk1.8.0_251.jdk/Contents/Home/jre/lib/libt2k.dylib

VM Arguments:
jvm_args: -Djava.security.policy=java.policy.applet -Dfile.encoding=UTF-8 
java_command: sun.applet.AppletViewer module6.EarthquakeCityMap1593731079688.html
java_class_path (initial): /Users/jingjie_ma/Desktop/UCSDUnfoldingMaps/build:/Users/jingjie_ma/Desktop/UCSDUnfoldingMaps/lib/core.jar:/Users/jingjie_ma/Desktop/UCSDUnfoldingMaps/lib/gluegen-rt.jar:/Users/jingjie_ma/Desktop/UCSDUnfoldingMaps/lib/jogl-all.jar:/Users/jingjie_ma/Desktop/UCSDUnfoldingMaps/lib/log4j-1.2.15.jar:/Users/jingjie_ma/Desktop/UCSDUnfoldingMaps/lib/sqlite-jdbc-3.7.2.jar:/Users/jingjie_ma/Desktop/UCSDUnfoldingMaps/lib/json4processing.jar:/Users/jingjie_ma/Desktop/UCSDUnfoldingMaps/lib/libTUIO.jar:/Users/jingjie_ma/Desktop/UCSDUnfoldingMaps/lib/unfolding.0.9.7-uscd.jar
Launcher Type: SUN_STANDARD

Environment Variables:
PATH=/usr/bin:/bin:/usr/sbin:/sbin
SHELL=/bin/bash

Signal Handlers:
SIGSEGV: [libjvm.dylib+0x5bc2ff], sa_mask[0]=11111111011111110111111111111111, sa_flags=SA_ONSTACK|SA_RESTART|SA_SIGINFO
SIGBUS: [libjvm.dylib+0x5bc2ff], sa_mask[0]=11111111011111110111111111111111, sa_flags=SA_RESTART|SA_SIGINFO
SIGFPE: [libjvm.dylib+0x48d41c], sa_mask[0]=11111111011111110111111111111111, sa_flags=SA_RESTART|SA_SIGINFO
SIGPIPE: [libjvm.dylib+0x48d41c], sa_mask[0]=11111111011111110111111111111111, sa_flags=SA_RESTART|SA_SIGINFO
SIGXFSZ: [libjvm.dylib+0x48d41c], sa_mask[0]=11111111011111110111111111111111, sa_flags=SA_RESTART|SA_SIGINFO
SIGILL: [libjvm.dylib+0x48d41c], sa_mask[0]=11111111011111110111111111111111, sa_flags=SA_RESTART|SA_SIGINFO
SIGUSR1: SIG_DFL, sa_mask[0]=00000000000000000000000000000000, sa_flags=none
SIGUSR2: [libjvm.dylib+0x48cf3a], sa_mask[0]=00100000000000000000000000000000, sa_flags=SA_RESTART|SA_SIGINFO
SIGHUP: [libjvm.dylib+0x48b4c5], sa_mask[0]=11111111011111110111111111111111, sa_flags=SA_RESTART|SA_SIGINFO
SIGINT: [libjvm.dylib+0x48b4c5], sa_mask[0]=11111111011111110111111111111111, sa_flags=SA_RESTART|SA_SIGINFO
SIGTERM: [libjvm.dylib+0x48b4c5], sa_mask[0]=11111111011111110111111111111111, sa_flags=SA_RESTART|SA_SIGINFO
SIGQUIT: [libjvm.dylib+0x48b4c5], sa_mask[0]=11111111011111110111111111111111, sa_flags=SA_RESTART|SA_SIGINFO


---------------  S Y S T E M  ---------------

OS:Bsduname:Darwin 19.5.0 Darwin Kernel Version 19.5.0: Tue May 26 20:41:44 PDT 2020; root:xnu-6153.121.2~2/RELEASE_X86_64 x86_64
rlimit: STACK 8192k, CORE 0k, NPROC 2784, NOFILE 10240, AS infinity
load average:2.53 2.43 2.33

CPU:total 8 (initial active 8) (4 cores per cpu, 2 threads per core) family 6 model 142 stepping 10, cmov, cx8, fxsr, mmx, sse, sse2, sse3, ssse3, sse4.1, sse4.2, popcnt, avx, avx2, aes, clmul, erms, 3dnowpref, lzcnt, ht, tsc, tscinvbit, bmi1, bmi2, adx

Memory: 4k page, physical 16777216k(2518464k free)

/proc/meminfo:


vm_info: Java HotSpot(TM) 64-Bit Server VM (25.251-b08) for bsd-amd64 JRE (1.8.0_251-b08), built on Mar 12 2020 02:36:37 by "java_re" with gcc 4.2.1 (Based on Apple Inc. build 5658) (LLVM build 2336.11.00)

time: Thu Jul  2 19:31:47 2020
timezone: EDT
elapsed time: 1628 seconds (0d 0h 27m 8s)

