#
# A fatal error has been detected by the Java Runtime Environment:
#
#  SIGSEGV (0xb) at pc=0x00007fff6f5aa81d, pid=1305, tid=0x0000000000000307
#
# JRE version: Java(TM) SE Runtime Environment (8.0_251-b08) (build 1.8.0_251-b08)
# Java VM: Java HotSpot(TM) 64-Bit Server VM (25.251-b08 mixed mode bsd-amd64 compressed oops)
# Problematic frame:
# C  [libobjc.A.dylib+0x681d]  objc_msgSend+0x1d
#
# Failed to write core dump. Core dumps have been disabled. To enable core dumping, try "ulimit -c unlimited" before starting Java again
#
# If you would like to submit a bug report, please visit:
#   http://bugreport.java.com/bugreport/crash.jsp
# The crash happened outside the Java Virtual Machine in native code.
# See problematic frame for where to report the bug.
#

---------------  T H R E A D  ---------------

Current thread (0x00007f815f0df800):  JavaThread "AWT-AppKit" daemon [_thread_in_native, id=775, stack(0x00007ffee8219000,0x00007ffee8a19000)]

siginfo: si_signo: 11 (SIGSEGV), si_code: 1 (SEGV_MAPERR), si_addr: 0x000007f816667700

Registers:
RAX=0x00007f8166b63320, RBX=0x0000000196432450, RCX=0x19960a9fec6d0001, RDX=0x0000000000000001
RSP=0x00007ffee8a143c8, RBP=0x00007ffee8a14480, RSI=0x00007fff7a9f828e, RDI=0x00007f81666634b0
R8 =0x0000000000000000, R9 =0x0000000000000031, R10=0x000007f8166676e8, R11=0x00007fff7a9f828e
R12=0x0000000000000000, R13=0x000000019a84d620, R14=0x0000000196432440, R15=0x00007f815f0df800
RIP=0x00007fff6f5aa81d, EFLAGS=0x0000000000010206, ERR=0x0000000000000004
  TRAPNO=0x000000000000000e

Top of Stack: (sp=0x00007ffee8a143c8)
0x00007ffee8a143c8:   0000000196430157 00007ffee8a14420
0x00007ffee8a143d8:   0000000000000003 00007ffee8a14400
0x00007ffee8a143e8:   00000001085433ca 000000019a84d620
0x00007ffee8a143f8:   000000019a84d620 00007f8166b63320
0x00007ffee8a14408:   00000001964326a0 0000000196432710
0x00007ffee8a14418:   00007fff8dfafe98 00007fff8f89b148
0x00007ffee8a14428:   0000000196432450 0000000196432690
0x00007ffee8a14438:   00007f8166b63320 00007f81666634b0
0x00007ffee8a14448:   00007f81665de4b0 00007f8166b63320
0x00007ffee8a14458:   00007f81666634b0 00007ffee8a14508
0x00007ffee8a14468:   00007f815f0df9f8 000000019a84d620
0x00007ffee8a14478:   00007ffee8a14530 00007ffee8a144f8
0x00007ffee8a14488:   000000011584f667 000000019a84d620
0x00007ffee8a14498:   00007ffee8a14530 00007ffee8a144f8
0x00007ffee8a144a8:   000000011584f3c7 000000011584f382
0x00007ffee8a144b8:   00007ffee8a144b8 000000019a84d620
0x00007ffee8a144c8:   00007ffee8a14530 000000019a850258
0x00007ffee8a144d8:   0000000000000000 000000019a84d620
0x00007ffee8a144e8:   0000000000000000 00007ffee8a14518
0x00007ffee8a144f8:   00007ffee8a14578 000000011583f2bd
0x00007ffee8a14508:   00000006c0883d18 0000000115848d18
0x00007ffee8a14518:   00007f8166b63320 00007ffee8a14578
0x00007ffee8a14528:   00007f81666634b0 000000011584a782
0x00007ffee8a14538:   00007ffee8a14538 000000019a84d7ea
0x00007ffee8a14548:   00007ffee8a145a0 000000019a850258
0x00007ffee8a14558:   0000000000000000 000000019a84d7f8
0x00007ffee8a14568:   00007ffee8a14518 00007ffee8a14588
0x00007ffee8a14578:   00007ffee8a145e8 000000011583f2bd
0x00007ffee8a14588:   00007f8166b63320 00000006c0966328
0x00007ffee8a14598:   00007f81666634b0 00000006c0966328
0x00007ffee8a145a8:   00007ffee8a145a8 000000019e3bce1e
0x00007ffee8a145b8:   00007ffee8a145f8 000000019e3bced8 

Instructions: (pc=0x00007fff6f5aa81d)
0x00007fff6f5aa7fd:   44 00 00 48 85 ff 2e 74 72 40 f6 c7 01 2e 75 76
0x00007fff6f5aa80d:   49 ba f8 ff ff ff ff 7f 00 00 4c 23 17 49 89 f3
0x00007fff6f5aa81d:   45 23 5a 18 49 c1 e3 04 4d 03 5a 10 49 3b 33 75
0x00007fff6f5aa82d:   0a 4d 8b 5b 08 4d 31 d3 41 ff e3 49 83 3b 01 76 

Register to memory mapping:

RAX=0x00007f8166b63320 is an unknown value
RBX=0x0000000196432450: Java_jogamp_nativewindow_macosx_OSXUtil_GetScreenRefreshRate0+0x1cf0 in /private/var/folders/wt/6v8wq9rd4kj7s31p3gp7lg880000gn/T/jogamp_0000/file_cache/jln7239140343996104617/jln5912497336639122357/libnativewindow_macosx.jnilib at 0x000000019642b000
RCX=0x19960a9fec6d0001 is an unknown value
RDX=0x0000000000000001 is an unknown value
RSP=0x00007ffee8a143c8 is pointing into the stack for thread: 0x00007f815f0df800
RBP=0x00007ffee8a14480 is pointing into the stack for thread: 0x00007f815f0df800
RSI=0x00007fff7a9f828e: GCC_except_table740+0xb4243be in /usr/lib/libobjc.A.dylib at 0x00007fff6f5a4000
RDI=0x00007f81666634b0 is an unknown value
R8 =0x0000000000000000 is an unknown value
R9 =0x0000000000000031 is an unknown value
R10=0x000007f8166676e8 is an unknown value
R11=0x00007fff7a9f828e: GCC_except_table740+0xb4243be in /usr/lib/libobjc.A.dylib at 0x00007fff6f5a4000
R12=0x0000000000000000 is an unknown value
R13={method} {0x000000019a84d620} 'UnsetJAWTRootSurfaceLayer0' '(JJ)V' in 'jogamp/nativewindow/jawt/macosx/MacOSXJAWTWindow'
R14=0x0000000196432440: Java_jogamp_nativewindow_macosx_OSXUtil_GetScreenRefreshRate0+0x1ce0 in /private/var/folders/wt/6v8wq9rd4kj7s31p3gp7lg880000gn/T/jogamp_0000/file_cache/jln7239140343996104617/jln5912497336639122357/libnativewindow_macosx.jnilib at 0x000000019642b000
R15=0x00007f815f0df800 is a thread


Stack: [0x00007ffee8219000,0x00007ffee8a19000],  sp=0x00007ffee8a143c8,  free space=8172k
Native frames: (J=compiled Java code, j=interpreted, Vv=VM code, C=native code)
C  [libobjc.A.dylib+0x681d]  objc_msgSend+0x1d
j  jogamp.nativewindow.jawt.macosx.MacOSXJAWTWindow.UnsetJAWTRootSurfaceLayer0(JJ)V+0
j  jogamp.nativewindow.jawt.macosx.MacOSXJAWTWindow.access$200(JJ)V+2
j  jogamp.nativewindow.jawt.macosx.MacOSXJAWTWindow$1.run()V+38
j  com.jogamp.common.util.RunnableTask.run()V+24
v  ~StubRoutines::call_stub
V  [libjvm.dylib+0x2f09b2]
V  [libjvm.dylib+0x327c14]
V  [libjvm.dylib+0x31a3f7]
C  [libnativewindow_macosx.jnilib+0x5326]  Java_jogamp_nativewindow_jawt_macosx_MacOSXJAWTWindow_UnsetJAWTRootSurfaceLayer0+0x2b6
C  [Foundation+0x9b0dd]  __NSThreadPerformPerform+0xcc
C  [CoreFoundation+0x83de2]  __CFRUNLOOP_IS_CALLING_OUT_TO_A_SOURCE0_PERFORM_FUNCTION__+0x11
C  [CoreFoundation+0x83d81]  __CFRunLoopDoSource0+0x67
C  [CoreFoundation+0x83b9b]  __CFRunLoopDoSources0+0xd1
C  [CoreFoundation+0x828ca]  __CFRunLoopRun+0x39f
C  [CoreFoundation+0x81ece]  CFRunLoopRunSpecific+0x1ce
C  [HIToolbox+0x2fabd]  RunCurrentEventLoopInMode+0x124
C  [HIToolbox+0x2f6f4]  ReceiveNextEventCommon+0x167
C  [HIToolbox+0x2f579]  _BlockUntilNextEventMatchingListInModeWithFilter+0x40
C  [AppKit+0x41829]  _DPSNextEvent+0x373
C  [AppKit+0x40070]  -[NSApplication(NSEvent) _nextEventMatchingEventMask:untilDate:inMode:dequeue:]+0x548
C  [libosxapp.dylib+0x2328]  -[NSApplicationAWT nextEventMatchingMask:untilDate:inMode:dequeue:]+0x7c
C  [AppKit+0x31d7e]  -[NSApplication run]+0x292
C  [libosxapp.dylib+0x1f72]  +[NSApplicationAWT runAWTLoopWithApp:]+0x9c
C  [libawt_lwawt.dylib+0x4803b]  -[AWTStarter starter:]+0x389
C  [Foundation+0x9b0dd]  __NSThreadPerformPerform+0xcc
C  [CoreFoundation+0x83de2]  __CFRUNLOOP_IS_CALLING_OUT_TO_A_SOURCE0_PERFORM_FUNCTION__+0x11
C  [CoreFoundation+0x83d81]  __CFRunLoopDoSource0+0x67
C  [CoreFoundation+0x83b9b]  __CFRunLoopDoSources0+0xd1
C  [CoreFoundation+0x828ca]  __CFRunLoopRun+0x39f
C  [CoreFoundation+0x81ece]  CFRunLoopRunSpecific+0x1ce
C  [java+0x646e]  CreateExecutionEnvironment+0x367
C  [java+0x203c]  JLI_Launch+0x7a0
C  [java+0x84cb]  main+0x65
C  [java+0x1894]  start+0x34
C  0x0000000000000007

Java frames: (J=compiled Java code, j=interpreted, Vv=VM code)
j  jogamp.nativewindow.jawt.macosx.MacOSXJAWTWindow.UnsetJAWTRootSurfaceLayer0(JJ)V+0
j  jogamp.nativewindow.jawt.macosx.MacOSXJAWTWindow.access$200(JJ)V+2
j  jogamp.nativewindow.jawt.macosx.MacOSXJAWTWindow$1.run()V+38
j  com.jogamp.common.util.RunnableTask.run()V+24
v  ~StubRoutines::call_stub

---------------  P R O C E S S  ---------------

Java Threads: ( => current thread )
  0x00007f816963f000 JavaThread "NativeWindowFactory_ShutdownHook" [_thread_in_Java, id=56343, stack(0x000070000e640000,0x000070000e740000)]
  0x00007f816528b800 JavaThread "Thread-19" [_thread_blocked, id=62731, stack(0x000070000e53d000,0x000070000e63d000)]
  0x00007f8160374000 JavaThread "AWT-EventQueue-1" [_thread_blocked, id=71455, stack(0x000070000ed5e000,0x000070000ee5e000)]
  0x00007f8164034000 JavaThread "DestroyJavaVM" [_thread_blocked, id=3843, stack(0x000070000cf78000,0x000070000d078000)]
  0x00007f8161162800 JavaThread "AWT-EventQueue-0" [_thread_blocked, id=78107, stack(0x000070000eb58000,0x000070000ec58000)]
  0x00007f816124b800 JavaThread "Java2D Disposer" daemon [_thread_blocked, id=79891, stack(0x000070000e8cf000,0x000070000e9cf000)]
  0x00007f81611c3000 JavaThread "Java2D Queue Flusher" daemon [_thread_blocked, id=80135, stack(0x000070000e7cc000,0x000070000e8cc000)]
  0x00007f815f0f3800 JavaThread "AWT-Shutdown" [_thread_blocked, id=28443, stack(0x000070000e3b7000,0x000070000e4b7000)]
=>0x00007f815f0df800 JavaThread "AWT-AppKit" daemon [_thread_in_native, id=775, stack(0x00007ffee8219000,0x00007ffee8a19000)]
  0x00007f816101b000 JavaThread "Service Thread" daemon [_thread_blocked, id=17411, stack(0x000070000e1b1000,0x000070000e2b1000)]
  0x00007f815f83d800 JavaThread "C1 CompilerThread3" daemon [_thread_blocked, id=16131, stack(0x000070000e0ae000,0x000070000e1ae000)]
  0x00007f815f83c800 JavaThread "C2 CompilerThread2" daemon [_thread_in_native, id=17667, stack(0x000070000dfab000,0x000070000e0ab000)]
  0x00007f815f010000 JavaThread "C2 CompilerThread1" daemon [_thread_blocked, id=15619, stack(0x000070000dea8000,0x000070000dfa8000)]
  0x00007f815f011000 JavaThread "C2 CompilerThread0" daemon [_thread_blocked, id=18435, stack(0x000070000dda5000,0x000070000dea5000)]
  0x00007f815f00c000 JavaThread "Signal Dispatcher" daemon [_thread_blocked, id=15107, stack(0x000070000dca2000,0x000070000dda2000)]
  0x00007f8161019800 JavaThread "Finalizer" daemon [_thread_blocked, id=12803, stack(0x000070000da99000,0x000070000db99000)]
  0x00007f8161017000 JavaThread "Reference Handler" daemon [_thread_blocked, id=20227, stack(0x000070000d996000,0x000070000da96000)]

Other Threads:
  0x00007f8161010800 VMThread [stack: 0x000070000d893000,0x000070000d993000] [id=12291]
  0x00007f8161038000 WatcherThread [stack: 0x000070000e2b4000,0x000070000e3b4000] [id=16899]

VM state:not at safepoint (normal execution)

VM Mutex/Monitor currently owned by a thread: None

heap address: 0x00000006c0000000, size: 4096 MB, Compressed Oops mode: Zero based, Oop shift amount: 3
Narrow klass base: 0x0000000000000000, Narrow klass shift: 3
Compressed class space size: 1073741824 Address: 0x00000007c0000000

Heap:
 PSYoungGen      total 103424K, used 39398K [0x000000076ab00000, 0x0000000771e00000, 0x00000007c0000000)
  eden space 94208K, 40% used [0x000000076ab00000,0x000000076d0b1b38,0x0000000770700000)
  from space 9216K, 8% used [0x0000000771500000,0x00000007715c8000,0x0000000771e00000)
  to   space 11776K, 0% used [0x0000000770700000,0x0000000770700000,0x0000000771280000)
 ParOldGen       total 120320K, used 16436K [0x00000006c0000000, 0x00000006c7580000, 0x000000076ab00000)
  object space 120320K, 13% used [0x00000006c0000000,0x00000006c100d3f0,0x00000006c7580000)
 Metaspace       used 21699K, capacity 22089K, committed 22272K, reserved 1069056K
  class space    used 2114K, capacity 2223K, committed 2304K, reserved 1048576K

Card table byte_map: [0x000000010977e000,0x0000000109f7f000] byte_map_base: 0x000000010617e000

Marking Bits: (ParMarkBitMap*) 0x0000000108d00f60
 Begin Bits: [0x000000010a4d5000, 0x000000010e4d5000)
 End Bits:   [0x000000010e4d5000, 0x00000001124d5000)

Polling page: 0x000000010725c000

CodeCache: size=245760Kb used=10581Kb max_used=11789Kb free=235178Kb
 bounds [0x0000000115837000, 0x00000001163d7000, 0x0000000124837000]
 total_blobs=3818 nmethods=2902 adapters=828
 compilation: enabled

Compilation events (10 events):
Event: 950.972 Thread 0x00007f815f83d800 nmethod 3347 0x0000000115ac0190 code [0x0000000115ac04e0, 0x0000000115ac1808]
Event: 950.972 Thread 0x00007f815f83d800 3348       3       java.awt.Color::getAlpha (12 bytes)
Event: 950.972 Thread 0x00007f815f83d800 nmethod 3348 0x00000001160c94d0 code [0x00000001160c9640, 0x00000001160c9868]
Event: 952.184 Thread 0x00007f815f011000 3349       4       java.util.HashMap::containsKey (18 bytes)
Event: 952.186 Thread 0x00007f815f83c800 3350       4       javax.media.opengl.Threading::invoke (33 bytes)
Event: 952.186 Thread 0x00007f815f83d800 3351       2       javax.media.opengl.Threading::isOpenGLThread (4 bytes)
Event: 952.186 Thread 0x00007f815f83d800 nmethod 3351 0x0000000115cb6410 code [0x0000000115cb6580, 0x0000000115cb66c8]
Event: 952.191 Thread 0x00007f815f011000 nmethod 3349 0x0000000115c8c210 code [0x0000000115c8c380, 0x0000000115c8c678]
Event: 952.196 Thread 0x00007f815f010000 3352       4       sun.lwawt.LWComponentPeer::getVisibleRegion (9 bytes)
Event: 952.197 Thread 0x00007f815f010000 nmethod 3352 0x0000000115cca090 code [0x0000000115cca1e0, 0x0000000115cca278]

GC Heap History (10 events):
Event: 364.217 GC heap before
{Heap before GC invocations=11 (full 1):
 PSYoungGen      total 106496K, used 106048K [0x000000076ab00000, 0x0000000773000000, 0x00000007c0000000)
  eden space 105472K, 100% used [0x000000076ab00000,0x0000000771200000,0x0000000771200000)
  from space 1024K, 56% used [0x0000000771480000,0x0000000771510000,0x0000000771580000)
  to   space 15360K, 0% used [0x0000000772100000,0x0000000772100000,0x0000000773000000)
 ParOldGen       total 120320K, used 16420K [0x00000006c0000000, 0x00000006c7580000, 0x000000076ab00000)
  object space 120320K, 13% used [0x00000006c0000000,0x00000006c10093f0,0x00000006c7580000)
 Metaspace       used 21609K, capacity 21989K, committed 22272K, reserved 1069056K
  class space    used 2101K, capacity 2189K, committed 2304K, reserved 1048576K
Event: 364.220 GC heap after
Heap after GC invocations=11 (full 1):
 PSYoungGen      total 114688K, used 544K [0x000000076ab00000, 0x0000000772c80000, 0x00000007c0000000)
  eden space 102912K, 0% used [0x000000076ab00000,0x000000076ab00000,0x0000000770f80000)
  from space 11776K, 4% used [0x0000000772100000,0x0000000772188000,0x0000000772c80000)
  to   space 14848K, 0% used [0x0000000770f80000,0x0000000770f80000,0x0000000771e00000)
 ParOldGen       total 120320K, used 16420K [0x00000006c0000000, 0x00000006c7580000, 0x000000076ab00000)
  object space 120320K, 13% used [0x00000006c0000000,0x00000006c10093f0,0x00000006c7580000)
 Metaspace       used 21609K, capacity 21989K, committed 22272K, reserved 1069056K
  class space    used 2101K, capacity 2189K, committed 2304K, reserved 1048576K
}
Event: 379.835 GC heap before
{Heap before GC invocations=12 (full 1):
 PSYoungGen      total 114688K, used 103456K [0x000000076ab00000, 0x0000000772c80000, 0x00000007c0000000)
  eden space 102912K, 100% used [0x000000076ab00000,0x0000000770f80000,0x0000000770f80000)
  from space 11776K, 4% used [0x0000000772100000,0x0000000772188000,0x0000000772c80000)
  to   space 14848K, 0% used [0x0000000770f80000,0x0000000770f80000,0x0000000771e00000)
 ParOldGen       total 120320K, used 16420K [0x00000006c0000000, 0x00000006c7580000, 0x000000076ab00000)
  object space 120320K, 13% used [0x00000006c0000000,0x00000006c10093f0,0x00000006c7580000)
 Metaspace       used 21622K, capacity 21989K, committed 22272K, reserved 1069056K
  class space    used 2101K, capacity 2189K, committed 2304K, reserved 1048576K
Event: 379.837 GC heap after
Heap after GC invocations=12 (full 1):
 PSYoungGen      total 101376K, used 544K [0x000000076ab00000, 0x0000000772800000, 0x00000007c0000000)
  eden space 100352K, 0% used [0x000000076ab00000,0x000000076ab00000,0x0000000770d00000)
  from space 1024K, 53% used [0x0000000770f80000,0x0000000771008000,0x0000000771080000)
  to   space 13824K, 0% used [0x0000000771a80000,0x0000000771a80000,0x0000000772800000)
 ParOldGen       total 120320K, used 16420K [0x00000006c0000000, 0x00000006c7580000, 0x000000076ab00000)
  object space 120320K, 13% used [0x00000006c0000000,0x00000006c10093f0,0x00000006c7580000)
 Metaspace       used 21622K, capacity 21989K, committed 22272K, reserved 1069056K
  class space    used 2101K, capacity 2189K, committed 2304K, reserved 1048576K
}
Event: 388.894 GC heap before
{Heap before GC invocations=13 (full 1):
 PSYoungGen      total 101376K, used 100896K [0x000000076ab00000, 0x0000000772800000, 0x00000007c0000000)
  eden space 100352K, 100% used [0x000000076ab00000,0x0000000770d00000,0x0000000770d00000)
  from space 1024K, 53% used [0x0000000770f80000,0x0000000771008000,0x0000000771080000)
  to   space 13824K, 0% used [0x0000000771a80000,0x0000000771a80000,0x0000000772800000)
 ParOldGen       total 120320K, used 16420K [0x00000006c0000000, 0x00000006c7580000, 0x000000076ab00000)
  object space 120320K, 13% used [0x00000006c0000000,0x00000006c10093f0,0x00000006c7580000)
 Metaspace       used 21622K, capacity 21989K, committed 22272K, reserved 1069056K
  class space    used 2101K, capacity 2189K, committed 2304K, reserved 1048576K
Event: 388.896 GC heap after
Heap after GC invocations=13 (full 1):
 PSYoungGen      total 109056K, used 608K [0x000000076ab00000, 0x0000000772500000, 0x00000007c0000000)
  eden space 98304K, 0% used [0x000000076ab00000,0x000000076ab00000,0x0000000770b00000)
  from space 10752K, 5% used [0x0000000771a80000,0x0000000771b18000,0x0000000772500000)
  to   space 13312K, 0% used [0x0000000770b00000,0x0000000770b00000,0x0000000771800000)
 ParOldGen       total 120320K, used 16420K [0x00000006c0000000, 0x00000006c7580000, 0x000000076ab00000)
  object space 120320K, 13% used [0x00000006c0000000,0x00000006c10093f0,0x00000006c7580000)
 Metaspace       used 21622K, capacity 21989K, committed 22272K, reserved 1069056K
  class space    used 2101K, capacity 2189K, committed 2304K, reserved 1048576K
}
Event: 397.684 GC heap before
{Heap before GC invocations=14 (full 1):
 PSYoungGen      total 109056K, used 98912K [0x000000076ab00000, 0x0000000772500000, 0x00000007c0000000)
  eden space 98304K, 100% used [0x000000076ab00000,0x0000000770b00000,0x0000000770b00000)
  from space 10752K, 5% used [0x0000000771a80000,0x0000000771b18000,0x0000000772500000)
  to   space 13312K, 0% used [0x0000000770b00000,0x0000000770b00000,0x0000000771800000)
 ParOldGen       total 120320K, used 16420K [0x00000006c0000000, 0x00000006c7580000, 0x000000076ab00000)
  object space 120320K, 13% used [0x00000006c0000000,0x00000006c10093f0,0x00000006c7580000)
 Metaspace       used 21622K, capacity 21989K, committed 22272K, reserved 1069056K
  class space    used 2101K, capacity 2189K, committed 2304K, reserved 1048576K
Event: 397.686 GC heap after
Heap after GC invocations=14 (full 1):
 PSYoungGen      total 97280K, used 736K [0x000000076ab00000, 0x0000000772100000, 0x00000007c0000000)
  eden space 96256K, 0% used [0x000000076ab00000,0x000000076ab00000,0x0000000770900000)
  from space 1024K, 71% used [0x0000000770b00000,0x0000000770bb8000,0x0000000770c00000)
  to   space 12288K, 0% used [0x0000000771500000,0x0000000771500000,0x0000000772100000)
 ParOldGen       total 120320K, used 16428K [0x00000006c0000000, 0x00000006c7580000, 0x000000076ab00000)
  object space 120320K, 13% used [0x00000006c0000000,0x00000006c100b3f0,0x00000006c7580000)
 Metaspace       used 21622K, capacity 21989K, committed 22272K, reserved 1069056K
  class space    used 2101K, capacity 2189K, committed 2304K, reserved 1048576K
}
Event: 596.224 GC heap before
{Heap before GC invocations=15 (full 1):
 PSYoungGen      total 97280K, used 96992K [0x000000076ab00000, 0x0000000772100000, 0x00000007c0000000)
  eden space 96256K, 100% used [0x000000076ab00000,0x0000000770900000,0x0000000770900000)
  from space 1024K, 71% used [0x0000000770b00000,0x0000000770bb8000,0x0000000770c00000)
  to   space 12288K, 0% used [0x0000000771500000,0x0000000771500000,0x0000000772100000)
 ParOldGen       total 120320K, used 16428K [0x00000006c0000000, 0x00000006c7580000, 0x000000076ab00000)
  object space 120320K, 13% used [0x00000006c0000000,0x00000006c100b3f0,0x00000006c7580000)
 Metaspace       used 21633K, capacity 21989K, committed 22272K, reserved 1069056K
  class space    used 2101K, capacity 2189K, committed 2304K, reserved 1048576K
Event: 596.226 GC heap after
Heap after GC invocations=15 (full 1):
 PSYoungGen      total 103424K, used 800K [0x000000076ab00000, 0x0000000771e00000, 0x00000007c0000000)
  eden space 94208K, 0% used [0x000000076ab00000,0x000000076ab00000,0x0000000770700000)
  from space 9216K, 8% used [0x0000000771500000,0x00000007715c8000,0x0000000771e00000)
  to   space 11776K, 0% used [0x0000000770700000,0x0000000770700000,0x0000000771280000)
 ParOldGen       total 120320K, used 16436K [0x00000006c0000000, 0x00000006c7580000, 0x000000076ab00000)
  object space 120320K, 13% used [0x00000006c0000000,0x00000006c100d3f0,0x00000006c7580000)
 Metaspace       used 21633K, capacity 21989K, committed 22272K, reserved 1069056K
  class space    used 2101K, capacity 2189K, committed 2304K, reserved 1048576K
}

Deoptimization events (10 events):
Event: 952.137 Thread 0x00007f8160374000 Uncommon trap: reason=unstable_if action=reinterpret pc=0x00000001163502d0 method=java.awt.EventQueue.uncacheEQItem(Lsun/awt/EventQueueItem;)V @ 23
Event: 952.184 Thread 0x00007f8161213800 Uncommon trap: reason=unstable_if action=reinterpret pc=0x0000000115e1552c method=java.util.HashMap.putVal(ILjava/lang/Object;Ljava/lang/Object;ZZ)Ljava/lang/Object; @ 81
Event: 952.184 Thread 0x00007f8161213800 Uncommon trap: reason=unstable_if action=reinterpret pc=0x0000000115d2c50c method=java.util.HashMap.putVal(ILjava/lang/Object;Ljava/lang/Object;ZZ)Ljava/lang/Object; @ 81
Event: 952.185 Thread 0x00007f8161162800 Uncommon trap: reason=unstable_if action=reinterpret pc=0x000000011637ae78 method=sun.font.FontDesignMetrics.getLatinCharWidth(C)F @ 11
Event: 952.190 Thread 0x00007f815f0df800 Uncommon trap: reason=class_check action=maybe_recompile pc=0x0000000115955d80 method=com.jogamp.common.util.RunnableTask.run()V @ 24
Event: 952.190 Thread 0x00007f815f0df800 Uncommon trap: reason=unstable_if action=reinterpret pc=0x0000000115d3fcbc method=jogamp.nativewindow.macosx.OSXUtil.RunOnMainThread(ZZLjava/lang/Runnable;)V @ 3
Event: 952.192 Thread 0x00007f8160374000 Uncommon trap: reason=unstable_if action=reinterpret pc=0x0000000115ec1120 method=jogamp.opengl.GLContextImpl.release(Z)V @ 161
Event: 952.195 Thread 0x00007f8160374000 Uncommon trap: reason=unstable_if action=reinterpret pc=0x00000001161d5cf0 method=java.security.AccessControlContext.optimize()Ljava/security/AccessControlContext; @ 233
Event: 952.196 Thread 0x00007f816528b800 Uncommon trap: reason=predicate action=maybe_recompile pc=0x0000000116028d90 method=java.util.Vector.indexOf(Ljava/lang/Object;I)I @ 44
Event: 952.196 Thread 0x00007f815f0df800 Uncommon trap: reason=class_check action=maybe_recompile pc=0x0000000115955d80 method=com.jogamp.common.util.RunnableTask.run()V @ 24

Classes redefined (0 events):
No events

Internal exceptions (10 events):
Event: 0.096 Thread 0x00007f8160009000 Exception <a 'java/lang/NoSuchFieldError': method resolution failed> (0x000000076adb8228) thrown at [/jenkins/workspace/8-2-build-macosx-x86_64/jdk8u251/737/hotspot/src/share/vm/prims/methodHandles.cpp, line 1167]
Event: 0.223 Thread 0x00007f8160009000 Exception <a 'java/io/FileNotFoundException'> (0x000000076ae33848) thrown at [/jenkins/workspace/8-2-build-macosx-x86_64/jdk8u251/737/hotspot/src/share/vm/prims/jni.cpp, line 710]
Event: 0.223 Thread 0x00007f8160009000 Exception <a 'java/io/FileNotFoundException'> (0x000000076ae343d0) thrown at [/jenkins/workspace/8-2-build-macosx-x86_64/jdk8u251/737/hotspot/src/share/vm/prims/jni.cpp, line 710]
Event: 0.286 Thread 0x00007f8160009000 Exception <a 'java/io/FileNotFoundException'> (0x000000076aeb6d48) thrown at [/jenkins/workspace/8-2-build-macosx-x86_64/jdk8u251/737/hotspot/src/share/vm/prims/jni.cpp, line 710]
Event: 1.166 Thread 0x00007f815f327000 Exception <a 'java/lang/UnsatisfiedLinkError': com.jogamp.common.util.JarUtil.fixNativeLibAttribs(Ljava/lang/String;)Z> (0x000000076c8b2828) thrown at [/jenkins/workspace/8-2-build-macosx-x86_64/jdk8u251/737/hotspot/src/share/vm/prims/nativeLookup.cpp, li
Event: 2.038 Thread 0x00007f8160374000 Exception <a 'java/io/FileNotFoundException'> (0x000000076d94d428) thrown at [/jenkins/workspace/8-2-build-macosx-x86_64/jdk8u251/737/hotspot/src/share/vm/prims/jni.cpp, line 710]
Event: 2.038 Thread 0x00007f8160374000 Exception <a 'java/io/FileNotFoundException'> (0x000000076d953310) thrown at [/jenkins/workspace/8-2-build-macosx-x86_64/jdk8u251/737/hotspot/src/share/vm/prims/jni.cpp, line 710]
Event: 2.038 Thread 0x00007f8160374000 Implicit null exception at 0x0000000115a13876 to 0x0000000115a13c39
Event: 2.223 Thread 0x00007f8161019800 Exception <a 'java/lang/NullPointerException'> (0x000000076aeaef90) thrown at [/jenkins/workspace/8-2-build-macosx-x86_64/jdk8u251/737/hotspot/src/share/vm/interpreter/linkResolver.cpp, line 1185]
Event: 2.295 Thread 0x00007f8160374000 Implicit null exception at 0x0000000115c06cc6 to 0x0000000115c06f0d

Events (10 events):
Event: 952.196 loading class java/awt/Toolkit$ToolkitEventMulticaster done
Event: 952.196 Thread 0x00007f8161213800 Thread exited: 0x00007f8161213800
Event: 952.196 Thread 0x00007f816528b800 Uncommon trap: trap_request=0xffffff86 fr.pc=0x0000000116028d90
Event: 952.196 Thread 0x00007f816528b800 DEOPT PACKING pc=0x0000000116028d90 sp=0x000070000e63c8b0
Event: 952.196 Thread 0x00007f816528b800 DEOPT UNPACKING pc=0x000000011587c73a sp=0x000070000e63c860 mode 2
Event: 952.196 Thread 0x00007f815f0df800 Uncommon trap: trap_request=0xffffffde fr.pc=0x0000000115955d80
Event: 952.196 loading class java/awt/Window$1DisposeAction
Event: 952.196 Thread 0x00007f815f0df800 DEOPT PACKING pc=0x0000000115955d80 sp=0x00007ffee8a14640
Event: 952.196 Thread 0x00007f815f0df800 DEOPT UNPACKING pc=0x000000011587c73a sp=0x00007ffee8a145e8 mode 2
Event: 952.196 loading class java/awt/Window$1DisposeAction done


Dynamic libraries:
0x00007fff35840000 	/System/Library/Frameworks/Cocoa.framework/Versions/A/Cocoa
0x00007fff43028000 	/System/Library/Frameworks/Security.framework/Versions/A/Security
0x00007fff347a7000 	/System/Library/Frameworks/ApplicationServices.framework/Versions/A/ApplicationServices
0x00007fff6fc80000 	/usr/lib/libz.1.dylib
0x00007fff6d744000 	/usr/lib/libSystem.B.dylib
0x00007fff6f5a4000 	/usr/lib/libobjc.A.dylib
0x00007fff366e0000 	/System/Library/Frameworks/CoreFoundation.framework/Versions/A/CoreFoundation
0x00007fff38d9a000 	/System/Library/Frameworks/Foundation.framework/Versions/C/Foundation
0x00007fff33997000 	/System/Library/Frameworks/AppKit.framework/Versions/C/AppKit
0x00007fff361c4000 	/System/Library/Frameworks/CoreData.framework/Versions/A/CoreData
0x00007fff6775f000 	/System/Library/PrivateFrameworks/UIFoundation.framework/Versions/A/UIFoundation
0x00007fff62803000 	/System/Library/PrivateFrameworks/RemoteViewServices.framework/Versions/A/RemoteViewServices
0x00007fff6a2b4000 	/System/Library/PrivateFrameworks/XCTTargetBootstrap.framework/Versions/A/XCTTargetBootstrap
0x00007fff365af000 	/System/Library/Frameworks/CoreDisplay.framework/Versions/A/CoreDisplay
0x00007fff3bc55000 	/System/Library/Frameworks/Metal.framework/Versions/A/Metal
0x00007fff5080f000 	/System/Library/PrivateFrameworks/DesktopServicesPriv.framework/Versions/A/DesktopServicesPriv
0x00007fff6e87f000 	/usr/lib/liblangid.dylib
0x00007fff4faa7000 	/System/Library/PrivateFrameworks/CoreSVG.framework/Versions/A/CoreSVG
0x00007fff6595c000 	/System/Library/PrivateFrameworks/SkyLight.framework/Versions/A/SkyLight
0x00007fff36b61000 	/System/Library/Frameworks/CoreGraphics.framework/Versions/A/CoreGraphics
0x00007fff3236b000 	/System/Library/Frameworks/Accelerate.framework/Versions/A/Accelerate
0x00007fff6fb71000 	/usr/lib/libxml2.2.dylib
0x00007fff5b79c000 	/System/Library/PrivateFrameworks/IconServices.framework/Versions/A/IconServices
0x00007fff39579000 	/System/Library/Frameworks/IOSurface.framework/Versions/A/IOSurface
0x00007fff6d26e000 	/usr/lib/libDiagnosticMessagesClient.dylib
0x00007fff50669000 	/System/Library/PrivateFrameworks/DFRFoundation.framework/Versions/A/DFRFoundation
0x00007fff6e60e000 	/usr/lib/libicucore.A.dylib
0x00007fff34ad9000 	/System/Library/Frameworks/AudioToolbox.framework/Versions/A/AudioToolbox
0x00007fff34bbc000 	/System/Library/Frameworks/AudioUnit.framework/Versions/A/AudioUnit
0x00007fff6d946000 	/usr/lib/libauto.dylib
0x00007fff5070b000 	/System/Library/PrivateFrameworks/DataDetectorsCore.framework/Versions/A/DataDetectorsCore
0x00007fff35361000 	/System/Library/Frameworks/Carbon.framework/Versions/A/Frameworks/HIToolbox.framework/Versions/A/HIToolbox
0x00007fff42225000 	/System/Library/Frameworks/QuartzCore.framework/Versions/A/QuartzCore
0x00007fff356a0000 	/System/Library/Frameworks/Carbon.framework/Versions/A/Frameworks/SpeechRecognition.framework/Versions/A/SpeechRecognition
0x00007fff50180000 	/System/Library/PrivateFrameworks/CoreUI.framework/Versions/A/CoreUI
0x00007fff35c2f000 	/System/Library/Frameworks/CoreAudio.framework/Versions/A/CoreAudio
0x00007fff38a5b000 	/System/Library/Frameworks/DiskArbitration.framework/Versions/A/DiskArbitration
0x00007fff5d7ea000 	/System/Library/PrivateFrameworks/MultitouchSupport.framework/Versions/A/MultitouchSupport
0x00007fff6e4d5000 	/usr/lib/libenergytrace.dylib
0x00007fff394d3000 	/System/Library/Frameworks/IOKit.framework/Versions/A/IOKit
0x00007fff37ac7000 	/System/Library/Frameworks/CoreServices.framework/Versions/A/CoreServices
0x00007fff5f999000 	/System/Library/PrivateFrameworks/PerformanceAnalysis.framework/Versions/A/PerformanceAnalysis
0x00007fff41258000 	/System/Library/Frameworks/OpenGL.framework/Versions/A/OpenGL
0x00007fff3584e000 	/System/Library/Frameworks/ColorSync.framework/Versions/A/ColorSync
0x00007fff371e3000 	/System/Library/Frameworks/CoreImage.framework/Versions/A/CoreImage
0x00007fff3853a000 	/System/Library/Frameworks/CoreText.framework/Versions/A/CoreText
0x00007fff39609000 	/System/Library/Frameworks/ImageIO.framework/Versions/A/ImageIO
0x00007fff6da2a000 	/usr/lib/libc++.1.dylib
0x00007fff6daa6000 	/usr/lib/libcompression.dylib
0x00007fff6d5b2000 	/usr/lib/libMobileGestalt.dylib
0x00007fff674d4000 	/System/Library/PrivateFrameworks/TextureIO.framework/Versions/A/TextureIO
0x00007fff6d8a9000 	/usr/lib/libate.dylib
0x00007fff5b9a5000 	/System/Library/PrivateFrameworks/InternationalSupport.framework/Versions/A/InternationalSupport
0x00007fff70540000 	/usr/lib/system/libcache.dylib
0x00007fff70546000 	/usr/lib/system/libcommonCrypto.dylib
0x00007fff70552000 	/usr/lib/system/libcompiler_rt.dylib
0x00007fff7055a000 	/usr/lib/system/libcopyfile.dylib
0x00007fff70564000 	/usr/lib/system/libcorecrypto.dylib
0x00007fff70703000 	/usr/lib/system/libdispatch.dylib
0x00007fff70744000 	/usr/lib/system/libdyld.dylib
0x00007fff7077b000 	/usr/lib/system/libkeymgr.dylib
0x00007fff70789000 	/usr/lib/system/liblaunch.dylib
0x00007fff7078a000 	/usr/lib/system/libmacho.dylib
0x00007fff70790000 	/usr/lib/system/libquarantine.dylib
0x00007fff70793000 	/usr/lib/system/libremovefile.dylib
0x00007fff70795000 	/usr/lib/system/libsystem_asl.dylib
0x00007fff707ad000 	/usr/lib/system/libsystem_blocks.dylib
0x00007fff707ae000 	/usr/lib/system/libsystem_c.dylib
0x00007fff70836000 	/usr/lib/system/libsystem_configuration.dylib
0x00007fff7083a000 	/usr/lib/system/libsystem_coreservices.dylib
0x00007fff7083e000 	/usr/lib/system/libsystem_darwin.dylib
0x00007fff70847000 	/usr/lib/system/libsystem_dnssd.dylib
0x00007fff7084f000 	/usr/lib/system/libsystem_featureflags.dylib
0x00007fff70851000 	/usr/lib/system/libsystem_info.dylib
0x00007fff708cc000 	/usr/lib/system/libsystem_m.dylib
0x00007fff70914000 	/usr/lib/system/libsystem_malloc.dylib
0x00007fff7093c000 	/usr/lib/system/libsystem_networkextension.dylib
0x00007fff7094a000 	/usr/lib/system/libsystem_notify.dylib
0x00007fff70968000 	/usr/lib/system/libsystem_sandbox.dylib
0x00007fff7096d000 	/usr/lib/system/libsystem_secinit.dylib
0x00007fff7089f000 	/usr/lib/system/libsystem_kernel.dylib
0x00007fff70954000 	/usr/lib/system/libsystem_platform.dylib
0x00007fff7095d000 	/usr/lib/system/libsystem_pthread.dylib
0x00007fff70970000 	/usr/lib/system/libsystem_symptoms.dylib
0x00007fff70978000 	/usr/lib/system/libsystem_trace.dylib
0x00007fff70990000 	/usr/lib/system/libunwind.dylib
0x00007fff70996000 	/usr/lib/system/libxpc.dylib
0x00007fff6da7d000 	/usr/lib/libc++abi.dylib
0x00007fff6e881000 	/usr/lib/liblzma.5.dylib
0x00007fff6e4fc000 	/usr/lib/libfakelink.dylib
0x00007fff6d836000 	/usr/lib/libarchive.2.dylib
0x00007fff440d9000 	/System/Library/Frameworks/SystemConfiguration.framework/Versions/A/SystemConfiguration
0x00007fff6d1a1000 	/usr/lib/libCRFSuite.dylib
0x00007fff34f52000 	/System/Library/Frameworks/CFNetwork.framework/Versions/A/CFNetwork
0x00007fff6da0c000 	/usr/lib/libbsm.0.dylib
0x00007fff7077c000 	/usr/lib/system/libkxld.dylib
0x00007fff49ff5000 	/System/Library/PrivateFrameworks/AppleFSCompression.framework/Versions/A/AppleFSCompression
0x00007fff6dd97000 	/usr/lib/libcoretls.dylib
0x00007fff6ddae000 	/usr/lib/libcoretls_cfhelpers.dylib
0x00007fff6f5ea000 	/usr/lib/libpam.2.dylib
0x00007fff6f71f000 	/usr/lib/libsqlite3.dylib
0x00007fff6fb5e000 	/usr/lib/libxar.1.dylib
0x00007fff6da1d000 	/usr/lib/libbz2.1.0.dylib
0x00007fff6e51d000 	/usr/lib/libiconv.2.dylib
0x00007fff6da93000 	/usr/lib/libcharset.1.dylib
0x00007fff6f087000 	/usr/lib/libnetwork.dylib
0x00007fff6f5f1000 	/usr/lib/libpcap.A.dylib
0x00007fff6d7eb000 	/usr/lib/libapple_nghttp2.dylib
0x00007fff37e7e000 	/System/Library/Frameworks/CoreServices.framework/Versions/A/Frameworks/FSEvents.framework/Versions/A/FSEvents
0x00007fff37b4e000 	/System/Library/Frameworks/CoreServices.framework/Versions/A/Frameworks/CarbonCore.framework/Versions/A/CarbonCore
0x00007fff380c2000 	/System/Library/Frameworks/CoreServices.framework/Versions/A/Frameworks/Metadata.framework/Versions/A/Metadata
0x00007fff3815b000 	/System/Library/Frameworks/CoreServices.framework/Versions/A/Frameworks/OSServices.framework/Versions/A/OSServices
0x00007fff38189000 	/System/Library/Frameworks/CoreServices.framework/Versions/A/Frameworks/SearchKit.framework/Versions/A/SearchKit
0x00007fff37ac8000 	/System/Library/Frameworks/CoreServices.framework/Versions/A/Frameworks/AE.framework/Versions/A/AE
0x00007fff37e87000 	/System/Library/Frameworks/CoreServices.framework/Versions/A/Frameworks/LaunchServices.framework/Versions/A/LaunchServices
0x00007fff37e30000 	/System/Library/Frameworks/CoreServices.framework/Versions/A/Frameworks/DictionaryServices.framework/Versions/A/DictionaryServices
0x00007fff381f1000 	/System/Library/Frameworks/CoreServices.framework/Versions/A/Frameworks/SharedFileList.framework/Versions/A/SharedFileList
0x00007fff3d078000 	/System/Library/Frameworks/NetFS.framework/Versions/A/NetFS
0x00007fff5dd1a000 	/System/Library/PrivateFrameworks/NetAuth.framework/Versions/A/NetAuth
0x00007fff6a681000 	/System/Library/PrivateFrameworks/login.framework/Versions/A/Frameworks/loginsupport.framework/Versions/A/loginsupport
0x00007fff66f9f000 	/System/Library/PrivateFrameworks/TCC.framework/Versions/A/TCC
0x00007fff4ec1a000 	/System/Library/PrivateFrameworks/CoreNLP.framework/Versions/A/CoreNLP
0x00007fff5d217000 	/System/Library/PrivateFrameworks/MetadataUtilities.framework/Versions/A/MetadataUtilities
0x00007fff6e959000 	/usr/lib/libmecabra.dylib
0x00007fff6e8b1000 	/usr/lib/libmecab.dylib
0x00007fff6e50d000 	/usr/lib/libgermantok.dylib
0x00007fff6d7d2000 	/usr/lib/libThaiTokenizer.dylib
0x00007fff6d1d8000 	/usr/lib/libChineseTokenizer.dylib
0x00007fff32383000 	/System/Library/Frameworks/Accelerate.framework/Versions/A/Frameworks/vImage.framework/Versions/A/vImage
0x00007fff337ed000 	/System/Library/Frameworks/Accelerate.framework/Versions/A/Frameworks/vecLib.framework/Versions/A/vecLib
0x00007fff3372a000 	/System/Library/Frameworks/Accelerate.framework/Versions/A/Frameworks/vecLib.framework/Versions/A/libvMisc.dylib
0x00007fff33552000 	/System/Library/Frameworks/Accelerate.framework/Versions/A/Frameworks/vecLib.framework/Versions/A/libvDSP.dylib
0x00007fff329da000 	/System/Library/Frameworks/Accelerate.framework/Versions/A/Frameworks/vecLib.framework/Versions/A/libBLAS.dylib
0x00007fff33116000 	/System/Library/Frameworks/Accelerate.framework/Versions/A/Frameworks/vecLib.framework/Versions/A/libLAPACK.dylib
0x00007fff334b2000 	/System/Library/Frameworks/Accelerate.framework/Versions/A/Frameworks/vecLib.framework/Versions/A/libLinearAlgebra.dylib
0x00007fff3353f000 	/System/Library/Frameworks/Accelerate.framework/Versions/A/Frameworks/vecLib.framework/Versions/A/libSparseBLAS.dylib
0x00007fff334c8000 	/System/Library/Frameworks/Accelerate.framework/Versions/A/Frameworks/vecLib.framework/Versions/A/libQuadrature.dylib
0x00007fff32c42000 	/System/Library/Frameworks/Accelerate.framework/Versions/A/Frameworks/vecLib.framework/Versions/A/libBNNS.dylib
0x00007fff334ce000 	/System/Library/Frameworks/Accelerate.framework/Versions/A/Frameworks/vecLib.framework/Versions/A/libSparse.dylib
0x00007fff5bd8d000 	/System/Library/PrivateFrameworks/LanguageModeling.framework/Versions/A/LanguageModeling
0x00007fff4e5ca000 	/System/Library/PrivateFrameworks/CoreEmoji.framework/Versions/A/CoreEmoji
0x00007fff5beab000 	/System/Library/PrivateFrameworks/LinguisticData.framework/Versions/A/LinguisticData
0x00007fff5be5c000 	/System/Library/PrivateFrameworks/Lexicon.framework/Versions/A/Lexicon
0x00007fff6da94000 	/usr/lib/libcmph.dylib
0x00007fff3fc66000 	/System/Library/Frameworks/OpenDirectory.framework/Versions/A/Frameworks/CFOpenDirectory.framework/Versions/A/CFOpenDirectory
0x00007fff3fc83000 	/System/Library/Frameworks/OpenDirectory.framework/Versions/A/OpenDirectory
0x00007fff480a8000 	/System/Library/PrivateFrameworks/APFS.framework/Versions/A/APFS
0x00007fff43372000 	/System/Library/Frameworks/SecurityFoundation.framework/Versions/A/SecurityFoundation
0x00007fff6fb5a000 	/usr/lib/libutil.dylib
0x00007fff4faff000 	/System/Library/PrivateFrameworks/CoreServicesStore.framework/Versions/A/CoreServicesStore
0x00007fff43429000 	/System/Library/Frameworks/ServiceManagement.framework/Versions/A/ServiceManagement
0x00007fff4b7c4000 	/System/Library/PrivateFrameworks/BackgroundTaskManagement.framework/Versions/A/BackgroundTaskManagement
0x00007fff6fc57000 	/usr/lib/libxslt.1.dylib
0x00007fff4a668000 	/System/Library/PrivateFrameworks/AppleSystemInfo.framework/Versions/A/AppleSystemInfo
0x00007fff39824000 	/System/Library/Frameworks/ImageIO.framework/Versions/A/Resources/libJPEG.dylib
0x00007fff39ae0000 	/System/Library/Frameworks/ImageIO.framework/Versions/A/Resources/libTIFF.dylib
0x00007fff39ac3000 	/System/Library/Frameworks/ImageIO.framework/Versions/A/Resources/libPng.dylib
0x00007fff39766000 	/System/Library/Frameworks/ImageIO.framework/Versions/A/Resources/libGIF.dylib
0x00007fff3976a000 	/System/Library/Frameworks/ImageIO.framework/Versions/A/Resources/libJP2.dylib
0x00007fff39ade000 	/System/Library/Frameworks/ImageIO.framework/Versions/A/Resources/libRadiance.dylib
0x00007fff6e4d6000 	/usr/lib/libexpat.1.dylib
0x00007fff4a150000 	/System/Library/PrivateFrameworks/AppleJPEG.framework/Versions/A/AppleJPEG
0x00007fff52dfe000 	/System/Library/PrivateFrameworks/FontServices.framework/libFontParser.dylib
0x00007fff69686000 	/System/Library/PrivateFrameworks/WatchdogClient.framework/Versions/A/WatchdogClient
0x00007fff5b3e8000 	/System/Library/PrivateFrameworks/IOAccelerator.framework/Versions/A/IOAccelerator
0x00007fff3bff0000 	/System/Library/Frameworks/MetalPerformanceShaders.framework/Versions/A/MetalPerformanceShaders
0x00007fff57b7f000 	/System/Library/PrivateFrameworks/GPUWrangler.framework/Versions/A/GPUWrangler
0x00007fff5b3fd000 	/System/Library/PrivateFrameworks/IOPresentment.framework/Versions/A/IOPresentment
0x00007fff5067c000 	/System/Library/PrivateFrameworks/DSExternalDisplay.framework/Versions/A/DSExternalDisplay
0x00007fff405f7000 	/System/Library/Frameworks/OpenGL.framework/Versions/A/Libraries/libCoreFSCache.dylib
0x00007fff3bd3c000 	/System/Library/Frameworks/MetalPerformanceShaders.framework/Frameworks/MPSCore.framework/Versions/A/MPSCore
0x00007fff3bd7a000 	/System/Library/Frameworks/MetalPerformanceShaders.framework/Frameworks/MPSImage.framework/Versions/A/MPSImage
0x00007fff3be41000 	/System/Library/Frameworks/MetalPerformanceShaders.framework/Frameworks/MPSNeuralNetwork.framework/Versions/A/MPSNeuralNetwork
0x00007fff3be05000 	/System/Library/Frameworks/MetalPerformanceShaders.framework/Frameworks/MPSMatrix.framework/Versions/A/MPSMatrix
0x00007fff3bfa0000 	/System/Library/Frameworks/MetalPerformanceShaders.framework/Frameworks/MPSRayIntersector.framework/Versions/A/MPSRayIntersector
0x00007fff3be2b000 	/System/Library/Frameworks/MetalPerformanceShaders.framework/Frameworks/MPSNDArray.framework/Versions/A/MPSNDArray
0x00007fff5d264000 	/System/Library/PrivateFrameworks/MetalTools.framework/Versions/A/MetalTools
0x00007fff4927d000 	/System/Library/PrivateFrameworks/AggregateDictionary.framework/Versions/A/AggregateDictionary
0x00007fff4e014000 	/System/Library/PrivateFrameworks/CoreAnalytics.framework/Versions/A/CoreAnalytics
0x00007fff4a587000 	/System/Library/PrivateFrameworks/AppleSauce.framework/Versions/A/AppleSauce
0x00007fff6d494000 	/usr/lib/libIOReport.dylib
0x00007fff386f2000 	/System/Library/Frameworks/CoreVideo.framework/Versions/A/CoreVideo
0x00007fff58ff9000 	/System/Library/PrivateFrameworks/GraphVisualizer.framework/Versions/A/GraphVisualizer
0x00007fff52345000 	/System/Library/PrivateFrameworks/FaceCore.framework/Versions/A/FaceCore
0x00007fff3fc0d000 	/System/Library/Frameworks/OpenCL.framework/Versions/A/OpenCL
0x00007fff6d2b6000 	/usr/lib/libFosl_dynamic.dylib
0x00007fff5e73a000 	/System/Library/PrivateFrameworks/OTSVG.framework/Versions/A/OTSVG
0x00007fff348ac000 	/System/Library/Frameworks/ApplicationServices.framework/Versions/A/Frameworks/ATS.framework/Versions/A/Resources/libFontRegistry.dylib
0x00007fff52fd0000 	/System/Library/PrivateFrameworks/FontServices.framework/libhvf.dylib
0x00007fff40602000 	/System/Library/Frameworks/OpenGL.framework/Versions/A/Libraries/libGFXShared.dylib
0x00007fff407e0000 	/System/Library/Frameworks/OpenGL.framework/Versions/A/Libraries/libGLU.dylib
0x00007fff4060b000 	/System/Library/Frameworks/OpenGL.framework/Versions/A/Libraries/libGL.dylib
0x00007fff40616000 	/System/Library/Frameworks/OpenGL.framework/Versions/A/Libraries/libGLImage.dylib
0x00007fff405f4000 	/System/Library/Frameworks/OpenGL.framework/Versions/A/Libraries/libCVMSPluginSupport.dylib
0x00007fff405fd000 	/System/Library/Frameworks/OpenGL.framework/Versions/A/Libraries/libCoreVMClient.dylib
0x00007fff6ef28000 	/usr/lib/libncurses.5.4.dylib
0x00007fff347a8000 	/System/Library/Frameworks/ApplicationServices.framework/Versions/A/Frameworks/ATS.framework/Versions/A/ATS
0x00007fff34975000 	/System/Library/Frameworks/ApplicationServices.framework/Versions/A/Frameworks/ColorSyncLegacy.framework/Versions/A/ColorSyncLegacy
0x00007fff34a13000 	/System/Library/Frameworks/ApplicationServices.framework/Versions/A/Frameworks/HIServices.framework/Versions/A/HIServices
0x00007fff34a6b000 	/System/Library/Frameworks/ApplicationServices.framework/Versions/A/Frameworks/LangAnalysis.framework/Versions/A/LangAnalysis
0x00007fff34a7a000 	/System/Library/Frameworks/ApplicationServices.framework/Versions/A/Frameworks/PrintCore.framework/Versions/A/PrintCore
0x00007fff34ac0000 	/System/Library/Frameworks/ApplicationServices.framework/Versions/A/Frameworks/QD.framework/Versions/A/QD
0x00007fff34acb000 	/System/Library/Frameworks/ApplicationServices.framework/Versions/A/Frameworks/SpeechSynthesis.framework/Versions/A/SpeechSynthesis
0x00007fff34945000 	/System/Library/Frameworks/ApplicationServices.framework/Versions/A/Frameworks/ATSUI.framework/Versions/A/ATSUI
0x00007fff6e36c000 	/usr/lib/libcups.2.dylib
0x00007fff3b08b000 	/System/Library/Frameworks/Kerberos.framework/Versions/A/Kerberos
0x00007fff391cc000 	/System/Library/Frameworks/GSS.framework/Versions/A/GSS
0x00007fff6f6ab000 	/usr/lib/libresolv.9.dylib
0x00007fff591a6000 	/System/Library/PrivateFrameworks/Heimdal.framework/Versions/A/Heimdal
0x00007fff3b09e000 	/System/Library/Frameworks/Kerberos.framework/Versions/A/Libraries/libHeimdalProxy.dylib
0x00007fff6e513000 	/usr/lib/libheimdal-asn1.dylib
0x00007fff4d4af000 	/System/Library/PrivateFrameworks/CommonAuth.framework/Versions/A/CommonAuth
0x00007fff4a705000 	/System/Library/PrivateFrameworks/AssertionServices.framework/Versions/A/AssertionServices
0x00007fff4b2a7000 	/System/Library/PrivateFrameworks/AudioToolboxCore.framework/Versions/A/AudioToolboxCore
0x00007fff6a331000 	/System/Library/PrivateFrameworks/caulk.framework/Versions/A/caulk
0x00007fff4b870000 	/System/Library/PrivateFrameworks/BaseBoard.framework/Versions/A/BaseBoard
0x00007fff62991000 	/System/Library/PrivateFrameworks/RunningBoardServices.framework/Versions/A/RunningBoardServices
0x00007fff5f9a5000 	/System/Library/PrivateFrameworks/PersistentConnection.framework/Versions/A/PersistentConnection
0x00007fff6238b000 	/System/Library/PrivateFrameworks/ProtocolBuffer.framework/Versions/A/ProtocolBuffer
0x00007fff4d4d3000 	/System/Library/PrivateFrameworks/CommonUtilities.framework/Versions/A/CommonUtilities
0x00007fff4b9fe000 	/System/Library/PrivateFrameworks/Bom.framework/Versions/A/Bom
0x00007fff6d167000 	/usr/lib/libAudioToolboxUtility.dylib
0x00007fff4b7ce000 	/System/Library/PrivateFrameworks/Backup.framework/Versions/A/Backup
0x00007fff5059d000 	/System/Library/PrivateFrameworks/CrashReporterSupport.framework/Versions/A/CrashReporterSupport
0x00007fff64422000 	/System/Library/PrivateFrameworks/Sharing.framework/Versions/A/Sharing
0x00007fff49d13000 	/System/Library/PrivateFrameworks/Apple80211.framework/Versions/A/Apple80211
0x00007fff4b4eb000 	/System/Library/PrivateFrameworks/AuthKit.framework/Versions/A/AuthKit
0x00007fff502ad000 	/System/Library/PrivateFrameworks/CoreUtils.framework/Versions/A/CoreUtils
0x00007fff38737000 	/System/Library/Frameworks/CoreWLAN.framework/Versions/A/CoreWLAN
0x00007fff39359000 	/System/Library/Frameworks/IOBluetooth.framework/Versions/A/IOBluetooth
0x00007fff5d569000 	/System/Library/PrivateFrameworks/MobileKeyBag.framework/Versions/A/MobileKeyBag
0x00007fff4f0b2000 	/System/Library/PrivateFrameworks/CorePhoneNumbers.framework/Versions/A/CorePhoneNumbers
0x00007fff4a103000 	/System/Library/PrivateFrameworks/AppleIDAuthSupport.framework/Versions/A/AppleIDAuthSupport
0x00007fff3d085000 	/System/Library/Frameworks/Network.framework/Versions/A/Network
0x00007fff5bc39000 	/System/Library/PrivateFrameworks/KeychainCircle.framework/Versions/A/KeychainCircle
0x00007fff3618b000 	/System/Library/Frameworks/CoreBluetooth.framework/Versions/A/CoreBluetooth
0x00007fff6649f000 	/System/Library/PrivateFrameworks/SpeechRecognitionCore.framework/Versions/A/SpeechRecognitionCore
0x0000000108400000 	/Library/Java/JavaVirtualMachines/jdk1.8.0_251.jdk/Contents/Home/jre/lib/server/libjvm.dylib
0x00007fff6fa2d000 	/usr/lib/libstdc++.6.dylib
0x0000000107218000 	/Library/Java/JavaVirtualMachines/jdk1.8.0_251.jdk/Contents/Home/jre/lib/libverify.dylib
0x0000000107226000 	/Library/Java/JavaVirtualMachines/jdk1.8.0_251.jdk/Contents/Home/jre/lib/libjava.dylib
0x00000001072a6000 	/Library/Java/JavaVirtualMachines/jdk1.8.0_251.jdk/Contents/Home/jre/lib/libzip.dylib
0x0000000107311000 	/Library/Java/JavaVirtualMachines/jdk1.8.0_251.jdk/Contents/Home/jre/lib/libawt.dylib
0x00000001151f0000 	/Library/Java/JavaVirtualMachines/jdk1.8.0_251.jdk/Contents/Home/jre/lib/libmlib_image.dylib
0x00007fff3b075000 	/System/Library/Frameworks/JavaVM.framework/Versions/A/Frameworks/JavaNativeFoundation.framework/Versions/A/JavaNativeFoundation
0x00007fff3b07e000 	/System/Library/Frameworks/JavaVM.framework/Versions/A/Frameworks/JavaRuntimeSupport.framework/Versions/A/JavaRuntimeSupport
0x00007fff3b086000 	/System/Library/Frameworks/JavaVM.framework/Versions/A/JavaVM
0x00007fff5ba50000 	/System/Library/PrivateFrameworks/JavaLaunching.framework/Versions/A/JavaLaunching
0x00007fff3535c000 	/System/Library/Frameworks/Carbon.framework/Versions/A/Carbon
0x00007fff50052000 	/System/Library/PrivateFrameworks/CoreSymbolication.framework/Versions/A/CoreSymbolication
0x00007fff3535d000 	/System/Library/Frameworks/Carbon.framework/Versions/A/Frameworks/CommonPanels.framework/Versions/A/CommonPanels
0x00007fff35656000 	/System/Library/Frameworks/Carbon.framework/Versions/A/Frameworks/Help.framework/Versions/A/Help
0x00007fff3565a000 	/System/Library/Frameworks/Carbon.framework/Versions/A/Frameworks/ImageCapture.framework/Versions/A/ImageCapture
0x00007fff35661000 	/System/Library/Frameworks/Carbon.framework/Versions/A/Frameworks/OpenScripting.framework/Versions/A/OpenScripting
0x00007fff35660000 	/System/Library/Frameworks/Carbon.framework/Versions/A/Frameworks/Ink.framework/Versions/A/Ink
0x00007fff3569c000 	/System/Library/Frameworks/Carbon.framework/Versions/A/Frameworks/Print.framework/Versions/A/Print
0x00007fff3569d000 	/System/Library/Frameworks/Carbon.framework/Versions/A/Frameworks/SecurityHI.framework/Versions/A/SecurityHI
0x00007fff507d1000 	/System/Library/PrivateFrameworks/DebugSymbols.framework/Versions/A/DebugSymbols
0x00000001152bc000 	/Library/Java/JavaVirtualMachines/jdk1.8.0_251.jdk/Contents/Home/jre/lib/libawt_lwawt.dylib
0x00000001073ba000 	/Library/Java/JavaVirtualMachines/jdk1.8.0_251.jdk/Contents/Home/jre/lib/libosxapp.dylib
0x00007fff38c35000 	/System/Library/Frameworks/ExceptionHandling.framework/Versions/A/ExceptionHandling
0x00007fff4facb000 	/System/Library/PrivateFrameworks/CoreServicesInternal.framework/Versions/A/CoreServicesInternal
0x00007fff38c54000 	/System/Library/Frameworks/FileProvider.framework/Versions/A/FileProvider
0x00007fff337ee000 	/System/Library/Frameworks/Accounts.framework/Versions/A/Accounts
0x00007fff57ea4000 	/System/Library/PrivateFrameworks/GenerationalStorage.framework/Versions/A/GenerationalStorage
0x00007fff66cdf000 	/System/Library/PrivateFrameworks/SymptomDiagnosticReporter.framework/Versions/A/SymptomDiagnosticReporter
0x00007fff49818000 	/System/Library/PrivateFrameworks/AppContainer.framework/Versions/A/AppContainer
0x00007fff6f6c5000 	/usr/lib/libsandbox.1.dylib
0x00007fff6862a000 	/System/Library/PrivateFrameworks/UserManagement.framework/Versions/A/UserManagement
0x00007fff4c5b9000 	/System/Library/PrivateFrameworks/ChunkingLibrary.framework/Versions/A/ChunkingLibrary
0x00007fff4988a000 	/System/Library/PrivateFrameworks/AppSandbox.framework/Versions/A/AppSandbox
0x00007fff642ac000 	/System/Library/PrivateFrameworks/SecCodeWrapper.framework/Versions/A/SecCodeWrapper
0x00007fff6d57c000 	/usr/lib/libMatch.1.dylib
0x00007fff297d2000 	/System/Library/CoreServices/RawCamera.bundle/Contents/MacOS/RawCamera
0x00007fff5d393000 	/System/Library/PrivateFrameworks/MobileAsset.framework/Versions/A/MobileAsset
0x00007fff66b87000 	/System/Library/PrivateFrameworks/StreamingZip.framework/Versions/A/StreamingZip
0x00007fff3b506000 	/System/Library/Frameworks/MediaToolbox.framework/Versions/A/MediaToolbox
0x00007fff4dfc4000 	/System/Library/PrivateFrameworks/CoreAVCHD.framework/Versions/A/CoreAVCHD
0x00007fff3b430000 	/System/Library/Frameworks/MediaAccessibility.framework/Versions/A/MediaAccessibility
0x00007fff5c748000 	/System/Library/PrivateFrameworks/Mangrove.framework/Versions/A/Mangrove
0x00007fff378ff000 	/System/Library/Frameworks/CoreMedia.framework/Versions/A/CoreMedia
0x00007fff5c9b4000 	/System/Library/PrivateFrameworks/MediaExperience.framework/Versions/A/MediaExperience
0x00007fff443c6000 	/System/Library/Frameworks/VideoToolbox.framework/Versions/A/VideoToolbox
0x00007fff4dbee000 	/System/Library/PrivateFrameworks/CoreAUC.framework/Versions/A/CoreAUC
0x00007fff6f71d000 	/usr/lib/libspindump.dylib
0x00007fff4ac56000 	/System/Library/PrivateFrameworks/AudioResourceArbitration.framework/Versions/A/AudioResourceArbitration
0x00007fff4a66c000 	/System/Library/PrivateFrameworks/AppleVA.framework/Versions/A/AppleVA
0x00007fff3236c000 	/System/Library/Frameworks/Accelerate.framework/Versions/A/Frameworks/vImage.framework/Versions/A/Libraries/libCGInterfaces.dylib
0x00000001155f8000 	/usr/lib/libobjc-trampolines.dylib
0x00007fff52f37000 	/System/Library/PrivateFrameworks/FontServices.framework/libTrueTypeScaler.dylib
0x00007fff2f0e4000 	/System/Library/Extensions/AppleIntelKBLGraphicsMTLDriver.bundle/Contents/MacOS/AppleIntelKBLGraphicsMTLDriver
0x00007fff564c1000 	/System/Library/PrivateFrameworks/GPUCompiler.framework/Versions/3902/Libraries/libmetal_timestamp.dylib
0x00007fff5276f000 	/System/Library/PrivateFrameworks/FamilyControls.framework/Versions/A/FamilyControls
0x00007fff4d4a3000 	/System/Library/PrivateFrameworks/CommerceKit.framework/Versions/A/Frameworks/CommerceCore.framework/Versions/A/CommerceCore
0x00007fff66d59000 	/System/Library/PrivateFrameworks/SystemAdministration.framework/Versions/A/SystemAdministration
0x00007fff50cfd000 	/System/Library/PrivateFrameworks/DiskManagement.framework/Versions/A/DiskManagement
0x00007fff38980000 	/System/Library/Frameworks/DirectoryService.framework/Versions/A/DirectoryService
0x00007fff50c34000 	/System/Library/PrivateFrameworks/DiskImages.framework/Versions/A/DiskImages
0x00007fff5bf54000 	/System/Library/PrivateFrameworks/LoginUIKit.framework/Versions/A/Frameworks/LoginUICore.framework/Versions/A/LoginUICore
0x00007fff6d1e3000 	/usr/lib/libCoreStorage.dylib
0x00007fff6e359000 	/usr/lib/libcsfde.dylib
0x00007fff6f5d8000 	/usr/lib/libodfde.dylib
0x00007fff5ca3f000 	/System/Library/PrivateFrameworks/MediaKit.framework/Versions/A/MediaKit
0x00007fff3898c000 	/System/Library/Frameworks/DiscRecording.framework/Versions/A/DiscRecording
0x00007fff50eb3000 	/System/Library/PrivateFrameworks/EFILogin.framework/Versions/A/EFILogin
0x00007fff62330000 	/System/Library/PrivateFrameworks/ProtectedCloudStorage.framework/Versions/A/ProtectedCloudStorage
0x00007fff6e3cd000 	/usr/lib/libcurl.4.dylib
0x00007fff6e252000 	/usr/lib/libcrypto.44.dylib
0x00007fff6f9fd000 	/usr/lib/libssl.46.dylib
0x00007fff3b09f000 	/System/Library/Frameworks/LDAP.framework/Versions/A/LDAP
0x00007fff67726000 	/System/Library/PrivateFrameworks/TrustEvaluationAgent.framework/Versions/A/TrustEvaluationAgent
0x00007fff6f70a000 	/usr/lib/libsasl2.2.dylib
0x00007fff4e33e000 	/System/Library/PrivateFrameworks/CoreDaemon.framework/Versions/B/CoreDaemon
0x00007fff4a582000 	/System/Library/PrivateFrameworks/AppleSRP.framework/Versions/A/AppleSRP
0x00007fff693f6000 	/System/Library/PrivateFrameworks/ViewBridge.framework/Versions/A/ViewBridge
0x00007fff6a684000 	/System/Library/PrivateFrameworks/login.framework/Versions/A/login
0x00007fff41268000 	/System/Library/Frameworks/OpenGL.framework/Versions/A/Resources/GLEngine.bundle/GLEngine
0x00007fff4064b000 	/System/Library/Frameworks/OpenGL.framework/Versions/A/Libraries/libGLProgrammability.dylib
0x00007fff2e0dc000 	/System/Library/Extensions/AppleIntelKBLGraphicsGLDriver.bundle/Contents/MacOS/AppleIntelKBLGraphicsGLDriver
0x00007fff57b73000 	/System/Library/PrivateFrameworks/GPUSupport.framework/Versions/A/Libraries/libGPUSupportMercury.dylib
0x00007fff413e2000 	/System/Library/Frameworks/OpenGL.framework/Versions/A/Resources/GLRendererFloat.bundle/GLRendererFloat
0x00007fff3fc04000 	/System/Library/Frameworks/OpenCL.framework/Versions/A/Libraries/libcldcpuengine.dylib
0x00000001270af000 	/Library/Java/JavaVirtualMachines/jdk1.8.0_251.jdk/Contents/Home/jre/lib/libfontmanager.dylib
0x00007fff59025000 	/System/Library/PrivateFrameworks/HDRProcessing.framework/Versions/A/HDRProcessing
0x0000000128127000 	/Library/Java/JavaVirtualMachines/jdk1.8.0_251.jdk/Contents/Home/jre/lib/libosxui.dylib
0x0000000128505000 	/Library/Java/JavaVirtualMachines/jdk1.8.0_251.jdk/Contents/Home/jre/lib/libnet.dylib
0x000000012845d000 	/Library/Java/JavaVirtualMachines/jdk1.8.0_251.jdk/Contents/Home/jre/lib/libnio.dylib
0x00000001281c7000 	/private/var/folders/wt/6v8wq9rd4kj7s31p3gp7lg880000gn/T/jogamp_0000/file_cache/jln7239140343996104617/jln5912497336639122357/libgluegen-rt.jnilib
0x00000001281cb000 	/private/var/folders/wt/6v8wq9rd4kj7s31p3gp7lg880000gn/T/jogamp_0000/file_cache/jln7239140343996104617/jln5912497336639122357/libnativewindow_awt.jnilib
0x00000001284ad000 	/Library/Java/JavaVirtualMachines/jdk1.8.0_251.jdk/Contents/Home/jre/lib/libjawt.dylib
0x000000019642b000 	/private/var/folders/wt/6v8wq9rd4kj7s31p3gp7lg880000gn/T/jogamp_0000/file_cache/jln7239140343996104617/jln5912497336639122357/libnativewindow_macosx.jnilib
0x0000000196638000 	/private/var/folders/wt/6v8wq9rd4kj7s31p3gp7lg880000gn/T/jogamp_0000/file_cache/jln7239140343996104617/jln5912497336639122357/libjogl_desktop.jnilib
0x000000019e468000 	/Library/Java/JavaVirtualMachines/jdk1.8.0_251.jdk/Contents/Home/jre/lib/libt2k.dylib

VM Arguments:
jvm_args: -Djava.security.policy=java.policy.applet -Dfile.encoding=UTF-8 
java_command: sun.applet.AppletViewer module4.EarthquakeCityMap1593207136800.html
java_class_path (initial): /Users/jingjie_ma/Desktop/UCSDUnfoldingMaps/build:/Users/jingjie_ma/Desktop/UCSDUnfoldingMaps/lib/core.jar:/Users/jingjie_ma/Desktop/UCSDUnfoldingMaps/lib/gluegen-rt.jar:/Users/jingjie_ma/Desktop/UCSDUnfoldingMaps/lib/jogl-all.jar:/Users/jingjie_ma/Desktop/UCSDUnfoldingMaps/lib/log4j-1.2.15.jar:/Users/jingjie_ma/Desktop/UCSDUnfoldingMaps/lib/sqlite-jdbc-3.7.2.jar:/Users/jingjie_ma/Desktop/UCSDUnfoldingMaps/lib/json4processing.jar:/Users/jingjie_ma/Desktop/UCSDUnfoldingMaps/lib/libTUIO.jar:/Users/jingjie_ma/Desktop/UCSDUnfoldingMaps/lib/unfolding.0.9.7-uscd.jar
Launcher Type: SUN_STANDARD

Environment Variables:
PATH=/usr/bin:/bin:/usr/sbin:/sbin
SHELL=/bin/bash

Signal Handlers:
SIGSEGV: [libjvm.dylib+0x5bc2ff], sa_mask[0]=11111111011111110111111111111111, sa_flags=SA_ONSTACK|SA_RESTART|SA_SIGINFO
SIGBUS: [libjvm.dylib+0x5bc2ff], sa_mask[0]=11111111011111110111111111111111, sa_flags=SA_RESTART|SA_SIGINFO
SIGFPE: [libjvm.dylib+0x48d41c], sa_mask[0]=11111111011111110111111111111111, sa_flags=SA_RESTART|SA_SIGINFO
SIGPIPE: [libjvm.dylib+0x48d41c], sa_mask[0]=11111111011111110111111111111111, sa_flags=SA_RESTART|SA_SIGINFO
SIGXFSZ: [libjvm.dylib+0x48d41c], sa_mask[0]=11111111011111110111111111111111, sa_flags=SA_RESTART|SA_SIGINFO
SIGILL: [libjvm.dylib+0x48d41c], sa_mask[0]=11111111011111110111111111111111, sa_flags=SA_RESTART|SA_SIGINFO
SIGUSR1: SIG_DFL, sa_mask[0]=00000000000000000000000000000000, sa_flags=none
SIGUSR2: [libjvm.dylib+0x48cf3a], sa_mask[0]=00100000000000000000000000000000, sa_flags=SA_RESTART|SA_SIGINFO
SIGHUP: [libjvm.dylib+0x48b4c5], sa_mask[0]=11111111011111110111111111111111, sa_flags=SA_RESTART|SA_SIGINFO
SIGINT: [libjvm.dylib+0x48b4c5], sa_mask[0]=11111111011111110111111111111111, sa_flags=SA_RESTART|SA_SIGINFO
SIGTERM: [libjvm.dylib+0x48b4c5], sa_mask[0]=11111111011111110111111111111111, sa_flags=SA_RESTART|SA_SIGINFO
SIGQUIT: [libjvm.dylib+0x48b4c5], sa_mask[0]=11111111011111110111111111111111, sa_flags=SA_RESTART|SA_SIGINFO


---------------  S Y S T E M  ---------------

OS:Bsduname:Darwin 19.5.0 Darwin Kernel Version 19.5.0: Tue May 26 20:41:44 PDT 2020; root:xnu-6153.121.2~2/RELEASE_X86_64 x86_64
rlimit: STACK 8192k, CORE 0k, NPROC 2784, NOFILE 10240, AS infinity
load average:2.18 2.11 1.92

CPU:total 8 (initial active 8) (4 cores per cpu, 2 threads per core) family 6 model 142 stepping 10, cmov, cx8, fxsr, mmx, sse, sse2, sse3, ssse3, sse4.1, sse4.2, popcnt, avx, avx2, aes, clmul, erms, 3dnowpref, lzcnt, ht, tsc, tscinvbit, bmi1, bmi2, adx

Memory: 4k page, physical 16777216k(1583080k free)

/proc/meminfo:


vm_info: Java HotSpot(TM) 64-Bit Server VM (25.251-b08) for bsd-amd64 JRE (1.8.0_251-b08), built on Mar 12 2020 02:36:37 by "java_re" with gcc 4.2.1 (Based on Apple Inc. build 5658) (LLVM build 2336.11.00)

time: Fri Jun 26 17:48:09 2020
timezone: EDT
elapsed time: 952 seconds (0d 0h 15m 52s)

